[[1;34mINFO[m] Scanning for projects...
[[1;34mINFO[m] 
[[1;34mINFO[m] [1m-----------------------< [0;36morg.eolang:eo-runtime[0;1m >------------------------[m
[[1;34mINFO[m] [1mBuilding eo-runtime 1.0-SNAPSHOT[m
[[1;34mINFO[m] [1m--------------------------------[ jar ]---------------------------------[m
[[1;34mINFO[m] 
[[1;34mINFO[m] [1m--- [0;32mmaven-clean-plugin:3.2.0:clean[m [1m(default-clean)[m @ [36meo-runtime[0;1m ---[m
[[1;34mINFO[m] Deleting /home/tardis3/eo/eo-runtime/target
[[1;34mINFO[m] 
[[1;34mINFO[m] [1m--- [0;32mmaven-enforcer-plugin:3.3.0:enforce[m [1m(enforce-java)[m @ [36meo-runtime[0;1m ---[m
[[1;34mINFO[m] Rule 0: org.apache.maven.enforcer.rules.version.RequireJavaVersion passed
[[1;34mINFO[m] 
[[1;34mINFO[m] [1m--- [0;32mmaven-enforcer-plugin:3.3.0:enforce[m [1m(enforce-maven)[m @ [36meo-runtime[0;1m ---[m
[[1;34mINFO[m] Rule 0: org.apache.maven.enforcer.rules.version.RequireMavenVersion passed
[[1;34mINFO[m] 
[[1;34mINFO[m] [1m--- [0;32mbuildnumber-maven-plugin:3.1.0:create[m [1m(jcabi-build-number)[m @ [36meo-runtime[0;1m ---[m
[[1;34mINFO[m] ShortRevision tag detected. The value is '7'.
[[1;34mINFO[m] Executing: /bin/sh -c cd '/home/tardis3/eo/eo-runtime' && 'git' 'rev-parse' '--verify' '--short=7' 'HEAD'
[[1;34mINFO[m] Working directory: /home/tardis3/eo/eo-runtime
[[1;34mINFO[m] Storing buildNumber: 8f9003a at timestamp: 2023-10-02T12:44:56
[[1;34mINFO[m] Storing scmBranch: 2509_return-option
[[1;34mINFO[m] 
[[1;34mINFO[m] [1m--- [0;32mbuildnumber-maven-plugin:3.1.0:create-timestamp[m [1m(jcabi-build-number)[m @ [36meo-runtime[0;1m ---[m
[[1;34mINFO[m] Skipping because we are not in root module.
[[1;34mINFO[m] 
[[1;34mINFO[m] [1m--- [0;32mjacoco-maven-plugin:0.8.10:prepare-agent[m [1m(jacoco-initialize)[m @ [36meo-runtime[0;1m ---[m
[[1;34mINFO[m] argLine set to -javaagent:/home/tardis3/.m2/repository/org/jacoco/org.jacoco.agent/0.8.10/org.jacoco.agent-0.8.10-runtime.jar=destfile=/home/tardis3/eo/eo-runtime/target/jacoco.exec
[[1;34mINFO[m] 
[[1;34mINFO[m] [1m--- [0;32meo-maven-plugin:1.0-SNAPSHOT:register[m [1m(compile)[m @ [36meo-runtime[0;1m ---[m
[[1;34mINFO[m] Registered 24 EO sources from ./home/tardis3/eo/eo-runtime/src/main/eo to ./home/tardis3/eo/eo-runtime/target/eo-foreign.csv, included [**.eo], excluded []
[[1;34mINFO[m] 
[[1;34mINFO[m] [1m--- [0;32meo-maven-plugin:1.0-SNAPSHOT:assemble[m [1m(compile)[m @ [36meo-runtime[0;1m ---[m
[[1;34mINFO[m] 51 attributes loaded from 40 stream(s) in 162ms, 51 saved, 469 ignored: ["Agent-Class", "Archiver-Version", "Automatic-Module-Name", "Bnd-LastModified", "Build-Jdk", "Build-Jdk-Spec", "Built-By", "Bundle-ContactAddress", "Bundle-Description", "Bundle-DocURL", "Bundle-License", "Bundle-ManifestVersion", "Bundle-Name", "Bundle-RequiredExecutionEnvironment", "Bundle-SymbolicName", "Bundle-Vendor", "Bundle-Version", "Can-Redefine-Classes", "Can-Retransform-Classes", "Can-Set-Native-Method-Prefix", "Created-By", "Dependencies", "EO-Dob", "EO-Revision", "EO-Version", "Export-Package", "Extension-Name", "Implementation-Build", "Implementation-Title", "Implementation-URL", "Implementation-Vendor", "Implementation-Vendor-Id", "Implementation-Version", "Import-Package", "Include-Resource", "JCabi-Build", "JCabi-Date", "JCabi-Version", "Main-Class", "Manifest-Version", "Multi-Release", "Originally-Created-By", "Premain-Class", "Project-Name", "Require-Capability", "Specification-Title", "Specification-Vendor", "Specification-Version", "Tool", "X-Compile-Source-JDK", "X-Compile-Target-JDK"]
[[1;34mINFO[m] Parsed 24 .eo sources to XMIRs
[[1;33mWARNING[m] XSL 'not-empty-atoms' took 502ms (over 500ms)
[[1;33mWARNING[m] XSL 'not-empty-atoms' took 504ms (over 500ms)
[[1;33mWARNING[m] XSL 'not-empty-atoms' took 516ms (over 500ms)
[[1;33mWARNING[m] XSL 'not-empty-atoms' took 530ms (over 500ms)
[[1;33mWARNING[m] XSL 'not-empty-atoms' took 541ms (over 500ms)
[[1;33mWARNING[m] XSL 'not-empty-atoms' took 549ms (over 500ms)
[[1;33mWARNING[m] XSL 'not-empty-atoms' took 560ms (over 500ms)
[[1;33mWARNING[m] XSL 'not-empty-atoms' took 573ms (over 500ms)
[[1;33mWARNING[m] XSL 'not-empty-atoms' took 580ms (over 500ms)
[[1;33mWARNING[m] XSL 'not-empty-atoms' took 591ms (over 500ms)
[[1;33mWARNING[m] XSL 'not-empty-atoms' took 690ms (over 500ms)
[[1;33mWARNING[m] XSL 'not-empty-atoms' took 703ms (over 500ms)
[[1;34mINFO[m] Shift #0 via 'globals-to-abstracts' made no changes
[[1;34mINFO[m] Shift #0 via 'globals-to-abstracts' made no changes
[[1;34mINFO[m] Shift #0 via 'globals-to-abstracts' made no changes
[[1;34mINFO[m] Shift #0 via 'globals-to-abstracts' made no changes
[[1;34mINFO[m] Shift #0 via 'globals-to-abstracts' made no changes
[[1;34mINFO[m] Shift #0 via 'globals-to-abstracts' made no changes
[[1;34mINFO[m] Shift #0 via 'globals-to-abstracts' made no changes
[[1;34mINFO[m] Shift #0 via 'globals-to-abstracts' made no changes
[[1;34mINFO[m] Shift #0 via 'globals-to-abstracts' made no changes
[[1;34mINFO[m] Shift #0 via 'globals-to-abstracts' made no changes
[[1;34mINFO[m] Shift #0 via 'globals-to-abstracts' made no changes
[[1;34mINFO[m] Shift #0 via 'globals-to-abstracts' made no changes
[[1;34mINFO[m] Shift #0 via 'globals-to-abstracts' made no changes
[[1;34mINFO[m] Shift #0 via 'globals-to-abstracts' made no changes
[[1;34mINFO[m] Shift #0 via 'globals-to-abstracts' made no changes
[[1;34mINFO[m] Shift #0 via 'globals-to-abstracts' made no changes
[[1;34mINFO[m] Shift #0 via 'globals-to-abstracts' made no changes
[[1;34mINFO[m] Shift #0 via 'globals-to-abstracts' made no changes
[[1;34mINFO[m] Shift #0 via 'globals-to-abstracts' made no changes
[[1;34mINFO[m] Shift #0 via 'globals-to-abstracts' made no changes
[[1;34mINFO[m] Shift #0 via 'globals-to-abstracts' made no changes
[[1;34mINFO[m] Shift #0 via 'globals-to-abstracts' made no changes
[[1;34mINFO[m] Shift #0 via 'globals-to-abstracts' made no changes
[[1;34mINFO[m] Shift #0 via 'globals-to-abstracts' made no changes
[[1;34mINFO[m] Shift #0 via 'globals-to-abstracts' made no changes
[[1;34mINFO[m] Shift #0 via 'globals-to-abstracts' made no changes
[[1;34mINFO[m] Shift #0 via 'globals-to-abstracts' made no changes
[[1;34mINFO[m] Shift #0 via 'globals-to-abstracts' made no changes
[[1;34mINFO[m] Shift #0 via 'globals-to-abstracts' made no changes
[[1;34mINFO[m] Shift #0 via 'globals-to-abstracts' made no changes
[[1;34mINFO[m] Shift #0 via 'globals-to-abstracts' made no changes
[[1;34mINFO[m] Shift #0 via 'globals-to-abstracts' made no changes
[[1;34mINFO[m] Shift #0 via 'globals-to-abstracts' made no changes
[[1;34mINFO[m] Shift #0 via 'globals-to-abstracts' made no changes
[[1;34mINFO[m] Shift #0 via 'globals-to-abstracts' made no changes
[[1;34mINFO[m] Shift #0 via 'globals-to-abstracts' made no changes
[[1;34mINFO[m] Shift #0 via 'globals-to-abstracts' made no changes
[[1;34mINFO[m] Shift #0 via 'globals-to-abstracts' made no changes
[[1;34mINFO[m] Shift #0 via 'globals-to-abstracts' made no changes
[[1;34mINFO[m] Shift #0 via 'globals-to-abstracts' made no changes
[[1;34mINFO[m] Shift #0 via 'globals-to-abstracts' made no changes
[[1;34mINFO[m] Shift #0 via 'globals-to-abstracts' made no changes
[[1;34mINFO[m] Shift #0 via 'globals-to-abstracts' made no changes
[[1;34mINFO[m] Shift #0 via 'globals-to-abstracts' made no changes
[[1;34mINFO[m] Shift #0 via 'globals-to-abstracts' made no changes
[[1;34mINFO[m] Shift #0 via 'globals-to-abstracts' made no changes
[[1;34mINFO[m] Shift #0 via 'globals-to-abstracts' made no changes
[[1;34mINFO[m] Shift #0 via 'globals-to-abstracts' made no changes
[[1;34mINFO[m] Shift #0 via 'globals-to-abstracts' made no changes
[[1;34mINFO[m] Shift #0 via 'globals-to-abstracts' made no changes
[[1;34mINFO[m] Shift #0 via 'globals-to-abstracts' made no changes
[[1;34mINFO[m] Shift #0 via 'globals-to-abstracts' made no changes
[[1;34mINFO[m] Shift #0 via 'globals-to-abstracts' made no changes
[[1;34mINFO[m] Shift #0 via 'globals-to-abstracts' made no changes
[[1;34mINFO[m] Shift #0 via 'globals-to-abstracts' made no changes
[[1;34mINFO[m] Shift #0 via 'globals-to-abstracts' made no changes
[[1;34mINFO[m] Shift #0 via 'globals-to-abstracts' made no changes
[[1;34mINFO[m] Shift #0 via 'globals-to-abstracts' made no changes
[[1;34mINFO[m] Shift #0 via 'globals-to-abstracts' made no changes
[[1;34mINFO[m] Shift #0 via 'globals-to-abstracts' made no changes
[[1;34mINFO[m] Shift #0 via 'globals-to-abstracts' made no changes
[[1;34mINFO[m] Shift #0 via 'globals-to-abstracts' made no changes
[[1;34mINFO[m] Shift #0 via 'globals-to-abstracts' made no changes
[[1;34mINFO[m] Shift #0 via 'globals-to-abstracts' made no changes
[[1;34mINFO[m] Shift #0 via 'globals-to-abstracts' made no changes
[[1;34mINFO[m] Shift #0 via 'globals-to-abstracts' made no changes
[[1;34mINFO[m] Shift #0 via 'globals-to-abstracts' made no changes
[[1;34mINFO[m] Shift #0 via 'globals-to-abstracts' made no changes
[[1;34mINFO[m] Shift #0 via 'globals-to-abstracts' made no changes
[[1;34mINFO[m] Shift #0 via 'globals-to-abstracts' made no changes
[[1;34mINFO[m] Shift #0 via 'globals-to-abstracts' made no changes
[[1;34mINFO[m] Shift #0 via 'globals-to-abstracts' made no changes
[[1;34mINFO[m] Optimized 24 out of 24 XMIR program(s)
[[1;34mINFO[m] Discovered 13 foreign objects in 24 programs: [org.eolang.bool, org.eolang.nan, org.eolang.try, org.eolang.string, org.eolang.float, org.eolang.positive-infinity, org.eolang.memory, org.eolang.int, org.eolang.negative-infinity, org.eolang.error, org.eolang.bytes, org.eolang.tuple, org.eolang.seq]
[[1;34mINFO[m] Probing object(s): [index.eq.if, cases.at.at.if, cases.at.at, cases.length.eq.if, cases.length.eq]
[[1;34mINFO[m] Probing object(s): [value.as-bytes.eq, value.neg.as-bytes, index.eq.if, terms.at.neg]
[[1;34mINFO[m] Probing object(s): [value.as-bytes.eq.or.not, value.as-bytes.eq.or, value.as-bytes.eq, x.as-bytes.eq.not, x.as-bytes.eq, t.as-bytes.eq, num.eq.not, index.eq.if, acc.gt.if, x.length.eq.if, x.length.eq, terms-count.eq.if]
[[1;34mINFO[m] Probing object(s): [x.as-bytes.eq, x.neg.as-bytes, x.plus.gt, index.eq.if, terms.at.neg]
[[1;34mINFO[m] Probing object(s): [value.as-bytes.eq.or.not, value.as-bytes.eq.or, value.as-bytes.eq, x.as-bytes.eq.not, x.as-bytes.eq, t.as-bytes.eq, num.eq.not, index.eq.if, acc.gt.if, x.length.eq.if, x.length.eq, terms-count.eq.if]
[[1;34mINFO[m] Probing object(s): [new-next.gt.if]
[[1;34mINFO[m] 0 program(s) were pulled: []
[[1;34mINFO[m] The directory is absent, nothing to place: ./home/tardis3/eo/eo-runtime/target/eo/4-resolve
[[1;34mINFO[m] Assemble cycle #1 (EO:24/XMIR:0/OPTIMIZED:0/DISCOVERED:0/PROBED:0 -> EO:24/XMIR:24/OPTIMIZED:24/DISCOVERED:20/PROBED:24), took 12s
[[1;34mINFO[m] No .eo sources parsed to XMIRs
[[1;34mINFO[m] Discovered 7 foreign objects in 4 programs: [org.eolang.nan, org.eolang.bool, org.eolang.try, org.eolang.float, org.eolang.positive-infinity, org.eolang.tuple, org.eolang.int]
[[1;34mINFO[m] Nothing to probe, all programs checked already
[[1;34mINFO[m] 0 program(s) were pulled: []
[[1;34mINFO[m] The directory is absent, nothing to place: ./home/tardis3/eo/eo-runtime/target/eo/4-resolve
[[1;34mINFO[m] Assemble cycle #2 (EO:24/XMIR:24/OPTIMIZED:24/DISCOVERED:20/PROBED:24 -> EO:24/XMIR:24/OPTIMIZED:24/DISCOVERED:24/PROBED:24), took 35ms
[[1;34mINFO[m] No .eo sources parsed to XMIRs
[[1;34mINFO[m] Nothing to discover, all programs checked already
[[1;34mINFO[m] Nothing to probe, all programs checked already
[[1;34mINFO[m] 0 program(s) were pulled: []
[[1;34mINFO[m] The directory is absent, nothing to place: ./home/tardis3/eo/eo-runtime/target/eo/4-resolve
[[1;34mINFO[m] Assemble cycle #3 (EO:24/XMIR:24/OPTIMIZED:24/DISCOVERED:24/PROBED:24 -> EO:24/XMIR:24/OPTIMIZED:24/DISCOVERED:24/PROBED:24), took 13ms
[[1;34mINFO[m] 3 assemble cycle(s) produced some new object(s): EO:24/XMIR:24/OPTIMIZED:24/DISCOVERED:24/PROBED:24
[[1;34mINFO[m] 
[[1;34mINFO[m] [1m--- [0;32meo-maven-plugin:1.0-SNAPSHOT:transpile[m [1m(compile)[m @ [36meo-runtime[0;1m ---[m
[[1;33mWARNING[m] XSL 'StUnhex' took 667ms (over 500ms)
[[1;34mINFO[m] Generated 2 .java file(s) from ./home/tardis3/eo/eo-runtime/target/eo/6-transpile/org/eolang/string.xmir to ./home/tardis3/eo/eo-runtime/target/generated-sources
[[1;34mINFO[m] Generated 1 .java file(s) from ./home/tardis3/eo/eo-runtime/target/eo/6-transpile/org/eolang/io/stdin.xmir to ./home/tardis3/eo/eo-runtime/target/generated-sources
[[1;34mINFO[m] Generated 1 .java file(s) from ./home/tardis3/eo/eo-runtime/target/eo/6-transpile/org/eolang/cti.xmir to ./home/tardis3/eo/eo-runtime/target/generated-sources
[[1;34mINFO[m] Generated 9 .java file(s) from ./home/tardis3/eo/eo-runtime/target/eo/6-transpile/org/eolang/float.xmir to ./home/tardis3/eo/eo-runtime/target/generated-sources
[[1;34mINFO[m] Generated 4 .java file(s) from ./home/tardis3/eo/eo-runtime/target/eo/6-transpile/org/eolang/bool.xmir to ./home/tardis3/eo/eo-runtime/target/generated-sources
[[1;34mINFO[m] Generated 4 .java file(s) from ./home/tardis3/eo/eo-runtime/target/eo/6-transpile/org/eolang/switch.xmir to ./home/tardis3/eo/eo-runtime/target/generated-sources
[[1;34mINFO[m] Generated 11 .java file(s) from ./home/tardis3/eo/eo-runtime/target/eo/6-transpile/org/eolang/nan.xmir to ./home/tardis3/eo/eo-runtime/target/generated-sources
[[1;34mINFO[m] Generated 9 .java file(s) from ./home/tardis3/eo/eo-runtime/target/eo/6-transpile/org/eolang/int.xmir to ./home/tardis3/eo/eo-runtime/target/generated-sources
[[1;34mINFO[m] Generated 1 .java file(s) from ./home/tardis3/eo/eo-runtime/target/eo/6-transpile/org/eolang/nop.xmir to ./home/tardis3/eo/eo-runtime/target/generated-sources
[[1;34mINFO[m] Generated 28 .java file(s) from ./home/tardis3/eo/eo-runtime/target/eo/6-transpile/org/eolang/positive-infinity.xmir to ./home/tardis3/eo/eo-runtime/target/generated-sources
[[1;34mINFO[m] Generated 6 .java file(s) from ./home/tardis3/eo/eo-runtime/target/eo/6-transpile/org/eolang/heap.xmir to ./home/tardis3/eo/eo-runtime/target/generated-sources
[[1;34mINFO[m] Generated 4 .java file(s) from ./home/tardis3/eo/eo-runtime/target/eo/6-transpile/org/eolang/bytes.xmir to ./home/tardis3/eo/eo-runtime/target/generated-sources
[[1;34mINFO[m] Generated 1 .java file(s) from ./home/tardis3/eo/eo-runtime/target/eo/6-transpile/org/eolang/tuple.xmir to ./home/tardis3/eo/eo-runtime/target/generated-sources
[[1;34mINFO[m] Generated 28 .java file(s) from ./home/tardis3/eo/eo-runtime/target/eo/6-transpile/org/eolang/negative-infinity.xmir to ./home/tardis3/eo/eo-runtime/target/generated-sources
[[1;34mINFO[m] Generated 2 .java file(s) from ./home/tardis3/eo/eo-runtime/target/eo/6-transpile/org/eolang/ram.xmir to ./home/tardis3/eo/eo-runtime/target/generated-sources
[[1;34mINFO[m] Transpiled 24 XMIRs, created 1094 Java files in ./home/tardis3/eo/eo-runtime/target/generated-sources
[[1;34mINFO[m] The directory added to Maven 'compile-source-root': ./home/tardis3/eo/eo-runtime/target/generated-sources
[[1;34mINFO[m] 
[[1;34mINFO[m] [1m--- [0;32mmaven-resources-plugin:3.3.1:resources[m [1m(default-resources)[m @ [36meo-runtime[0;1m ---[m
[[1;34mINFO[m] Copying 3 resources from src/main/resources to target/classes
[[1;34mINFO[m] 
[[1;34mINFO[m] [1m--- [0;32mmaven-compiler-plugin:3.8.1:compile[m [1m(default-compile)[m @ [36meo-runtime[0;1m ---[m
[[1;34mINFO[m] Changes detected - recompiling the module!
[[1;34mINFO[m] Compiling 224 source files to /home/tardis3/eo/eo-runtime/target/classes
[[1;34mINFO[m] /home/tardis3/eo/eo-runtime/src/main/java/EOorg/EOeolang/EOint$EOtimes.java: Some input files use unchecked or unsafe operations.
[[1;34mINFO[m] /home/tardis3/eo/eo-runtime/src/main/java/EOorg/EOeolang/EOint$EOtimes.java: Recompile with -Xlint:unchecked for details.
[[1;34mINFO[m] 
[[1;34mINFO[m] [1m--- [0;32meo-maven-plugin:1.0-SNAPSHOT:register[m [1m(test-compile)[m @ [36meo-runtime[0;1m ---[m
[[1;34mINFO[m] Registered 24 EO sources from ./home/tardis3/eo/eo-runtime/src/test/eo to ./home/tardis3/eo/eo-runtime/target/eo-foreign.csv, included [**.eo], excluded []
[[1;34mINFO[m] 
[[1;34mINFO[m] [1m--- [0;32meo-maven-plugin:1.0-SNAPSHOT:assemble[m [1m(test-compile)[m @ [36meo-runtime[0;1m ---[m
[[1;34mINFO[m] Parsed 24 .eo sources to XMIRs
[[1;33mWARNING[m] XSL 'resolve-aliases' took 713ms (over 500ms)
[[1;33mWARNING[m] XSL 'scopes' took 523ms (over 500ms)
[[1;33mWARNING[m] XSL 'resolve-aliases' took 521ms (over 500ms)
[[1;33mWARNING[m] XSL 'add-refs' took 515ms (over 500ms)
[[1;33mWARNING[m] XSL 'resolve-aliases' took 634ms (over 500ms)
[[1;33mWARNING[m] XSL 'add-refs' took 763ms (over 500ms)
[[1;33mWARNING[m] XSL 'add-refs' took 513ms (over 500ms)
[[1;33mWARNING[m] XSL 'add-refs' took 601ms (over 500ms)
[[1;33mWARNING[m] XSL 'add-refs' took 578ms (over 500ms)
[[1;33mWARNING[m] XSL 'add-refs' took 513ms (over 500ms)
[[1;33mWARNING[m] XSL 'unknown-names' took 569ms (over 500ms)
[[1;33mWARNING[m] XSL 'mandatory-package-meta' took 507ms (over 500ms)
[[1;33mWARNING[m] XSL 'duplicate-names' took 553ms (over 500ms)
[[1;33mWARNING[m] XSL 'duplicate-metas' took 652ms (over 500ms)
[[1;33mWARNING[m] XSL 'add-default-package' took 765ms (over 500ms)
[[1;33mWARNING[m] XSL 'add-default-package' took 647ms (over 500ms)
[[1;33mWARNING[m] XSL 'add-default-package' took 689ms (over 500ms)
[[1;33mWARNING[m] XSL 'add-default-package' took 693ms (over 500ms)
[[1;33mWARNING[m] XSL 'broken-refs' took 733ms (over 500ms)
[[1;33mWARNING[m] XSL 'unknown-names' took 697ms (over 500ms)
[[1;33mWARNING[m] XSL 'broken-refs' took 596ms (over 500ms)
[[1;33mWARNING[m] XSL 'broken-refs' took 691ms (over 500ms)
[[1;33mWARNING[m] XSL 'duplicate-names' took 716ms (over 500ms)
[[1;33mWARNING[m] XSL 'mandatory-home-meta' took 649ms (over 500ms)
[[1;33mWARNING[m] XSL 'noname-attributes' took 818ms (over 500ms)
[[1;33mWARNING[m] XSL 'mandatory-home-meta' took 666ms (over 500ms)
[[1;33mWARNING[m] XSL 'add-default-package' took 914ms (over 500ms)
[[1;33mWARNING[m] XSL 'broken-refs' took 763ms (over 500ms)
[[1;33mWARNING[m] XSL 'broken-refs' took 706ms (over 500ms)
[[1;33mWARNING[m] XSL 'duplicate-names' took 573ms (over 500ms)
[[1;33mWARNING[m] XSL 'mandatory-version-meta' took 529ms (over 500ms)
[[1;33mWARNING[m] XSL 'duplicate-names' took 572ms (over 500ms)
[[1;33mWARNING[m] XSL 'duplicate-metas' took 531ms (over 500ms)
[[1;33mWARNING[m] XSL 'duplicate-metas' took 501ms (over 500ms)
[[1;33mWARNING[m] XSL 'duplicate-names' took 533ms (over 500ms)
[[1;34mINFO[m] Shift #0 via 'globals-to-abstracts' made no changes
[[1;34mINFO[m] Shift #0 via 'globals-to-abstracts' made no changes
[[1;34mINFO[m] Shift #0 via 'globals-to-abstracts' made no changes
[[1;34mINFO[m] Shift #0 via 'globals-to-abstracts' made no changes
[[1;34mINFO[m] Shift #0 via 'globals-to-abstracts' made no changes
[[1;34mINFO[m] Shift #0 via 'globals-to-abstracts' made no changes
[[1;34mINFO[m] Shift #0 via 'globals-to-abstracts' made no changes
[[1;34mINFO[m] Shift #0 via 'globals-to-abstracts' made no changes
[[1;34mINFO[m] Shift #0 via 'globals-to-abstracts' made no changes
[[1;34mINFO[m] Shift #0 via 'globals-to-abstracts' made no changes
[[1;34mINFO[m] Shift #0 via 'globals-to-abstracts' made no changes
[[1;34mINFO[m] Shift #0 via 'globals-to-abstracts' made no changes
[[1;34mINFO[m] Shift #0 via 'globals-to-abstracts' made no changes
[[1;34mINFO[m] Shift #0 via 'globals-to-abstracts' made no changes
[[1;34mINFO[m] Shift #0 via 'globals-to-abstracts' made no changes
[[1;33mWARNING[m] XSL 'prohibited-package' took 605ms (over 500ms)
[[1;34mINFO[m] Shift #0 via 'globals-to-abstracts' made no changes
[[1;34mINFO[m] Shift #0 via 'globals-to-abstracts' made no changes
[[1;34mINFO[m] Shift #0 via 'globals-to-abstracts' made no changes
[[1;33mWARNING[m] XSL 'unit-test-without-phi' took 588ms (over 500ms)
[[1;33mWARNING[m] XSL 'fix-missed-names' took 664ms (over 500ms)
[[1;33mWARNING[m] XSL 'add-refs' took 670ms (over 500ms)
[[1;33mWARNING[m] XSL 'remove-levels' took 597ms (over 500ms)
[[1;33mWARNING[m] XSL 'unit-test-without-phi' took 600ms (over 500ms)
[[1;33mWARNING[m] XSL 'unit-test-without-phi' took 508ms (over 500ms)
[[1;33mWARNING[m] XSL 'broken-refs' took 676ms (over 500ms)
[[1;33mWARNING[m] XSL 'explicit-data' took 697ms (over 500ms)
[[1;33mWARNING[m] XSL 'fix-missed-names' took 504ms (over 500ms)
[[1;34mINFO[m] Shift #0 via 'globals-to-abstracts' made no changes
[[1;33mWARNING[m] XSL 'abstracts-float-up' took 508ms (over 500ms)
[[1;34mINFO[m] Shift #0 via 'globals-to-abstracts' made no changes
[[1;34mINFO[m] Shift #0 via 'globals-to-abstracts' made no changes
[[1;33mWARNING[m] XSL 'set-locators' took 696ms (over 500ms)
[[1;33mWARNING[m] XSL 'add-refs' took 896ms (over 500ms)
[[1;33mWARNING[m] XSL 'explicit-data' took 800ms (over 500ms)
[[1;34mINFO[m] Shift #0 via 'globals-to-abstracts' made no changes
[[1;34mINFO[m] Shift #0 via 'globals-to-abstracts' made no changes
[[1;34mINFO[m] Shift #0 via 'globals-to-abstracts' made no changes
[[1;33mWARNING[m] XSL 'explicit-data' took 503ms (over 500ms)
[[1;33mWARNING[m] XSL 'globals-to-abstracts' took 650ms (over 500ms)
[[1;34mINFO[m] Shift #0 via 'globals-to-abstracts' made no changes
[[1;33mWARNING[m] XSL 'add-refs' took 673ms (over 500ms)
[[1;34mINFO[m] Shift #0 via 'globals-to-abstracts' made no changes
[[1;34mINFO[m] Shift #0 via 'globals-to-abstracts' made no changes
[[1;33mWARNING[m] XSL 'globals-to-abstracts' took 1s (over 500ms)
[[1;33mWARNING[m] XSL 'set-locators' took 846ms (over 500ms)
[[1;33mWARNING[m] XSL 'set-locators' took 1s (over 500ms)
[[1;33mWARNING[m] XSL 'broken-refs' took 518ms (over 500ms)
[[1;33mWARNING[m] XSL 'add-refs' took 1s (over 500ms)
[[1;33mWARNING[m] XSL 'globals-to-abstracts' took 617ms (over 500ms)
[[1;33mWARNING[m] XSL 'set-locators' took 994ms (over 500ms)
[[1;33mWARNING[m] XSL 'add-refs' took 530ms (over 500ms)
[[1;33mWARNING[m] XSL 'broken-refs' took 612ms (over 500ms)
[[1;33mWARNING[m] XSL 'broken-refs' took 619ms (over 500ms)
[[1;34mINFO[m] Shift #0 via 'globals-to-abstracts' made no changes
[[1;34mINFO[m] Shift #0 via 'globals-to-abstracts' made no changes
[[1;34mINFO[m] Shift #0 via 'globals-to-abstracts' made no changes
[[1;33mWARNING[m] XSL 'globals-to-abstracts' took 621ms (over 500ms)
[[1;33mWARNING[m] XSL 'add-refs' took 876ms (over 500ms)
[[1;33mWARNING[m] XSL 'globals-to-abstracts' took 896ms (over 500ms)
[[1;33mWARNING[m] XSL 'constant-folding' took 592ms (over 500ms)
[[1;34mINFO[m] Shift #0 via 'globals-to-abstracts' made no changes
[[1;34mINFO[m] Shift #0 via 'globals-to-abstracts' made no changes
[[1;33mWARNING[m] XSL 'broken-refs' took 1s (over 500ms)
[[1;34mINFO[m] Shift #0 via 'globals-to-abstracts' made no changes
[[1;34mINFO[m] Shift #0 via 'globals-to-abstracts' made no changes
[[1;34mINFO[m] Shift #0 via 'globals-to-abstracts' made no changes
[[1;34mINFO[m] Shift #0 via 'globals-to-abstracts' made no changes
[[1;33mWARNING[m] XSL 'globals-to-abstracts' took 501ms (over 500ms)
[[1;33mWARNING[m] XSL 'globals-to-abstracts' took 744ms (over 500ms)
[[1;33mWARNING[m] XSL 'broken-aliases' took 524ms (over 500ms)
[[1;33mWARNING[m] XSL 'constant-folding' took 538ms (over 500ms)
[[1;33mWARNING[m] XSL 'remove-levels' took 595ms (over 500ms)
[[1;33mWARNING[m] XSL 'globals-to-abstracts' took 957ms (over 500ms)
[[1;33mWARNING[m] XSL 'add-refs' took 815ms (over 500ms)
[[1;33mWARNING[m] XSL 'not-empty-atoms' took 694ms (over 500ms)
[[1;33mWARNING[m] XSL 'add-refs' took 515ms (over 500ms)
[[1;33mWARNING[m] XSL 'abstracts-float-up' took 564ms (over 500ms)
[[1;33mWARNING[m] XSL 'abstracts-float-up' took 523ms (over 500ms)
[[1;33mWARNING[m] XSL 'remove-levels' took 639ms (over 500ms)
[[1;33mWARNING[m] XSL 'add-refs' took 775ms (over 500ms)
[[1;33mWARNING[m] XSL 'abstracts-float-up' took 662ms (over 500ms)
[[1;33mWARNING[m] XSL 'fix-missed-names' took 812ms (over 500ms)
[[1;33mWARNING[m] XSL 'many-free-attributes' took 693ms (over 500ms)
[[1;33mWARNING[m] XSL 'set-locators' took 531ms (over 500ms)
[[1;33mWARNING[m] XSL 'abstracts-float-up' took 835ms (over 500ms)
[[1;33mWARNING[m] XSL 'add-refs' took 685ms (over 500ms)
[[1;33mWARNING[m] XSL 'many-free-attributes' took 691ms (over 500ms)
[[1;33mWARNING[m] XSL 'abstracts-float-up' took 1s (over 500ms)
[[1;33mWARNING[m] XSL 'many-free-attributes' took 1s (over 500ms)
[[1;33mWARNING[m] XSL 'broken-refs' took 518ms (over 500ms)
[[1;33mWARNING[m] XSL 'set-locators' took 947ms (over 500ms)
[[1;33mWARNING[m] XSL 'set-locators' took 607ms (over 500ms)
[[1;33mWARNING[m] XSL 'not-empty-atoms' took 542ms (over 500ms)
[[1;33mWARNING[m] XSL 'many-free-attributes' took 1s (over 500ms)
[[1;33mWARNING[m] XSL 'add-refs' took 717ms (over 500ms)
[[1;33mWARNING[m] XSL 'add-refs' took 708ms (over 500ms)
[[1;33mWARNING[m] XSL 'duplicate-names' took 558ms (over 500ms)
[[1;33mWARNING[m] XSL 'fix-missed-names' took 528ms (over 500ms)
[[1;33mWARNING[m] XSL 'add-refs' took 583ms (over 500ms)
[[1;33mWARNING[m] XSL 'not-empty-atoms' took 803ms (over 500ms)
[[1;33mWARNING[m] XSL 'broken-refs' took 759ms (over 500ms)
[[1;33mWARNING[m] XSL 'constant-folding' took 882ms (over 500ms)
[[1;33mWARNING[m] XSL 'duplicate-aliases' took 757ms (over 500ms)
[[1;33mWARNING[m] XSL 'duplicate-aliases' took 578ms (over 500ms)
[[1;33mWARNING[m] XSL 'wrap-method-calls' took 590ms (over 500ms)
[[1;33mWARNING[m] XSL 'add-refs' took 766ms (over 500ms)
[[1;33mWARNING[m] XSL 'not-empty-atoms' took 519ms (over 500ms)
[[1;33mWARNING[m] XSL 'wrap-method-calls' took 702ms (over 500ms)
[[1;33mWARNING[m] XSL 'set-locators' took 884ms (over 500ms)
[[1;33mWARNING[m] XSL 'not-empty-atoms' took 779ms (over 500ms)
[[1;33mWARNING[m] XSL 'set-locators' took 504ms (over 500ms)
[[1;34mINFO[m] Shift #0 via 'globals-to-abstracts' made no changes
[[1;34mINFO[m] Shift #0 via 'globals-to-abstracts' made no changes
[[1;34mINFO[m] Shift #0 via 'globals-to-abstracts' made no changes
[[1;34mINFO[m] Shift #0 via 'globals-to-abstracts' made no changes
[[1;34mINFO[m] Shift #0 via 'globals-to-abstracts' made no changes
[[1;34mINFO[m] Shift #0 via 'globals-to-abstracts' made no changes
[[1;34mINFO[m] Shift #0 via 'globals-to-abstracts' made no changes
[[1;34mINFO[m] Shift #0 via 'globals-to-abstracts' made no changes
[[1;34mINFO[m] Shift #0 via 'globals-to-abstracts' made no changes
[[1;34mINFO[m] Shift #0 via 'globals-to-abstracts' made no changes
[[1;34mINFO[m] Shift #0 via 'globals-to-abstracts' made no changes
[[1;34mINFO[m] Shift #0 via 'globals-to-abstracts' made no changes
[[1;34mINFO[m] Shift #0 via 'globals-to-abstracts' made no changes
[[1;34mINFO[m] Shift #0 via 'globals-to-abstracts' made no changes
[[1;34mINFO[m] Shift #0 via 'globals-to-abstracts' made no changes
[[1;34mINFO[m] Shift #0 via 'globals-to-abstracts' made no changes
[[1;34mINFO[m] Shift #0 via 'globals-to-abstracts' made no changes
[[1;34mINFO[m] Shift #0 via 'globals-to-abstracts' made no changes
[[1;34mINFO[m] Shift #0 via 'globals-to-abstracts' made no changes
[[1;34mINFO[m] Shift #0 via 'globals-to-abstracts' made no changes
[[1;34mINFO[m] Shift #0 via 'globals-to-abstracts' made no changes
[[1;34mINFO[m] Shift #0 via 'globals-to-abstracts' made no changes
[[1;34mINFO[m] Shift #0 via 'globals-to-abstracts' made no changes
[[1;34mINFO[m] Shift #0 via 'globals-to-abstracts' made no changes
[[1;34mINFO[m] Shift #0 via 'globals-to-abstracts' made no changes
[[1;34mINFO[m] Shift #0 via 'globals-to-abstracts' made no changes
[[1;34mINFO[m] Shift #0 via 'globals-to-abstracts' made no changes
[[1;34mINFO[m] Shift #0 via 'globals-to-abstracts' made no changes
[[1;34mINFO[m] Shift #0 via 'globals-to-abstracts' made no changes
[[1;34mINFO[m] Shift #0 via 'globals-to-abstracts' made no changes
[[1;34mINFO[m] Shift #0 via 'globals-to-abstracts' made no changes
[[1;34mINFO[m] Shift #0 via 'globals-to-abstracts' made no changes
[[1;34mINFO[m] Shift #0 via 'globals-to-abstracts' made no changes
[[1;34mINFO[m] Shift #0 via 'globals-to-abstracts' made no changes
[[1;34mINFO[m] Shift #0 via 'globals-to-abstracts' made no changes
[[1;34mINFO[m] Shift #0 via 'globals-to-abstracts' made no changes
[[1;34mINFO[m] Optimized 24 out of 24 XMIR program(s)
[[1;34mINFO[m] Discovered 21 foreign objects in 24 programs: [org.eolang.switch, org.eolang.cti, org.eolang.bool, org.eolang.nan, org.eolang.try, org.eolang.string, org.eolang.float, org.eolang.positive-infinity, org.eolang.memory, org.eolang.int, org.eolang.nop, org.eolang.negative-infinity, org.eolang.heap, org.eolang.io.stdout, org.eolang.as-phi, org.eolang.goto, org.eolang.bytes, org.eolang.tuple, org.eolang.cage, org.eolang.seq, org.eolang.ram]
[[1;34mINFO[m] Probing object(s): [int.lt.eq, int.lt.not.eq, int.lt.not, int.gt.eq, int.gt.not.eq, int.gt.not, int.lte.eq, int.lte.not.eq, int.lte.not, int.gte.eq, int.gte.not.eq, int.gte.not, int.eq.eq.and.eq, int.eq.eq.and, int.eq.eq, int.eq.not.eq, int.eq.not, n.lt.if, n.eq.if, dividend.div.eq, int.div.eq, int.as-bytes.as-int.eq, int.as-bytes.as-int, int.as-bytes.eq, int.times.eq, int.minus.eq]
[[1;34mINFO[m] Probing object(s): [s.slice.as-string, w.eq.and.eq, w.eq.and, r.slice.as-int.eq, r.slice.as-int, r.slice.slice.as-string, r.slice.slice, r.slice.write, s.slice.slice.slice, s.slice.slice]
[[1;34mINFO[m] Probing object(s): [bool.eq.not, int.eq.if.eq, int.eq.if, x.write.eq.and, x.write.eq, mFirst.write.eq.and.not.and, mFirst.write.eq.and.not, mFirst.write.eq.and, mThird.write.eq.and.not, mThird.write.eq.and, mFirst.write.eq.or.and, mFirst.write.eq.or, mFirst.write.eq, mThird.write.eq.or, mThird.write.eq, bool.eq.and, bytes.as-bytes.eq.and, bytes.as-bytes.eq, m.as-int.gt.eq.while, m.as-int.gt.eq, m.as-int.gt, m.as-int.minus, x.as-int.lt.while.eq, x.as-int.lt.while, x.as-int.lt, x.as-int.plus]
[[1;34mINFO[m] Probing object(s): [positive-infinity.eq.not, pos-inf.lt.eq, positive-infinity.lt.eq, pos-inf.lte.eq, positive-infinity.lte.eq, pos-inf.gt.not, positive-infinity.gt.not, pos-inf.gte.eq, positive-infinity.gte.eq, float.eq.eq.and.eq, float.eq.eq.and, float.eq.eq, positive-infinity.as-bytes.eq, float.div.as-bytes]
[[1;34mINFO[m] Probing object(s): [m.as-int.plus, a.x.write, a.x.as-int.eq, a.x.as-int, seq.and.eq, b.write.eq]
[[1;34mINFO[m] Probing object(s): [float.eq.eq, float.neg.eq, float.times.as-bytes.eq, float.times.as-bytes, float.plus.as-bytes.eq, float.plus.as-bytes, float.minus.as-bytes.eq, float.minus.as-bytes, float.div.as-bytes.eq, float.div.as-bytes, float.gt.eq, float.gte.eq, float.lt.eq, float.lte.eq, float.minus.eq, float.times.eq, float.div.eq, float.as-bytes.as-float.eq, float.as-bytes.as-float, float.as-bytes.eq, float.plus.eq]
[[1;34mINFO[m] Probing object(s): [i.as-int.plus, i.as-int.lt.if, i.as-int.lt, x.eq.if, div.eq.and.eq, div.eq.and, a.gt.if]
[[1;34mINFO[m] Probing object(s): [b.hello.eq, this.x.eq, i.lt.if, x.as-bool.while, &.x.write, a.neg.neg.neg.neg.eq, a.neg.neg.neg.neg, a.neg.neg.neg, a.neg.neg, n.as-int.gt.if, n.as-int.gt, n.as-int.minus, args.at.plus, go.as-bool.while, org.eolang.memory, m.as-int.minus, a.foo.eq, vtx.eq.and, org.eolang.io.stdout, org.eolang.io, org.eolang, x.as-int.plus, n.times.eq, b1.v.write, b2.v.write, b1.v.eq, pyint.add.eq, f.next.plus]
[[1;34mINFO[m] Probing object(s): [nan.eq.not, not-a-number.eq.not, nan.lt.eq, not-a-number.lt.eq, nan.lte.eq, not-a-number.lte.eq, nan.gt.eq, not-a-number.gt.eq, nan.gte.eq, not-a-number.gte.eq, not-a-number.times.as-bytes.eq, not-a-number.times.as-bytes, not-a-number.div.as-bytes.eq, not-a-number.div.as-bytes, not-a-number.plus.as-bytes.eq, not-a-number.plus.as-bytes, not-a-number.neg.as-bytes.eq, not-a-number.neg.as-bytes, not-a-number.minus.as-bytes.eq, not-a-number.minus.as-bytes, nan.as-bytes.eq, float.div.as-bytes]
[[1;34mINFO[m] Probing object(s): [c.x.x, ma.as-int.plus, mb.as-int.plus, cb.z.plus]
[[1;34mINFO[m] Probing object(s): [seq.gt.not, counter.as-float.plus, counter.as-int.plus]
[[1;34mINFO[m] Probing object(s): [negative-infinity.eq.not, neg-inf.lt.eq, negative-infinity.lt.eq, neg-inf.lte.eq, negative-infinity.lte.eq, neg-inf.gt.not, negative-infinity.gt.eq, neg-inf.gte.eq, negative-infinity.gte.eq, negative-infinity.as-bytes.eq, float.div.as-bytes]
[[1;34mINFO[m] Probing object(s): [org.eolang.io.stdout, org.eolang.io, org.eolang, m.as-int.plus]
[[1;34mINFO[m] Probing object(s): [string.length.eq, nan.eq.not, positive-infinity.eq.eq, negative-infinity.eq.not, string.as-bytes.eq, string.eq.not, string.eq.eq, string.slice.eq]
[[1;34mINFO[m] Probing object(s): [arr.elements.length.eq, arr.elements.length, anArray.length.eq, anArray.at.eq, a.length.eq, tuple.length.eq, a.at.eq, tuple.with.with.with, tuple.with.with, arr.at.eq.and, arr.at.eq]
[[1;34mINFO[m] Probing object(s): [p1.eq.not, p2.gte.or.eq, p2.gte.or, mem.write.eq, p1.block.write.and.eq, p1.block.write.and, p1.block.write, p2.block.eq, p3.block.eq]
[[1;34mINFO[m] Probing object(s): [r.lt.not, try.slice.eq, dataized.lt.not, res.eq.and, org.eolang.rust, org.eolang, applied.content.eq]
[[1;34mINFO[m] Probing object(s): [bytes.slice.eq, bytes.slice.size.eq, bytes.slice.size, bytes.as-string.eq, int.as-bytes.left.eq.eq, int.as-bytes.left.eq.not, int.as-bytes.left.eq, int.as-bytes.left, int.as-bytes.right.eq.eq, int.as-bytes.right.eq.not, int.as-bytes.right.eq, int.as-bytes.right, int.as-bytes.and.eq.not, int.as-bytes.and.eq, int.as-bytes.or.eq.not, int.as-bytes.or.eq, int.as-bytes.or.as-int.eq.not, int.as-bytes.xor.eq.not, int.as-bytes.xor.eq, int.as-bytes.xor.as-int.eq.not, int.as-bytes.eq.not, int.as-bytes.eq, int.as-bytes.not, a.and.eq, bytes.size.eq, bytes.as-bool.eq.not, bytes.as-bool.eq, a.concat.eq, b1.concat.eq, bytes.concat.eq, string.as-bytes.concat, s-bytes.as-string.eq, int.as-bytes.and.as-int.eq, int.as-bytes.and.as-int, int.as-bytes.and, int.as-bytes.xor.as-int.eq, int.as-bytes.xor.as-int, int.as-bytes.xor, int.as-bytes.or.as-int.eq, int.as-bytes.or.as-int, int.as-bytes.or, b.as-string.as-bytes, b.as-int.as-bytes, b.as-float.as-bytes, b.as-bool.as-bytes]
[[1;34mINFO[m] Probing object(s): [as-phi.length.gt]
[[1;34mINFO[m] Found 4 probe(s) in 24 program(s): [org.eolang.memory, org.eolang.io.stdout, org.eolang.rust, org.eolang.io.stdout]
[[1;34mINFO[m] 0 program(s) were pulled: []
[[1;34mINFO[m] The directory is absent, nothing to place: ./home/tardis3/eo/eo-runtime/target/eo-test/4-resolve
[[1;34mINFO[m] Assemble cycle #1 (EO:24/XMIR:0/OPTIMIZED:0/DISCOVERED:0/PROBED:0 -> EO:24/XMIR:24/OPTIMIZED:24/DISCOVERED:24/PROBED:24), took 27s
[[1;34mINFO[m] No .eo sources parsed to XMIRs
[[1;34mINFO[m] Nothing to discover, all programs checked already
[[1;34mINFO[m] Nothing to probe, all programs checked already
[[1;34mINFO[m] 0 program(s) were pulled: []
[[1;34mINFO[m] The directory is absent, nothing to place: ./home/tardis3/eo/eo-runtime/target/eo-test/4-resolve
[[1;34mINFO[m] Assemble cycle #2 (EO:24/XMIR:24/OPTIMIZED:24/DISCOVERED:24/PROBED:24 -> EO:24/XMIR:24/OPTIMIZED:24/DISCOVERED:24/PROBED:24), took 9ms
[[1;34mINFO[m] 2 assemble cycle(s) produced some new object(s): EO:24/XMIR:24/OPTIMIZED:24/DISCOVERED:24/PROBED:24
[[1;34mINFO[m] 
[[1;34mINFO[m] [1m--- [0;32meo-maven-plugin:1.0-SNAPSHOT:transpile[m [1m(test-compile)[m @ [36meo-runtime[0;1m ---[m
[[1;34mINFO[m] Generated 2 .java file(s) from ./home/tardis3/eo/eo-runtime/target/eo-test/6-transpile/org/eolang/nop-tests.xmir to ./home/tardis3/eo/eo-runtime/target/generated-test-sources
[[1;34mINFO[m] Generated 2 .java file(s) from ./home/tardis3/eo/eo-runtime/target/eo-test/6-transpile/org/eolang/unit-tests.xmir to ./home/tardis3/eo/eo-runtime/target/generated-test-sources
[[1;34mINFO[m] Generated 1 .java file(s) from ./home/tardis3/eo/eo-runtime/target/eo-test/6-transpile/org/eolang/io/stdout-tests.xmir to ./home/tardis3/eo/eo-runtime/target/generated-test-sources
[[1;33mWARNING[m] XSL 'StUnhex' took 719ms (over 500ms)
[[1;33mWARNING[m] XSL 'StUnhex' took 758ms (over 500ms)
[[1;33mWARNING[m] XSL 'StUnhex' took 782ms (over 500ms)
[[1;33mWARNING[m] XSL 'StUnhex' took 1s (over 500ms)
[[1;34mINFO[m] Generated 4 .java file(s) from ./home/tardis3/eo/eo-runtime/target/eo-test/6-transpile/org/eolang/seq-tests.xmir to ./home/tardis3/eo/eo-runtime/target/generated-test-sources
[[1;33mWARNING[m] XSL 'StUnhex' took 1s (over 500ms)
[[1;34mINFO[m] Generated 20 .java file(s) from ./home/tardis3/eo/eo-runtime/target/eo-test/6-transpile/org/eolang/nan-tests.xmir to ./home/tardis3/eo/eo-runtime/target/generated-test-sources
[[1;33mWARNING[m] XSL 'classes' took 521ms (over 500ms)
[[1;33mWARNING[m] XSL 'StUnhex' took 2s (over 500ms)
[[1;34mINFO[m] Generated 6 .java file(s) from ./home/tardis3/eo/eo-runtime/target/eo-test/6-transpile/org/eolang/switch-tests.xmir to ./home/tardis3/eo/eo-runtime/target/generated-test-sources
[[1;34mINFO[m] Generated 5 .java file(s) from ./home/tardis3/eo/eo-runtime/target/eo-test/6-transpile/org/eolang/ram-tests.xmir to ./home/tardis3/eo/eo-runtime/target/generated-test-sources
[[1;33mWARNING[m] XSL 'StUnhex' took 717ms (over 500ms)
[[1;33mWARNING[m] XSL 'StUnhex' took 4s (over 500ms)
[[1;34mINFO[m] Generated 12 .java file(s) from ./home/tardis3/eo/eo-runtime/target/eo-test/6-transpile/org/eolang/memory-tests.xmir to ./home/tardis3/eo/eo-runtime/target/generated-test-sources
[[1;33mWARNING[m] XSL 'rename-tests-inners' took 501ms (over 500ms)
[[1;34mINFO[m] Generated 5 .java file(s) from ./home/tardis3/eo/eo-runtime/target/eo-test/6-transpile/org/eolang/goto-tests.xmir to ./home/tardis3/eo/eo-runtime/target/generated-test-sources
[[1;33mWARNING[m] XSL 'StUnhex' took 1s (over 500ms)
[[1;34mINFO[m] Generated 28 .java file(s) from ./home/tardis3/eo/eo-runtime/target/eo-test/6-transpile/org/eolang/positive-infinity-tests.xmir to ./home/tardis3/eo/eo-runtime/target/generated-test-sources
[[1;33mWARNING[m] XSL 'StUnhex' took 5s (over 500ms)
[[1;33mWARNING[m] XSL 'rename-tests-inners' took 510ms (over 500ms)
[[1;33mWARNING[m] XSL 'package' took 641ms (over 500ms)
[[1;34mINFO[m] Generated 10 .java file(s) from ./home/tardis3/eo/eo-runtime/target/eo-test/6-transpile/org/eolang/cage-tests.xmir to ./home/tardis3/eo/eo-runtime/target/generated-test-sources
[[1;33mWARNING[m] XSL 'package' took 571ms (over 500ms)
[[1;33mWARNING[m] XSL 'StUnhex' took 6s (over 500ms)
[[1;33mWARNING[m] XSL 'varargs' took 584ms (over 500ms)
[[1;34mINFO[m] Generated 27 .java file(s) from ./home/tardis3/eo/eo-runtime/target/eo-test/6-transpile/org/eolang/negative-infinity-tests.xmir to ./home/tardis3/eo/eo-runtime/target/generated-test-sources
[[1;33mWARNING[m] XSL 'varargs' took 619ms (over 500ms)
[[1;34mINFO[m] Generated 14 .java file(s) from ./home/tardis3/eo/eo-runtime/target/eo-test/6-transpile/org/eolang/bool-tests.xmir to ./home/tardis3/eo/eo-runtime/target/generated-test-sources
[[1;34mINFO[m] Generated 6 .java file(s) from ./home/tardis3/eo/eo-runtime/target/eo-test/6-transpile/org/eolang/try-tests.xmir to ./home/tardis3/eo/eo-runtime/target/generated-test-sources
[[1;33mWARNING[m] XSL 'rename-tests-inners' took 677ms (over 500ms)
[[1;33mWARNING[m] XSL 'package' took 822ms (over 500ms)
[[1;33mWARNING[m] XSL 'attrs' took 852ms (over 500ms)
[[1;33mWARNING[m] XSL 'StUnhex' took 2s (over 500ms)
[[1;34mINFO[m] Generated 36 .java file(s) from ./home/tardis3/eo/eo-runtime/target/eo-test/6-transpile/org/eolang/int-tests.xmir to ./home/tardis3/eo/eo-runtime/target/generated-test-sources
[[1;33mWARNING[m] XSL 'tests' took 623ms (over 500ms)
[[1;33mWARNING[m] XSL 'varargs' took 649ms (over 500ms)
[[1;33mWARNING[m] XSL 'attrs' took 686ms (over 500ms)
[[1;34mINFO[m] Generated 32 .java file(s) from ./home/tardis3/eo/eo-runtime/target/eo-test/6-transpile/org/eolang/string-tests.xmir to ./home/tardis3/eo/eo-runtime/target/generated-test-sources
[[1;34mINFO[m] Generated 1 .java file(s) from ./home/tardis3/eo/eo-runtime/target/eo-test/6-transpile/org/eolang/cti-test.xmir to ./home/tardis3/eo/eo-runtime/target/generated-test-sources
[[1;34mINFO[m] Generated 6 .java file(s) from ./home/tardis3/eo/eo-runtime/target/eo-test/6-transpile/org/eolang/heap-tests.xmir to ./home/tardis3/eo/eo-runtime/target/generated-test-sources
[[1;34mINFO[m] Generated 19 .java file(s) from ./home/tardis3/eo/eo-runtime/target/eo-test/6-transpile/org/eolang/tuple-tests.xmir to ./home/tardis3/eo/eo-runtime/target/generated-test-sources
[[1;33mWARNING[m] XSL 'attrs' took 753ms (over 500ms)
[[1;33mWARNING[m] XSL 'varargs' took 509ms (over 500ms)
[[1;34mINFO[m] Generated 76 .java file(s) from ./home/tardis3/eo/eo-runtime/target/eo-test/6-transpile/org/eolang/float-tests.xmir to ./home/tardis3/eo/eo-runtime/target/generated-test-sources
[[1;33mWARNING[m] XSL 'tests' took 613ms (over 500ms)
[[1;34mINFO[m] Generated 16 .java file(s) from ./home/tardis3/eo/eo-runtime/target/eo-test/6-transpile/org/eolang/rust-tests.xmir to ./home/tardis3/eo/eo-runtime/target/generated-test-sources
[[1;34mINFO[m] Generated 2 .java file(s) from ./home/tardis3/eo/eo-runtime/target/eo-test/6-transpile/org/eolang/as-phi-tests.xmir to ./home/tardis3/eo/eo-runtime/target/generated-test-sources
[[1;34mINFO[m] Generated 42 .java file(s) from ./home/tardis3/eo/eo-runtime/target/eo-test/6-transpile/org/eolang/runtime-tests.xmir to ./home/tardis3/eo/eo-runtime/target/generated-test-sources
[[1;34mINFO[m] Generated 61 .java file(s) from ./home/tardis3/eo/eo-runtime/target/eo-test/6-transpile/org/eolang/bytes-tests.xmir to ./home/tardis3/eo/eo-runtime/target/generated-test-sources
[[1;34mINFO[m] Transpiled 24 XMIRs, created 3536 Java files in ./home/tardis3/eo/eo-runtime/target/generated-test-sources
[[1;34mINFO[m] The directory added to Maven 'test-compile-source-root': ./home/tardis3/eo/eo-runtime/target/generated-test-sources
[[1;34mINFO[m] 
[[1;34mINFO[m] [1m--- [0;32meo-maven-plugin:1.0-SNAPSHOT:binarize[m [1m(test-compile)[m @ [36meo-runtime[0;1m ---[m
[[1;34mINFO[m] Binarized native0.rs from org.eolang.rust-tests
[[1;34mINFO[m] Binarized native1.rs from org.eolang.rust-tests
[[1;34mINFO[m] Binarized native2.rs from org.eolang.rust-tests
[[1;34mINFO[m] Binarized native3.rs from org.eolang.rust-tests
[[1;34mINFO[m] Binarized native4.rs from org.eolang.rust-tests
[[1;34mINFO[m] Binarized native5.rs from org.eolang.rust-tests
[[1;34mINFO[m] Binarized native6.rs from org.eolang.rust-tests
[[1;34mINFO[m] Binarized native7.rs from org.eolang.rust-tests
[[1;34mINFO[m] Binarized native8.rs from org.eolang.rust-tests
[[1;34mINFO[m] Binarized native9.rs from org.eolang.rust-tests
[[1;34mINFO[m] Binarized native10.rs from org.eolang.rust-tests
[[1;34mINFO[m] Binarized native11.rs from org.eolang.rust-tests
[[1;34mINFO[m] Binarized native12.rs from org.eolang.rust-tests
[[1;34mINFO[m] Binarized native13.rs from org.eolang.rust-tests
[[1;34mINFO[m] Binarized native14.rs from org.eolang.rust-tests
[[1;34mINFO[m] Binarized native15.rs from org.eolang.rust-tests
[[1;34mINFO[m] Copying /home/tardis3/.eo/Lib/native13/target to /home/tardis3/eo/eo-runtime/target/eo-test/Lib/native13/target
[[1;34mINFO[m] Copying /home/tardis3/.eo/Lib/native15/target to /home/tardis3/eo/eo-runtime/target/eo-test/Lib/native15/target
[[1;34mINFO[m] Copying /home/tardis3/.eo/Lib/native8/target to /home/tardis3/eo/eo-runtime/target/eo-test/Lib/native8/target
[[1;34mINFO[m] Copying /home/tardis3/.eo/Lib/native14/target to /home/tardis3/eo/eo-runtime/target/eo-test/Lib/native14/target
[[1;34mINFO[m] Copying /home/tardis3/.eo/Lib/native6/target to /home/tardis3/eo/eo-runtime/target/eo-test/Lib/native6/target
[[1;34mINFO[m] Copying /home/tardis3/.eo/Lib/native3/target to /home/tardis3/eo/eo-runtime/target/eo-test/Lib/native3/target
[[1;34mINFO[m] Copying /home/tardis3/.eo/Lib/native10/target to /home/tardis3/eo/eo-runtime/target/eo-test/Lib/native10/target
[[1;34mINFO[m] Copying /home/tardis3/.eo/Lib/native12/target to /home/tardis3/eo/eo-runtime/target/eo-test/Lib/native12/target
[[1;34mINFO[m] Copying /home/tardis3/.eo/Lib/native9/target to /home/tardis3/eo/eo-runtime/target/eo-test/Lib/native9/target
[[1;34mINFO[m] Copying /home/tardis3/.eo/Lib/native4/target to /home/tardis3/eo/eo-runtime/target/eo-test/Lib/native4/target
[[1;34mINFO[m] Copying /home/tardis3/.eo/Lib/native11/target to /home/tardis3/eo/eo-runtime/target/eo-test/Lib/native11/target
[[1;34mINFO[m] Copying /home/tardis3/.eo/Lib/native1/target to /home/tardis3/eo/eo-runtime/target/eo-test/Lib/native1/target
[[1;34mINFO[m] Building native8 rust project..
[[1;34mINFO[m] Building native10 rust project..
[[1;34mINFO[m] Building native6 rust project..
[[1;34mINFO[m] Building native13 rust project..
[[1;34mINFO[m] Building native9 rust project..
[[1;34mINFO[m] Building native15 rust project..
[[1;34mINFO[m] Building native14 rust project..
[[1;34mINFO[m] Building native3 rust project..
[[1;34mINFO[m] Building native12 rust project..
[[1;34mINFO[m] Building native1 rust project..
[[1;34mINFO[m] Building native11 rust project..
[[1;34mINFO[m] Building native4 rust project..
[[1;34mINFO[m] Cargo building succeeded, update cached /home/tardis3/.eo/Lib/native13/target with /home/tardis3/eo/eo-runtime/target/eo-test/Lib/native13/target
[[1;34mINFO[m] Cargo building succeeded, update cached /home/tardis3/.eo/Lib/native1/target with /home/tardis3/eo/eo-runtime/target/eo-test/Lib/native1/target
[[1;34mINFO[m] Cargo building succeeded, update cached /home/tardis3/.eo/Lib/native4/target with /home/tardis3/eo/eo-runtime/target/eo-test/Lib/native4/target
[[1;34mINFO[m] Cargo building succeeded, update cached /home/tardis3/.eo/Lib/native11/target with /home/tardis3/eo/eo-runtime/target/eo-test/Lib/native11/target
[[1;34mINFO[m] Cargo building succeeded, update cached /home/tardis3/.eo/Lib/native14/target with /home/tardis3/eo/eo-runtime/target/eo-test/Lib/native14/target
[[1;34mINFO[m] Cargo building succeeded, update cached /home/tardis3/.eo/Lib/native8/target with /home/tardis3/eo/eo-runtime/target/eo-test/Lib/native8/target
[[1;34mINFO[m] Cargo building succeeded, update cached /home/tardis3/.eo/Lib/native3/target with /home/tardis3/eo/eo-runtime/target/eo-test/Lib/native3/target
[[1;34mINFO[m] Cargo building succeeded, update cached /home/tardis3/.eo/Lib/native9/target with /home/tardis3/eo/eo-runtime/target/eo-test/Lib/native9/target
[[1;34mINFO[m] Cargo building succeeded, update cached /home/tardis3/.eo/Lib/native15/target with /home/tardis3/eo/eo-runtime/target/eo-test/Lib/native15/target
[[1;34mINFO[m] Cargo building succeeded, update cached /home/tardis3/.eo/Lib/native6/target with /home/tardis3/eo/eo-runtime/target/eo-test/Lib/native6/target
[[1;34mINFO[m] Cargo building succeeded, update cached /home/tardis3/.eo/Lib/native10/target with /home/tardis3/eo/eo-runtime/target/eo-test/Lib/native10/target
[[1;34mINFO[m] Cargo building succeeded, update cached /home/tardis3/.eo/Lib/native12/target with /home/tardis3/eo/eo-runtime/target/eo-test/Lib/native12/target
[[1;34mINFO[m] Copying /home/tardis3/.eo/Lib/native5/target to /home/tardis3/eo/eo-runtime/target/eo-test/Lib/native5/target
[[1;34mINFO[m] Copying /home/tardis3/.eo/Lib/native2/target to /home/tardis3/eo/eo-runtime/target/eo-test/Lib/native2/target
[[1;34mINFO[m] Copying /home/tardis3/.eo/Lib/native7/target to /home/tardis3/eo/eo-runtime/target/eo-test/Lib/native7/target
[[1;34mINFO[m] Copying /home/tardis3/.eo/Lib/native0/target to /home/tardis3/eo/eo-runtime/target/eo-test/Lib/native0/target
[[1;34mINFO[m] Building native2 rust project..
[[1;34mINFO[m] Building native5 rust project..
[[1;34mINFO[m] Building native7 rust project..
[[1;34mINFO[m] Building native0 rust project..
[[1;34mINFO[m] Cargo building succeeded, update cached /home/tardis3/.eo/Lib/native0/target with /home/tardis3/eo/eo-runtime/target/eo-test/Lib/native0/target
[[1;34mINFO[m] Cargo building succeeded, update cached /home/tardis3/.eo/Lib/native7/target with /home/tardis3/eo/eo-runtime/target/eo-test/Lib/native7/target
[[1;34mINFO[m] Cargo building succeeded, update cached /home/tardis3/.eo/Lib/native2/target with /home/tardis3/eo/eo-runtime/target/eo-test/Lib/native2/target
[[1;34mINFO[m] Cargo building succeeded, update cached /home/tardis3/.eo/Lib/native5/target with /home/tardis3/eo/eo-runtime/target/eo-test/Lib/native5/target
[[1;34mINFO[m] Built in total 16 cargo projects
[[1;34mINFO[m] 
[[1;34mINFO[m] [1m--- [0;32mmaven-resources-plugin:3.3.1:testResources[m [1m(default-testResources)[m @ [36meo-runtime[0;1m ---[m
[[1;34mINFO[m] Copying 4 resources from src/test/resources to target/test-classes
[[1;34mINFO[m] The encoding used to copy filtered properties files have not been set. This means that the same encoding will be used to copy filtered properties files as when copying other filtered resources. This might not be what you want! Run your build with --debug to see which files might be affected. Read more at https://maven.apache.org/plugins/maven-resources-plugin/examples/filtering-properties-files.html
[[1;34mINFO[m] 
[[1;34mINFO[m] [1m--- [0;32mmaven-compiler-plugin:3.8.1:testCompile[m [1m(default-testCompile)[m @ [36meo-runtime[0;1m ---[m
[[1;34mINFO[m] Changes detected - recompiling the module!
[[1;34mINFO[m] Compiling 485 source files to /home/tardis3/eo/eo-runtime/target/test-classes
[[1;34mINFO[m] /home/tardis3/eo/eo-runtime/src/test/java/org/eolang/ExprReduceTest.java: /home/tardis3/eo/eo-runtime/src/test/java/org/eolang/ExprReduceTest.java uses unchecked or unsafe operations.
[[1;34mINFO[m] /home/tardis3/eo/eo-runtime/src/test/java/org/eolang/ExprReduceTest.java: Recompile with -Xlint:unchecked for details.
[[1;34mINFO[m] 
[[1;34mINFO[m] [1m--- [0;32mmaven-surefire-plugin:3.1.0:test[m [1m(default-test)[m @ [36meo-runtime[0;1m ---[m
[[1;34mINFO[m] Tests will run in random order. To reproduce ordering use flag -Dsurefire.runOrder.random.seed=3327924724997
[[1;34mINFO[m] Using auto detected provider org.apache.maven.surefire.junitplatform.JUnitPlatformProvider
[[1;34mINFO[m] 
[[1;34mINFO[m] -------------------------------------------------------
[[1;34mINFO[m]  T E S T S
[[1;34mINFO[m] -------------------------------------------------------
[[1;34mINFO[m] Running EOorg.EOeolang.[1mEOtuple_as_a_bound_attribute_size_1Test[m
[[1;34mINFO[m] Running EOorg.EOeolang.[1mEOcompares_two_boolsTest[m
[[1;34mINFO[m] Running org.eolang.[1mPhNamedTest[m
[[1;34mINFO[m] Running EOorg.EOeolang.[1mEObitwise_worksTest[m
[[1;34mINFO[m] Running EOorg.EOeolang.[1mEOleq_falseTest[m
[[1;34mINFO[m] Running EOorg.EOeolang.[1mEOprints_itselfTest[m
[[1;34mINFO[m] Running EOorg.EOeolang.[1mEOright_with_odd_plusTest[m
[[1;34mINFO[m] Running EOorg.EOeolang.[1mEOzero_not_equal_to_neg_zeroTest[m
[[1;34mINFO[m] Running EOorg.EOeolang.[1mEOleq_equalTest[m
[[1;34mINFO[m] Running EOorg.EOeolang.[1mEOrust_returns_vertexTest[m
[[1;34mINFO[m] Running EOorg.EOeolang.[1mEOcalculates_only_once_BROKENTest[m
[[1;34mINFO[m] Running EOorg.EOeolang.[1mEOmultiply_several_argumentsTest[m
[[1;34mINFO[m] [1;32mTests run: [0;1;32m3[m, Failures: 0, Errors: 0, Skipped: 0, Time elapsed: 0.154 s - in EOorg.EOeolang.[1mEOprints_itselfTest[m
[[1;34mINFO[m] Running EOorg.EOeolang.[1mEOfloat_zero_not_equal_to_nanTest[m
[[1;34mINFO[m] [1;32mTests run: [0;1;32m1[m, Failures: 0, Errors: 0, Skipped: 0, Time elapsed: 0.154 s - in EOorg.EOeolang.[1mEOcompares_two_boolsTest[m
[[1;34mINFO[m] Running EOorg.EOeolang.[1mEOnan_not_gt_nanTest[m
[[1;34mINFO[m] [1;32mTests run: [0;1;32m2[m, Failures: 0, Errors: 0, Skipped: 0, Time elapsed: 0.154 s - in org.eolang.[1mPhNamedTest[m
[[1;34mINFO[m] Running EOorg.EOeolang.[1mEOseq_single_dataization_int_greater_than_testTest[m
[[1;34mINFO[m] [1mTests run: [0;1m0[m, Failures: 0, Errors: 0, Skipped: 0, Time elapsed: 0.169 s - in EOorg.EOeolang.[1mEOtuple_as_a_bound_attribute_size_1Test[m
[[1;34mINFO[m] [1mTests run: [0;1m0[m, Failures: 0, Errors: 0, Skipped: 0, Time elapsed: 0.174 s - in EOorg.EOeolang.[1mEOmultiply_several_argumentsTest[m
[[1;34mINFO[m] Running EOorg.EOeolang.[1mEOrust_put_to_copyTest[m
[[1;34mINFO[m] Running EOorg.EOeolang.[1mEOnegative_infinity_not_gte_nanTest[m
[[1;34mINFO[m] [1;32mTests run: [0;1;32m1[m, Failures: 0, Errors: 0, Skipped: 0, Time elapsed: 0.172 s - in EOorg.EOeolang.[1mEOright_with_odd_plusTest[m
[[1;34mINFO[m] [1mTests run: [0;1m0[m, Failures: 0, Errors: 0, Skipped: 0, Time elapsed: 0.186 s - in EOorg.EOeolang.[1mEObitwise_worksTest[m
[[1;34mINFO[m] Running EOorg.EOeolang.[1mEOneg_zero_not_equal_to_zeroTest[m
[[1;34mINFO[m] Running EOorg.EOeolang.[1mEOmemory_is_strictly_typed_bool_error_overflowTest[m
Hello world from rust
[[1;34mINFO[m] [1;32mTests run: [0;1;32m3[m, Failures: 0, Errors: 0, Skipped: 0, Time elapsed: 0.031 s - in EOorg.EOeolang.[1mEOnan_not_gt_nanTest[m
[[1;34mINFO[m] Running EOorg.EOeolang.[1mEOpositive_float_minus_negative_infinityTest[m
[[1;34mINFO[m] [1mTests run: [0;1m0[m, Failures: 0, Errors: 0, Skipped: 0, Time elapsed: 0.196 s - in EOorg.EOeolang.[1mEOzero_not_equal_to_neg_zeroTest[m
[[1;34mINFO[m] Running EOorg.EOeolang.[1mEOkids_are_accessible_in_const_objectTest[m
[[1;34mINFO[m] [1mTests run: [0;1m0[m, Failures: 0, Errors: 0, Skipped: 0, Time elapsed: 0.212 s - in EOorg.EOeolang.[1mEOleq_equalTest[m
[[1;34mINFO[m] Running EOorg.EOeolang.[1mEOnegative_infinity_not_gt_nanTest[m
[[1;34mINFO[m] [1;32mTests run: [0;1;32m1[m, Failures: 0, Errors: 0, Skipped: 0, Time elapsed: 0.05 s - in EOorg.EOeolang.[1mEOmemory_is_strictly_typed_bool_error_overflowTest[m
[[1;34mINFO[m] Running EOorg.EOeolang.[1mEOnegative_infinity_as_bytes_is_validTest[m
[[1;34mINFO[m] [1;32mTests run: [0;1;32m5[m, Failures: 0, Errors: 0, Skipped: 0, Time elapsed: 0.069 s - in EOorg.EOeolang.[1mEOkids_are_accessible_in_const_objectTest[m
[[1;34mINFO[m] Running EOorg.EOeolang.[1mEOforks_on_conditionTest[m
[[1;34mINFO[m] [1;32mTests run: [0;1;32m1[m, Failures: 0, Errors: 0, Skipped: 0, Time elapsed: 0.128 s - in EOorg.EOeolang.[1mEOfloat_zero_not_equal_to_nanTest[m
[[1;34mINFO[m] [1mTests run: [0;1m0[m, Failures: 0, Errors: 0, Skipped: 0, Time elapsed: 0.064 s - in EOorg.EOeolang.[1mEOnegative_infinity_not_gt_nanTest[m
[[1;34mINFO[m] Running EOorg.EOeolang.[1mEOswitch_simple_caseTest[m
[[1;34mINFO[m] [1mTests run: [0;1m0[m, Failures: 0, Errors: 0, Skipped: 0, Time elapsed: 0.293 s - in EOorg.EOeolang.[1mEOleq_falseTest[m
[[1;34mINFO[m] Running EOorg.EOeolang.[1mEOempty_tuple_lengthTest[m
[[1;34mINFO[m] Running EOorg.EOeolang.[1mEOor_with_zeroTest[m
[[1;34mINFO[m] [1mTests run: [0;1m0[m, Failures: 0, Errors: 0, Skipped: 0, Time elapsed: 0.107 s - in EOorg.EOeolang.[1mEOseq_single_dataization_int_greater_than_testTest[m
[[1;34mINFO[m] [1mTests run: [0;1m0[m, Failures: 0, Errors: 0, Skipped: 0, Time elapsed: 0.106 s - in EOorg.EOeolang.[1mEOneg_zero_not_equal_to_zeroTest[m
[[1;34mINFO[m] Running EOorg.EOeolang.[1mEOfloat_not_gt_nanTest[m
[[1;34mINFO[m] Running EOorg.EOeolang.[1mEOpositive_infinity_not_lt_floatTest[m
[[1;34mINFO[m] [1;32mTests run: [0;1;32m2[m, Failures: 0, Errors: 0, Skipped: 0, Time elapsed: 0.319 s - in EOorg.EOeolang.[1mEOcalculates_only_once_BROKENTest[m
[[1;34mINFO[m] [1mTests run: [0;1m0[m, Failures: 0, Errors: 0, Skipped: 0, Time elapsed: 0.068 s - in EOorg.EOeolang.[1mEOnegative_infinity_as_bytes_is_validTest[m
[[1;34mINFO[m] Running EOorg.EOeolang.[1mEOslice_end_below_startTest[m
[[1;34mINFO[m] Running EOorg.EOeolang.[1mEOright_with_even_negTest[m
[[1;34mINFO[m] [1;32mTests run: [0;1;32m1[m, Failures: 0, Errors: 0, Skipped: 0, Time elapsed: 0.147 s - in EOorg.EOeolang.[1mEOnegative_infinity_not_gte_nanTest[m
[[1;34mINFO[m] Running EOorg.EOeolang.[1mEOcage_nested_objectsTest[m
[[1;34mINFO[m] [1;32mTests run: [0;1;32m1[m, Failures: 0, Errors: 0, Skipped: 0, Time elapsed: 0.036 s - in EOorg.EOeolang.[1mEOpositive_infinity_not_lt_floatTest[m
[[1;34mINFO[m] Running EOorg.EOeolang.[1mEOmakes_object_a_constantTest[m
[[1;34mINFO[m] [1;32mTests run: [0;1;32m1[m, Failures: 0, Errors: 0, Skipped: 0, Time elapsed: 0.045 s - in EOorg.EOeolang.[1mEOfloat_not_gt_nanTest[m
[[1;34mINFO[m] Running EOorg.EOeolang.[1mEOconcat_stringsTest[m
[[1;34mINFO[m] [1;32mTests run: [0;1;32m2[m, Failures: 0, Errors: 0, Skipped: 0, Time elapsed: 0.072 s - in EOorg.EOeolang.[1mEOforks_on_conditionTest[m
[[1;34mINFO[m] Running EOorg.EOeolang.[1mEOeq_falseTest[m
[[1;34mINFO[m] [1;32mTests run: [0;1;32m2[m, Failures: 0, Errors: 0, Skipped: 0, Time elapsed: 0.058 s - in EOorg.EOeolang.[1mEOor_with_zeroTest[m
[[1;34mINFO[m] Running EOorg.EOeolang.[1mEOintEOnegTest[m
[[1;34mINFO[m] [1mTests run: [0;1m0[m, Failures: 0, Errors: 0, Skipped: 0, Time elapsed: 0.049 s - in EOorg.EOeolang.[1mEOslice_end_below_startTest[m
[[1;34mINFO[m] [1mTests run: [0;1m0[m, Failures: 0, Errors: 0, Skipped: 0, Time elapsed: 0.071 s - in EOorg.EOeolang.[1mEOempty_tuple_lengthTest[m
[[1;34mINFO[m] Running EOorg.EOeolang.[1mEOmemory_is_strictly_typed_stringTest[m
[[1;34mINFO[m] [1;32mTests run: [0;1;32m1[m, Failures: 0, Errors: 0, Skipped: 0, Time elapsed: 0.058 s - in EOorg.EOeolang.[1mEOright_with_even_negTest[m
[[1;34mINFO[m] Running EOorg.EOeolang.[1mEOrust_returns_negative_intTest[m
[[1;34mINFO[m] Running EOorg.EOeolang.[1mEOpositive_infinity_not_lt_negative_infinityTest[m
[[1;34mINFO[m] [1;32mTests run: [0;1;32m1[m, Failures: 0, Errors: 0, Skipped: 0, Time elapsed: 0.017 s - in EOorg.EOeolang.[1mEOintEOnegTest[m
[[1;34mINFO[m] Running EOorg.EOeolang.[1mEOnegative_float_div_negative_infinityTest[m
[[1;34mINFO[m] [1;32mTests run: [0;1;32m1[m, Failures: 0, Errors: 0, Skipped: 0, Time elapsed: 0.018 s - in EOorg.EOeolang.[1mEOmemory_is_strictly_typed_stringTest[m
[[1;34mINFO[m] Running org.eolang.[1mExInterruptedTest[m
[[1;34mINFO[m] [1;32mTests run: [0;1;32m1[m, Failures: 0, Errors: 0, Skipped: 0, Time elapsed: 0.038 s - in EOorg.EOeolang.[1mEOconcat_stringsTest[m
[[1;34mINFO[m] Running EOorg.EOeolang.[1mEOnot_with_plusTest[m
[[1;34mINFO[m] [1;32mTests run: [0;1;32m1[m, Failures: 0, Errors: 0, Skipped: 0, Time elapsed: 0.015 s - in org.eolang.[1mExInterruptedTest[m
[[1;34mINFO[m] Running EOorg.EOeolang.[1mEOpositive_infinity_not_lte_intTest[m
[[1;34mINFO[m] [1;32mTests run: [0;1;32m1[m, Failures: 0, Errors: 0, Skipped: 0, Time elapsed: 0.073 s - in EOorg.EOeolang.[1mEOmakes_object_a_constantTest[m
[[1;34mINFO[m] Running EOorg.EOeolang.[1mEOpositive_infinity_gt_floatTest[m
[[1;34mINFO[m] [1;32mTests run: [0;1;32m1[m, Failures: 0, Errors: 0, Skipped: 0, Time elapsed: 0.048 s - in EOorg.EOeolang.[1mEOpositive_infinity_not_lt_negative_infinityTest[m
[[1;34mINFO[m] Running EOorg.EOeolang.[1mEOpositive_infinity_as_bytes_is_validTest[m
[[1;34mINFO[m] [1;32mTests run: [0;1;32m2[m, Failures: 0, Errors: 0, Skipped: 0, Time elapsed: 0.095 s - in EOorg.EOeolang.[1mEOcage_nested_objectsTest[m
[[1;34mINFO[m] Running EOorg.EOeolang.[1mEOor_neg_bytes_as_int_with_leading_zeroesTest[m
[[1;34mINFO[m] [1mTests run: [0;1m0[m, Failures: 0, Errors: 0, Skipped: 0, Time elapsed: 0.059 s - in EOorg.EOeolang.[1mEOeq_falseTest[m
[[1;34mINFO[m] Running EOorg.EOeolang.[1mEOtupleEOatTest[m
[[1;34mINFO[m] [1;32mTests run: [0;1;32m2[m, Failures: 0, Errors: 0, Skipped: 0, Time elapsed: 0.274 s - in EOorg.EOeolang.[1mEOrust_put_to_copyTest[m
[[1;34mINFO[m] Running EOorg.EOeolang.[1mEOor_neg_bytes_as_int_with_oneTest[m
[[1;34mINFO[m] [1;32mTests run: [0;1;32m2[m, Failures: 0, Errors: 0, Skipped: 0, Time elapsed: 0.461 s - in EOorg.EOeolang.[1mEOrust_returns_vertexTest[m
[[1;34mINFO[m] Running EOorg.EOeolang.[1mEOdiv_testTest[m
[[1;34mINFO[m] [1;32mTests run: [0;1;32m1[m, Failures: 0, Errors: 0, Skipped: 0, Time elapsed: 0.034 s - in EOorg.EOeolang.[1mEOpositive_infinity_as_bytes_is_validTest[m
[[1;34mINFO[m] Running EOorg.EOeolang.[1mEOintersection_writes_in_ramTest[m
[[1;34mINFO[m] [1;32mTests run: [0;1;32m1[m, Failures: 0, Errors: 0, Skipped: 0, Time elapsed: 0.076 s - in EOorg.EOeolang.[1mEOnot_with_plusTest[m
[[1;34mINFO[m] [1;32mTests run: [0;1;32m1[m, Failures: 0, Errors: 0, Skipped: 0, Time elapsed: 0.099 s - in EOorg.EOeolang.[1mEOrust_returns_negative_intTest[m
[[1;34mINFO[m] Running org.eolang.[1mPhDefaultTest[m
[[1;34mINFO[m] Running EOorg.EOeolang.[1mEOinline_float_computationTest[m
[[1;34mINFO[m] [1;32mTests run: [0;1;32m1[m, Failures: 0, Errors: 0, Skipped: 0, Time elapsed: 0.045 s - in EOorg.EOeolang.[1mEOtupleEOatTest[m
[[1;34mINFO[m] Running EOorg.EOeolang.[1mEOallocates_and_usesTest[m
[[1;34mINFO[m] [1;32mTests run: [0;1;32m1[m, Failures: 0, Errors: 0, Skipped: 0, Time elapsed: 0.091 s - in EOorg.EOeolang.[1mEOpositive_infinity_gt_floatTest[m
[[1;34mINFO[m] Running org.eolang.[1mBytesOfTest[m
[[1;34mINFO[m] [1;32mTests run: [0;1;32m2[m, Failures: 0, Errors: 0, Skipped: 0, Time elapsed: 0.103 s - in EOorg.EOeolang.[1mEOpositive_infinity_not_lte_intTest[m
[[1;34mINFO[m] Running EOorg.EOeolang.[1mEOpositive_float_times_negative_infinityTest[m
[[1;34mINFO[m] [1;32mTests run: [0;1;32m1[m, Failures: 0, Errors: 0, Skipped: 0, Time elapsed: 0.058 s - in EOorg.EOeolang.[1mEOdiv_testTest[m
[[1;34mINFO[m] Running EOorg.EOeolang.[1mEOboolEOwhileTest[m
[[1;34mINFO[m] [1;32mTests run: [0;1;32m2[m, Failures: 0, Errors: 0, Skipped: 0, Time elapsed: 0.131 s - in EOorg.EOeolang.[1mEOnegative_float_div_negative_infinityTest[m
[[1;34mINFO[m] Running EOorg.EOeolang.[1mEOnot_with_negTest[m
[[1;34mINFO[m] [1mTests run: [0;1m0[m, Failures: 0, Errors: 0, Skipped: 0, Time elapsed: 0.093 s - in EOorg.EOeolang.[1mEOor_neg_bytes_as_int_with_leading_zeroesTest[m
[[1;34mINFO[m] Running EOorg.EOeolang.[1mEOleft_zeroTest[m
[[1;34mINFO[m] [1;32mTests run: [0;1;32m3[m, Failures: 0, Errors: 0, Skipped: 0, Time elapsed: 0.082 s - in EOorg.EOeolang.[1mEOor_neg_bytes_as_int_with_oneTest[m
[[1;34mINFO[m] Running EOorg.EOeolang.[1mEOnot_with_zeroTest[m
[[1;34mINFO[m] [1;32mTests run: [0;1;32m1[m, Failures: 0, Errors: 0, Skipped: 0, Time elapsed: 0.055 s - in EOorg.EOeolang.[1mEOinline_float_computationTest[m
[[1;34mINFO[m] Running EOorg.EOeolang.[1mEOwrite_and_read_without_errorTest[m
[[1;34mINFO[m] [1;32mTests run: [0;1;32m7[m, Failures: 0, Errors: 0, Skipped: 0, Time elapsed: 0.057 s - in EOorg.EOeolang.[1mEOleft_zeroTest[m
[[1;34mINFO[m] Running EOorg.EOeolang.[1mEOwrites_into_two_memory_objectsTest[m
[[1;34mINFO[m] [1;32mTests run: [0;1;32m2[m, Failures: 0, Errors: 0, Skipped: 0, Time elapsed: 0.045 s - in EOorg.EOeolang.[1mEOnot_with_negTest[m
[[1;34mINFO[m] Running EOorg.EOeolang.[1mEOnan_plus_nan_is_nanTest[m
[[1;34mINFO[m] [1;32mTests run: [0;1;32m5[m, Failures: 0, Errors: 0, Skipped: 0, Time elapsed: 0.036 s - in EOorg.EOeolang.[1mEOwrite_and_read_without_errorTest[m
[[1;34mINFO[m] Running EOorg.EOeolang.[1mEOnan_times_nan_is_nanTest[m
[[1;34mINFO[m] [1mTests run: [0;1m0[m, Failures: 0, Errors: 0, Skipped: 0, Time elapsed: 0.075 s - in EOorg.EOeolang.[1mEOpositive_float_times_negative_infinityTest[m
[[1;34mINFO[m] [1mTests run: [0;1m0[m, Failures: 0, Errors: 0, Skipped: 0, Time elapsed: 0.105 s - in EOorg.EOeolang.[1mEOallocates_and_usesTest[m
[[1;34mINFO[m] [1mTests run: [0;1m0[m, Failures: 0, Errors: 0, Skipped: 0, Time elapsed: 0.054 s - in EOorg.EOeolang.[1mEOnot_with_zeroTest[m
[[1;34mINFO[m] [1mTests run: [0;1m0[m, Failures: 0, Errors: 0, Skipped: 0, Time elapsed: 0.303 s - in EOorg.EOeolang.[1mEOswitch_simple_caseTest[m
[[1;34mINFO[m] Running EOorg.EOeolang.[1mEOpositive_infinity_not_lte_nanTest[m
[[1;34mINFO[m] Running EOorg.EOeolang.[1mEOnop_is_trueTest[m
[[1;34mINFO[m] Running EOorg.EOeolang.[1mEOmultiply_wrong_argsTest[m
[[1;34mINFO[m] Running EOorg.EOeolang.[1mEOmemory_in_outer_scopeTest[m
[[1;34mINFO[m] [1;32mTests run: [0;1;32m1[m, Failures: 0, Errors: 0, Skipped: 0, Time elapsed: 0.024 s - in EOorg.EOeolang.[1mEOnan_plus_nan_is_nanTest[m
[[1;34mINFO[m] Running EOorg.EOeolang.[1mEOcopy_object_with_dotTest[m
[[1;34mINFO[m] [1;32mTests run: [0;1;32m1[m, Failures: 0, Errors: 0, Skipped: 0, Time elapsed: 0.03 s - in EOorg.EOeolang.[1mEOnan_times_nan_is_nanTest[m
[[1;34mINFO[m] Running EOorg.EOeolang.[1mEOslice_start_below_zeroTest[m
[[1;34mINFO[m] [1;32mTests run: [0;1;32m2[m, Failures: 0, Errors: 0, Skipped: 0, Time elapsed: 0.043 s - in EOorg.EOeolang.[1mEOwrites_into_two_memory_objectsTest[m
[[1;34mINFO[m] Running EOorg.EOeolang.[1mEOconjuction_of_bytesTest[m
[[1;34mINFO[m] [1;32mTests run: [0;1;32m1[m, Failures: 0, Errors: 0, Skipped: 0, Time elapsed: 0.024 s - in EOorg.EOeolang.[1mEOcopy_object_with_dotTest[m
[[1;34mINFO[m] Running org.eolang.[1mPhWithTest[m
[[1;34mINFO[m] [1;32mTests run: [0;1;32m1[m, Failures: 0, Errors: 0, Skipped: 0, Time elapsed: 0.039 s - in EOorg.EOeolang.[1mEOmemory_in_outer_scopeTest[m
[[1;34mINFO[m] Running EOorg.EOeolang.[1mEOfloat_not_lte_nanTest[m
[[1;34mINFO[m] [1;32mTests run: [0;1;32m1[m, Failures: 0, Errors: 0, Skipped: 0, Time elapsed: 0.048 s - in EOorg.EOeolang.[1mEOnop_is_trueTest[m
[[1;34mINFO[m] Running EOorg.EOeolang.[1mEOrewrites_and_increments_itselfTest[m
[[1;34mINFO[m] [1;32mTests run: [0;1;32m1[m, Failures: 0, Errors: 0, Skipped: 0, Time elapsed: 0.021 s - in EOorg.EOeolang.[1mEOconjuction_of_bytesTest[m
[[1;34mINFO[m] Running EOorg.EOeolang.[1mEOnop_is_true_despite_argumentsTest[m
[[1;34mINFO[m] [1;32mTests run: [0;1;32m5[m, Failures: 0, Errors: 0, Skipped: 0, Time elapsed: 0.058 s - in EOorg.EOeolang.[1mEOpositive_infinity_not_lte_nanTest[m
[[1;34mINFO[m] [1mTests run: [0;1m0[m, Failures: 0, Errors: 0, Skipped: 0, Time elapsed: 0.192 s - in EOorg.EOeolang.[1mEOintersection_writes_in_ramTest[m
[[1;34mINFO[m] Running EOorg.EOeolang.[1mEOnegative_infinity_lt_intTest[m
[[1;34mINFO[m] Running EOorg.EOeolang.[1mEOcalculates_fibonacci_number_with_recursionTest[m
[[1;34mINFO[m] [1mTests run: [0;1m0[m, Failures: 0, Errors: 0, Skipped: 0, Time elapsed: 0.034 s - in EOorg.EOeolang.[1mEOslice_start_below_zeroTest[m
[[1;34mINFO[m] [1mTests run: [0;1m0[m, Failures: 0, Errors: 0, Skipped: 0, Time elapsed: 0.061 s - in EOorg.EOeolang.[1mEOmultiply_wrong_argsTest[m
[[1;34mINFO[m] Running EOorg.EOeolang.[1mEOtuple_with_negative_index_gets_lastTest[m
[[1;34mINFO[m] Running EOorg.EOeolang.[1mEOfloat_minus_nan_is_nanTest[m
[[1;34mINFO[m] [1mTests run: [0;1m0[m, Failures: 0, Errors: 0, Skipped: 0, Time elapsed: 0.144 s - in EOorg.EOeolang.[1mEOboolEOwhileTest[m
[[1;34mINFO[m] Running EOorg.EOeolang.[1mEOnegative_infinity_gt_negative_infinityTest[m
[[1;34mINFO[m] [1;32mTests run: [0;1;32m1[m, Failures: 0, Errors: 0, Skipped: 0, Time elapsed: 0.038 s - in EOorg.EOeolang.[1mEOnop_is_true_despite_argumentsTest[m
[[1;34mINFO[m] Running EOorg.EOeolang.[1mEOconcat_with_emptyTest[m
[[1;34mINFO[m] [1;32mTests run: [0;1;32m2[m, Failures: 0, Errors: 0, Skipped: 0, Time elapsed: 0.053 s - in EOorg.EOeolang.[1mEOrewrites_and_increments_itselfTest[m
[[1;34mINFO[m] [1mTests run: [0;1m0[m, Failures: 0, Errors: 0, Skipped: 0, Time elapsed: 0.023 s - in EOorg.EOeolang.[1mEOnegative_infinity_gt_negative_infinityTest[m
[[1;34mINFO[m] Running EOorg.EOeolang.[1mEOcomplex_bool_expression_in_whileTest[m
[[1;34mINFO[m] Running EOorg.EOeolang.[1mEOreturns_from_method_bodyTest[m
[[1;34mINFO[m] [1;32mTests run: [0;1;32m1[m, Failures: 0, Errors: 0, Skipped: 0, Time elapsed: 0.015 s - in EOorg.EOeolang.[1mEOconcat_with_emptyTest[m
[[1;34mINFO[m] Running EOorg.EOeolang.[1mEOrust_bind_to_copyTest[m
[[1;34mINFO[m] [1;32mTests run: [0;1;32m1[m, Failures: 0, Errors: 0, Skipped: 0, Time elapsed: 0.076 s - in EOorg.EOeolang.[1mEOfloat_not_lte_nanTest[m
[[1;34mINFO[m] Running EOorg.EOeolang.[1mEOswitch_strings_caseTest[m
[[1;34mINFO[m] [1;32mTests run: [0;1;32m1[m, Failures: 0, Errors: 0, Skipped: 0, Time elapsed: 0.051 s - in EOorg.EOeolang.[1mEOnegative_infinity_lt_intTest[m
[[1;34mINFO[m] Running EOorg.EOeolang.[1mEOfloat_times_nan_is_nanTest[m
[[1;34mINFO[m] [1;32mTests run: [0;1;32m1[m, Failures: 0, Errors: 0, Skipped: 0, Time elapsed: 0.054 s - in EOorg.EOeolang.[1mEOtuple_with_negative_index_gets_lastTest[m
[[1;34mINFO[m] Running EOorg.EOeolang.[1mEOnegative_infinity_lte_intTest[m
[[1;34mINFO[m] [1;32mTests run: [0;1;32m1[m, Failures: 0, Errors: 0, Skipped: 0, Time elapsed: 0.048 s - in EOorg.EOeolang.[1mEOrust_bind_to_copyTest[m
[[1;34mINFO[m] [1;32mTests run: [0;1;32m1[m, Failures: 0, Errors: 0, Skipped: 0, Time elapsed: 0.055 s - in EOorg.EOeolang.[1mEOfloat_times_nan_is_nanTest[m
[[1;34mINFO[m] Running org.eolang.[1mMainTest[m
[[1;34mINFO[m] Running EOorg.EOeolang.[1mRamTest[m
[[1;33mWARNING[m] [1;33mTests [0;1mrun: [0;1m2[m, Failures: 0, Errors: 0, [1;33mSkipped: [0;1;33m2[m, Time elapsed: 0 s - in EOorg.EOeolang.[1mRamTest[m
[[1;34mINFO[m] Running org.eolang.[1mAtLocatedTest[m
[[1;34mINFO[m] [1;32mTests run: [0;1;32m2[m, Failures: 0, Errors: 0, Skipped: 0, Time elapsed: 0.079 s - in EOorg.EOeolang.[1mEOnegative_infinity_lte_intTest[m
[[1;34mINFO[m] Running EOorg.EOeolang.[1mEOtuple_withTest[m
[[1;34mINFO[m] [1;32mTests run: [0;1;32m1[m, Failures: 0, Errors: 0, Skipped: 0, Time elapsed: 0.632 s - in EOorg.EOeolang.[1mEOpositive_float_minus_negative_infinityTest[m
[[1;34mINFO[m] Running EOorg.EOeolang.[1mEOnan_not_lte_nanTest[m
[[1;34mINFO[m] [1;32mTests run: [0;1;32m4[m, Failures: 0, Errors: 0, Skipped: 0, Time elapsed: 0.145 s - in EOorg.EOeolang.[1mEOreturns_from_method_bodyTest[m
[[1;34mINFO[m] [1;32mTests run: [0;1;32m1[m, Failures: 0, Errors: 0, Skipped: 0, Time elapsed: 0.179 s - in EOorg.EOeolang.[1mEOfloat_minus_nan_is_nanTest[m
[[1;34mINFO[m] Running EOorg.EOeolang.[1mEOnan_plus_number_is_nanTest[m
[[1;34mINFO[m] Running EOorg.EOeolang.[1mEOdataizes_encaged_object_lazily_firstTest[m
[[1;34mINFO[m] [1;32mTests run: [0;1;32m5[m, Failures: 0, Errors: 0, Skipped: 0, Time elapsed: 0.026 s - in EOorg.EOeolang.[1mEOnan_plus_number_is_nanTest[m
[[1;34mINFO[m] [1mTests run: [0;1m0[m, Failures: 0, Errors: 0, Skipped: 0, Time elapsed: 0.051 s - in EOorg.EOeolang.[1mEOnan_not_lte_nanTest[m
[[1;34mINFO[m] [1mTests run: [0;1m0[m, Failures: 0, Errors: 0, Skipped: 0, Time elapsed: 0.082 s - in org.eolang.[1mAtLocatedTest[m
[[1;34mINFO[m] Running EOorg.EOeolang.[1mEOpositive_infinity_not_lte_floatTest[m
[[1;34mINFO[m] Running EOorg.EOeolang.[1mEOone_div_zero_is_positive_infinityTest[m
[[1;34mINFO[m] Running EOorg.EOeolang.[1mEOrust_errorTest[m
[[1;34mINFO[m] [1;32mTests run: [0;1;32m1[m, Failures: 0, Errors: 0, Skipped: 0, Time elapsed: 0.008 s - in EOorg.EOeolang.[1mEOrust_errorTest[m
[[1;34mINFO[m] Running EOorg.EOeolang.[1mEOwhile_without_last_dataizationTest[m
[[1;34mINFO[m] [1;32mTests run: [0;1;32m1[m, Failures: 0, Errors: 0, Skipped: 0, Time elapsed: 0.091 s - in EOorg.EOeolang.[1mEOtuple_withTest[m
[[1;34mINFO[m] Running EOorg.EOeolang.[1mEOpositive_float_plus_positive_infinityTest[m
[[1;34mINFO[m] [1;32mTests run: [0;1;32m1[m, Failures: 0, Errors: 0, Skipped: 0, Time elapsed: 0.025 s - in EOorg.EOeolang.[1mEOpositive_infinity_not_lte_floatTest[m
[[1;34mINFO[m] [1;32mTests run: [0;1;32m1[m, Failures: 0, Errors: 0, Skipped: 0, Time elapsed: 0.026 s - in EOorg.EOeolang.[1mEOone_div_zero_is_positive_infinityTest[m
[[1;34mINFO[m] Running EOorg.EOeolang.[1mEOmalloc_returns_different_pointersTest[m
[[1;34mINFO[m] Running EOorg.EOeolang.[1mEOleft_with_odd_plusTest[m
[[1;34mINFO[m] [1;32mTests run: [0;1;32m1[m, Failures: 0, Errors: 0, Skipped: 0, Time elapsed: 0.087 s - in EOorg.EOeolang.[1mEOdataizes_encaged_object_lazily_firstTest[m
[[1;34mINFO[m] Running EOorg.EOeolang.[1mEOnegative_infinity_is_equal_to_one_div_zeroTest[m
[[1;34mINFO[m] [1;32mTests run: [0;1;32m5[m, Failures: 0, Errors: 0, Skipped: 0, Time elapsed: 0.247 s - in EOorg.EOeolang.[1mEOswitch_strings_caseTest[m
[[1;34mINFO[m] Running EOorg.EOeolang.[1mEOtakes_object_id_from_abstract_emptyTest[m
[[1;34mINFO[m] [1;32mTests run: [0;1;32m6[m, Failures: 0, Errors: 0, Skipped: 0, Time elapsed: 0.082 s - in EOorg.EOeolang.[1mEOpositive_float_plus_positive_infinityTest[m
[[1;34mINFO[m] Running EOorg.EOeolang.[1mEOand_short_circuitingTest[m
[[1;34mINFO[m] [1;32mTests run: [0;1;32m3[m, Failures: 0, Errors: 0, Skipped: 0, Time elapsed: 0.036 s - in EOorg.EOeolang.[1mEOnegative_infinity_is_equal_to_one_div_zeroTest[m
[[1;34mINFO[m] Running EOorg.EOeolang.[1mEOleft_with_even_plusTest[m
[[1;34mINFO[m] [1;32mTests run: [0;1;32m2[m, Failures: 0, Errors: 0, Skipped: 0, Time elapsed: 0.011 s - in EOorg.EOeolang.[1mEOand_short_circuitingTest[m
[[1;34mINFO[m] Running EOorg.EOeolang.[1mEOpositive_infinity_not_eq_nanTest[m
[[1;34mINFO[m] [1;32mTests run: [0;1;32m3[m, Failures: 0, Errors: 0, Skipped: 0, Time elapsed: 0.099 s - in EOorg.EOeolang.[1mEOleft_with_odd_plusTest[m
[[1;34mINFO[m] Running EOorg.EOeolang.[1mEOavoid_infinite_loopTest[m
[[1;34mINFO[m] [1;32mTests run: [0;1;32m10[m, Failures: 0, Errors: 0, Skipped: 0, Time elapsed: 0.068 s - in EOorg.EOeolang.[1mEOtakes_object_id_from_abstract_emptyTest[m
[[1;34mINFO[m] [1mTests run: [0;1m0[m, Failures: 0, Errors: 0, Skipped: 0, Time elapsed: 0.037 s - in EOorg.EOeolang.[1mEOpositive_infinity_not_eq_nanTest[m
[[1;34mINFO[m] Running EOorg.EOeolang.[1mEOpositive_infinity_not_gt_nanTest[m
[[1;34mINFO[m] Running EOorg.EOeolang.[1mEOapplication_to_abstract_inside_tupleTest[m
[[1;34mINFO[m] [1;32mTests run: [0;1;32m2[m, Failures: 0, Errors: 0, Skipped: 0, Time elapsed: 0.048 s - in EOorg.EOeolang.[1mEOleft_with_even_plusTest[m
[[1;34mINFO[m] Running EOorg.EOeolang.[1mEOseq_single_dataization_int_less_than_testTest[m
[[1;34mINFO[m] [1;32mTests run: [0;1;32m3[m, Failures: 0, Errors: 0, Skipped: 0, Time elapsed: 0.611 s - in org.eolang.[1mPhDefaultTest[m
[[1;34mINFO[m] Running EOorg.EOeolang.[1mEOnegative_infinity_not_eq_positive_infinityTest[m
[[1;34mINFO[m] [1;32mTests run: [0;1;32m1[m, Failures: 0, Errors: 0, Skipped: 0, Time elapsed: 0.057 s - in EOorg.EOeolang.[1mEOavoid_infinite_loopTest[m
[[1;34mINFO[m] Running EOorg.EOeolang.[1mEOmemoryTest[m
[[1;34mINFO[m] [1;32mTests run: [0;1;32m4[m, Failures: 0, Errors: 0, Skipped: 0, Time elapsed: 0.181 s - in EOorg.EOeolang.[1mEOwhile_without_last_dataizationTest[m
[[1;34mINFO[m] Running EOorg.EOeolang.[1mEOnegative_infinity_not_eq_floatTest[m
[[1;34mINFO[m] [1;32mTests run: [0;1;32m2[m, Failures: 0, Errors: 0, Skipped: 0, Time elapsed: 0.037 s - in EOorg.EOeolang.[1mEOseq_single_dataization_int_less_than_testTest[m
[[1;34mINFO[m] Running EOorg.EOeolang.[1mEOwrites_into_cageTest[m
[[1;31mERROR[m] [1;31mTests [0;1mrun: [0;1m4[m, Failures: 0, [1;31mErrors: [0;1;31m1[m, Skipped: 0, Time elapsed: 0.043 s[1;31m <<< FAILURE![m - in EOorg.EOeolang.[1mEOpositive_infinity_not_gt_nanTest[m
[[1;31mERROR[m] EOorg.EOeolang.EOapplication_to_abstract_inside_tupleTest.works  Time elapsed: 0.03 s  <<< ERROR!
org.eolang.ExFailure: The object is at the line #466, position #14 within `?`
	at org.eolang.AtLocated.put(AtLocated.java:121)
	at org.eolang.PhWith.lambda$new$3(PhWith.java:87)
	at org.eolang.Data$Once.lambda$take$0(Data.java:120)
	at java.base/java.util.concurrent.atomic.AtomicReference.updateAndGet(AtomicReference.java:209)
	at org.eolang.Data$Once.take(Data.java:116)
	at org.eolang.PhOnce.attr(PhOnce.java:92)
	at org.eolang.PhMethod.lambda$new$0(PhMethod.java:43)
	at org.eolang.Data$Once.lambda$take$0(Data.java:120)
	at java.base/java.util.concurrent.atomic.AtomicReference.updateAndGet(AtomicReference.java:209)
	at org.eolang.Data$Once.take(Data.java:116)
	at org.eolang.PhOnce.copy(PhOnce.java:82)
	at org.eolang.PhLocated.copy(PhLocated.java:108)
	at org.eolang.Data$Once.lambda$take$0(Data.java:120)
	at java.base/java.util.concurrent.atomic.AtomicReference.updateAndGet(AtomicReference.java:209)
	at org.eolang.Data$Once.take(Data.java:116)
	at org.eolang.PhOnce.attr(PhOnce.java:87)
	at org.eolang.PhWith.lambda$new$3(PhWith.java:87)
	at org.eolang.Data$Once.lambda$take$0(Data.java:120)
	at java.base/java.util.concurrent.atomic.AtomicReference.updateAndGet(AtomicReference.java:209)
	at org.eolang.Data$Once.take(Data.java:116)
	at org.eolang.PhOnce.attr(PhOnce.java:92)
	at org.eolang.PhDefault.attr(PhDefault.java:264)
	at org.eolang.Dataized.take(Dataized.java:98)
	at EOorg.EOeolang.EOapplication_to_abstract_inside_tupleTest.works(EOapplication_to_abstract_inside_tupleTest.java:66)
	at java.base/jdk.internal.reflect.NativeMethodAccessorImpl.invoke0(Native Method)
	at java.base/jdk.internal.reflect.NativeMethodAccessorImpl.invoke(NativeMethodAccessorImpl.java:62)
	at java.base/jdk.internal.reflect.DelegatingMethodAccessorImpl.invoke(DelegatingMethodAccessorImpl.java:43)
	at java.base/java.lang.reflect.Method.invoke(Method.java:566)
	at org.junit.platform.commons.util.ReflectionUtils.invokeMethod(ReflectionUtils.java:728)
	at org.junit.jupiter.engine.execution.MethodInvocation.proceed(MethodInvocation.java:60)
	at org.junit.jupiter.engine.execution.InvocationInterceptorChain$ValidatingInvocation.proceed(InvocationInterceptorChain.java:131)
	at org.junit.jupiter.engine.extension.TimeoutExtension.intercept(TimeoutExtension.java:156)
	at org.junit.jupiter.engine.extension.TimeoutExtension.interceptTestableMethod(TimeoutExtension.java:147)
	at org.junit.jupiter.engine.extension.TimeoutExtension.interceptTestMethod(TimeoutExtension.java:86)
	at org.junit.jupiter.engine.execution.InterceptingExecutableInvoker$ReflectiveInterceptorCall.lambda$ofVoidMethod$0(InterceptingExecutableInvoker.java:103)
	at org.junit.jupiter.engine.execution.InterceptingExecutableInvoker.lambda$invoke$0(InterceptingExecutableInvoker.java:93)
	at org.junit.jupiter.engine.execution.InvocationInterceptorChain$InterceptedInvocation.proceed(InvocationInterceptorChain.java:106)
	at org.junit.jupiter.engine.execution.InvocationInterceptorChain.proceed(InvocationInterceptorChain.java:64)
	at org.junit.jupiter.engine.execution.InvocationInterceptorChain.chainAndInvoke(InvocationInterceptorChain.java:45)
	at org.junit.jupiter.engine.execution.InvocationInterceptorChain.invoke(InvocationInterceptorChain.java:37)
	at org.junit.jupiter.engine.execution.InterceptingExecutableInvoker.invoke(InterceptingExecutableInvoker.java:92)
	at org.junit.jupiter.engine.execution.InterceptingExecutableInvoker.invoke(InterceptingExecutableInvoker.java:86)
	at org.junit.jupiter.engine.descriptor.TestMethodTestDescriptor.lambda$invokeTestMethod$7(TestMethodTestDescriptor.java:218)
	at org.junit.platform.engine.support.hierarchical.ThrowableCollector.execute(ThrowableCollector.java:73)
	at org.junit.jupiter.engine.descriptor.TestMethodTestDescriptor.invokeTestMethod(TestMethodTestDescriptor.java:214)
	at org.junit.jupiter.engine.descriptor.TestMethodTestDescriptor.execute(TestMethodTestDescriptor.java:139)
	at org.junit.jupiter.engine.descriptor.TestMethodTestDescriptor.execute(TestMethodTestDescriptor.java:69)
	at org.junit.platform.engine.support.hierarchical.NodeTestTask.lambda$executeRecursively$6(NodeTestTask.java:151)
	at org.junit.platform.engine.support.hierarchical.ThrowableCollector.execute(ThrowableCollector.java:73)
	at org.junit.platform.engine.support.hierarchical.NodeTestTask.lambda$executeRecursively$8(NodeTestTask.java:141)
	at org.junit.platform.engine.support.hierarchical.Node.around(Node.java:137)
	at org.junit.platform.engine.support.hierarchical.NodeTestTask.lambda$executeRecursively$9(NodeTestTask.java:139)
	at org.junit.platform.engine.support.hierarchical.ThrowableCollector.execute(ThrowableCollector.java:73)
	at org.junit.platform.engine.support.hierarchical.NodeTestTask.executeRecursively(NodeTestTask.java:138)
	at org.junit.platform.engine.support.hierarchical.NodeTestTask.execute(NodeTestTask.java:95)
	at org.junit.platform.engine.support.hierarchical.ForkJoinPoolHierarchicalTestExecutorService$ExclusiveTask.compute(ForkJoinPoolHierarchicalTestExecutorService.java:202)
	at org.junit.platform.engine.support.hierarchical.ForkJoinPoolHierarchicalTestExecutorService.invokeAll(ForkJoinPoolHierarchicalTestExecutorService.java:146)
	at org.junit.platform.engine.support.hierarchical.NodeTestTask.lambda$executeRecursively$6(NodeTestTask.java:155)
	at org.junit.platform.engine.support.hierarchical.ThrowableCollector.execute(ThrowableCollector.java:73)
	at org.junit.platform.engine.support.hierarchical.NodeTestTask.lambda$executeRecursively$8(NodeTestTask.java:141)
	at org.junit.platform.engine.support.hierarchical.Node.around(Node.java:137)
	at org.junit.platform.engine.support.hierarchical.NodeTestTask.lambda$executeRecursively$9(NodeTestTask.java:139)
	at org.junit.platform.engine.support.hierarchical.ThrowableCollector.execute(ThrowableCollector.java:73)
	at org.junit.platform.engine.support.hierarchical.NodeTestTask.executeRecursively(NodeTestTask.java:138)
	at org.junit.platform.engine.support.hierarchical.NodeTestTask.execute(NodeTestTask.java:95)
	at org.junit.platform.engine.support.hierarchical.ForkJoinPoolHierarchicalTestExecutorService$ExclusiveTask.compute(ForkJoinPoolHierarchicalTestExecutorService.java:202)
	at java.base/java.util.concurrent.RecursiveAction.exec(RecursiveAction.java:189)
	at java.base/java.util.concurrent.ForkJoinTask.doExec(ForkJoinTask.java:290)
	at java.base/java.util.concurrent.ForkJoinPool$WorkQueue.topLevelExec(ForkJoinPool.java:1020)
	at java.base/java.util.concurrent.ForkJoinPool.scan(ForkJoinPool.java:1656)
	at java.base/java.util.concurrent.ForkJoinPool.runWorker(ForkJoinPool.java:1594)
	at java.base/java.util.concurrent.ForkJoinWorkerThread.run(ForkJoinWorkerThread.java:183)
Caused by: org.eolang.ExFailure: Error at "generated-scope-8dbe0ed3-9ac1-4766-a900-a5f5a546eb62.φ" attribute
	at org.eolang.AtNamed.put(AtNamed.java:119)
	at org.eolang.AtLocated.put(AtLocated.java:117)
	... 71 more
Caused by: org.eolang.ExFailure: The object is at the line #466, position #8 within `?`
	at org.eolang.AtLocated.put(AtLocated.java:121)
	at org.eolang.AtNamed.put(AtNamed.java:113)
	... 72 more
Caused by: org.eolang.ExFailure: Error at "generated-scope-8dbe0ed3-9ac1-4766-a900-a5f5a546eb62.org.eolang.scope-8dbe0ed3-9ac1-4766-a900-a5f5a546eb62" attribute
	at org.eolang.AtNamed.put(AtNamed.java:119)
	at org.eolang.AtLocated.put(AtLocated.java:117)
	... 73 more
Caused by: org.eolang.ExFailure: The object is at the line #466, position #8 within `?`
	at org.eolang.AtLocated.put(AtLocated.java:121)
	at org.eolang.AtNamed.put(AtNamed.java:113)
	... 74 more
Caused by: org.eolang.ExFailure: Error at "generated-scope-8dbe0ed3-9ac1-4766-a900-a5f5a546eb62.σ" attribute
	at org.eolang.AtNamed.put(AtNamed.java:119)
	at org.eolang.AtLocated.put(AtLocated.java:117)
	... 75 more
Caused by: org.eolang.ExFailure: Error at "application-to-abstract-inside-tuple.arr" attribute
	at org.eolang.AtNamed.put(AtNamed.java:119)
	at org.eolang.AtNamed.put(AtNamed.java:113)
	... 76 more
Caused by: org.eolang.ExFailure: Error at "tuple.at" attribute
	at org.eolang.AtNamed.put(AtNamed.java:119)
	at org.eolang.AtNamed.put(AtNamed.java:113)
	... 77 more
Caused by: org.eolang.ExFailure: The object is at the line #33, position #2 within `?`
	at org.eolang.AtLocated.put(AtLocated.java:121)
	at org.eolang.AtNamed.put(AtNamed.java:113)
	... 78 more
Caused by: org.eolang.ExReadOnly: Error at "EOorg.EOeolang.EOtuple$EOat#i" attribute
	at org.eolang.AtNamed.put(AtNamed.java:117)
	at org.eolang.AtSafe.put(AtSafe.java:84)
	at org.eolang.AtLocated.put(AtLocated.java:117)
	... 79 more
Caused by: org.eolang.ExReadOnly: This free attribute is already set, can't reset
	at org.eolang.AtFree.put(AtFree.java:128)
	at org.eolang.AtNamed.put(AtNamed.java:113)
	... 81 more

sum 5 + 10 = 15
[[1;34mINFO[m] Running EOorg.EOeolang.[1mEOstring_equals_to_bytesTest[m
[[1;34mINFO[m] [1;32mTests run: [0;1;32m1[m, Failures: 0, Errors: 0, Skipped: 0, Time elapsed: 0.19 s - in EOorg.EOeolang.[1mEOmalloc_returns_different_pointersTest[m
[[1;34mINFO[m] [1;32mTests run: [0;1;32m1[m, Failures: 0, Errors: 0, Skipped: 0, Time elapsed: 0.052 s - in EOorg.EOeolang.[1mEOapplication_to_abstract_inside_tupleTest[m
[[1;34mINFO[m] Running EOorg.EOeolang.[1mEOwrites_into_two_memory_objects_and_check_firstTest[m
[[1;34mINFO[m] Running EOorg.EOeolang.[1mEOslice_in_the_middleTest[m
[[1;34mINFO[m] [1;32mTests run: [0;1;32m2[m, Failures: 0, Errors: 0, Skipped: 0, Time elapsed: 0.026 s - in EOorg.EOeolang.[1mEOnegative_infinity_not_eq_floatTest[m
[[1;34mINFO[m] Running EOorg.EOeolang.[1mEOslice_chainTest[m
[[1;34mINFO[m] [1;32mTests run: [0;1;32m2[m, Failures: 0, Errors: 0, Skipped: 0, Time elapsed: 0.026 s - in EOorg.EOeolang.[1mEOwrites_into_cageTest[m
[[1;34mINFO[m] [1mTests run: [0;1m0[m, Failures: 0, Errors: 0, Skipped: 0, Time elapsed: 0.012 s - in EOorg.EOeolang.[1mEOslice_in_the_middleTest[m
[[1;34mINFO[m] Running EOorg.EOeolang.[1mEOseq_single_dataization_float_less_than_testTest[m
[[1;34mINFO[m] Running org.eolang.[1mJavaPathTest[m
[[1;34mINFO[m] [1;32mTests run: [0;1;32m2[m, Failures: 0, Errors: 0, Skipped: 0, Time elapsed: 0.02 s - in EOorg.EOeolang.[1mEOstring_equals_to_bytesTest[m
[[1;34mINFO[m] Running EOorg.EOeolang.[1mEOtuple_with_negative_index_out_of_boundsTest[m
[[1;34mINFO[m] [1;32mTests run: [0;1;32m3[m, Failures: 0, Errors: 0, Skipped: 0, Time elapsed: 0.036 s - in EOorg.EOeolang.[1mEOwrites_into_two_memory_objects_and_check_firstTest[m
[[1;34mINFO[m] Running EOorg.EOeolang.[1mEOrust_plusTest[m
[[1;34mINFO[m] [1;32mTests run: [0;1;32m3[m, Failures: 0, Errors: 0, Skipped: 0, Time elapsed: 0.653 s - in org.eolang.[1mBytesOfTest[m
[[1;34mINFO[m] Running EOorg.EOeolang.[1mEOnegative_infinity_not_lt_nanTest[m
[[1;34mINFO[m] [1;32mTests run: [0;1;32m6[m, Failures: 0, Errors: 0, Skipped: 0, Time elapsed: 0.08 s - in EOorg.EOeolang.[1mEOnegative_infinity_not_eq_positive_infinityTest[m
[[1;34mINFO[m] Running EOorg.EOeolang.[1mEOleft_with_minus_oneTest[m
[[1;34mINFO[m] [1;32mTests run: [0;1;32m4[m, Failures: 0, Errors: 0, Skipped: 0, Time elapsed: 0.047 s - in EOorg.EOeolang.[1mEOrust_plusTest[m
[[1;34mINFO[m] Running org.eolang.[1mVerticesTest[m
[[1;34mINFO[m] [1;32mTests run: [0;1;32m1[m, Failures: 0, Errors: 0, Skipped: 0, Time elapsed: 0.065 s - in EOorg.EOeolang.[1mEOseq_single_dataization_float_less_than_testTest[m
[[1;34mINFO[m] Running EOorg.EOeolang.[1mEOpositive_infinity_gte_negative_infinityTest[m
[[1;34mINFO[m] [1;32mTests run: [0;1;32m3[m, Failures: 0, Errors: 0, Skipped: 0, Time elapsed: 0.047 s - in EOorg.EOeolang.[1mEOnegative_infinity_not_lt_nanTest[m
[[1;34mINFO[m] [1;32mTests run: [0;1;32m5[m, Failures: 0, Errors: 0, Skipped: 0, Time elapsed: 0.09 s - in org.eolang.[1mJavaPathTest[m
[[1;34mINFO[m] Running EOorg.EOeolang.[1mEOnan_not_lt_nanTest[m
[[1;34mINFO[m] [1mTests run: [0;1m0[m, Failures: 0, Errors: 0, Skipped: 0, Time elapsed: 0.088 s - in EOorg.EOeolang.[1mEOslice_chainTest[m
[[1;34mINFO[m] Running EOorg.EOeolang.[1mEObitwise_works_negativeTest[m
[[1;34mINFO[m] Running EOorg.EOeolang.[1mEOnegative_infinity_not_gte_intTest[m
[[1;34mINFO[m] [1mTests run: [0;1m0[m, Failures: 0, Errors: 0, Skipped: 0, Time elapsed: 0.076 s - in EOorg.EOeolang.[1mEOtuple_with_negative_index_out_of_boundsTest[m
[[1;34mINFO[m] Running EOorg.EOeolang.[1mEOnegative_infinity_lte_negative_infinityTest[m
[[1;34mINFO[m] [1;32mTests run: [0;1;32m2[m, Failures: 0, Errors: 0, Skipped: 0, Time elapsed: 0.025 s - in EOorg.EOeolang.[1mEOnan_not_lt_nanTest[m
[[1;34mINFO[m] Running EOorg.EOeolang.[1mEOleft_with_zeroTest[m
[[1;34mINFO[m] [1;32mTests run: [0;1;32m1[m, Failures: 0, Errors: 0, Skipped: 0, Time elapsed: 0.031 s - in EOorg.EOeolang.[1mEObitwise_works_negativeTest[m
[[1;34mINFO[m] [1;32mTests run: [0;1;32m3[m, Failures: 0, Errors: 0, Skipped: 0, Time elapsed: 0.052 s - in EOorg.EOeolang.[1mEOnegative_infinity_not_gte_intTest[m
[[1;34mINFO[m] Running EOorg.EOeolang.[1mEOint_zero_not_eq_to_float_zeroTest[m
[[1;34mINFO[m] [1;32mTests run: [0;1;32m1[m, Failures: 0, Errors: 0, Skipped: 0, Time elapsed: 0.597 s - in EOorg.EOeolang.[1mEOcalculates_fibonacci_number_with_recursionTest[m
[[1;34mINFO[m] Running EOorg.EOeolang.[1mEOmakes_shallow_copyTest[m
[[1;34mINFO[m] [1mTests run: [0;1m0[m, Failures: 0, Errors: 0, Skipped: 0, Time elapsed: 0.079 s - in EOorg.EOeolang.[1mEOleft_with_minus_oneTest[m
[[1;34mINFO[m] Running EOorg.EOeolang.[1mEOmultiply_by_zeroTest[m
[[1;34mINFO[m] Running EOorg.EOeolang.[1mEOtuple_as_a_bound_attribute_size_2Test[m
[[1;34mINFO[m] [1;32mTests run: [0;1;32m2[m, Failures: 0, Errors: 0, Skipped: 0, Time elapsed: 0.071 s - in EOorg.EOeolang.[1mEOpositive_infinity_gte_negative_infinityTest[m
[[1;34mINFO[m] Running EOorg.EOeolang.[1mEOrust_returns_positive_intTest[m
Hello world from rust
[[1;34mINFO[m] [1;32mTests run: [0;1;32m3[m, Failures: 0, Errors: 0, Skipped: 0, Time elapsed: 0.07 s - in EOorg.EOeolang.[1mEOnegative_infinity_lte_negative_infinityTest[m
[[1;34mINFO[m] Running EOorg.EOeolang.[1mEOslice_foreign_literals_2Test[m
[[1;34mINFO[m] [1;32mTests run: [0;1;32m1[m, Failures: 0, Errors: 0, Skipped: 0, Time elapsed: 0.052 s - in EOorg.EOeolang.[1mEOmakes_shallow_copyTest[m
[[1;34mINFO[m] Running EOorg.EOeolang.[1mEOswitch_with_several_true_casesTest[m
[[1;34mINFO[m] [1;32mTests run: [0;1;32m2[m, Failures: 0, Errors: 0, Skipped: 0, Time elapsed: 0.042 s - in EOorg.EOeolang.[1mEOrust_returns_positive_intTest[m
[[1;34mINFO[m] Running EOorg.EOeolang.[1mEOdiv_with_multipleTest[m
[[1;34mINFO[m] [1;32mTests run: [0;1;32m2[m, Failures: 0, Errors: 0, Skipped: 0, Time elapsed: 0.016 s - in EOorg.EOeolang.[1mEOslice_foreign_literals_2Test[m
[[1;34mINFO[m] Running EOorg.EOeolang.[1mEOtuple_empty_fluent_with_indented_keywordTest[m
[[1;34mINFO[m] [1;32mTests run: [0;1;32m2[m, Failures: 0, Errors: 0, Skipped: 0, Time elapsed: 0.077 s - in EOorg.EOeolang.[1mEOleft_with_zeroTest[m
[[1;34mINFO[m] [1mTests run: [0;1m0[m, Failures: 0, Errors: 0, Skipped: 0, Time elapsed: 0.236 s - in EOorg.EOeolang.[1mEOmemoryTest[m
[[1;34mINFO[m] [1;32mTests run: [0;1;32m1[m, Failures: 0, Errors: 0, Skipped: 0, Time elapsed: 0.06 s - in EOorg.EOeolang.[1mEOmultiply_by_zeroTest[m
[[1;34mINFO[m] [1mTests run: [0;1m0[m, Failures: 0, Errors: 0, Skipped: 0, Time elapsed: 0.061 s - in EOorg.EOeolang.[1mEOtuple_as_a_bound_attribute_size_2Test[m
[[1;34mINFO[m] Running EOorg.EOeolang.[1mEOfloat_plus_nan_is_nanTest[m
[[1;34mINFO[m] Running EOorg.EOeolang.[1mEOwrites_into_memoryTest[m
[[1;34mINFO[m] Running EOorg.EOeolang.[1mEOgoto_jumps_backwards_without_last_datizationTest[m
[[1;34mINFO[m] Running EOorg.EOeolang.[1mEOgets_lengths_of_empty_tupleTest[m
[[1;34mINFO[m] [1;32mTests run: [0;1;32m1[m, Failures: 0, Errors: 0, Skipped: 0, Time elapsed: 0.072 s - in EOorg.EOeolang.[1mEOint_zero_not_eq_to_float_zeroTest[m
[[1;34mINFO[m] Running EOorg.EOeolang.[1mEOnegative_infinity_not_gte_floatTest[m
[[1;34mINFO[m] [1;32mTests run: [0;1;32m2[m, Failures: 0, Errors: 0, Skipped: 0, Time elapsed: 0.033 s - in EOorg.EOeolang.[1mEOfloat_plus_nan_is_nanTest[m
[[1;34mINFO[m] Running EOorg.EOeolang.[1mEOdiv_less_than_oneTest[m
[[1;34mINFO[m] [1mTests run: [0;1m0[m, Failures: 0, Errors: 0, Skipped: 0, Time elapsed: 0.031 s - in EOorg.EOeolang.[1mEOwrites_into_memoryTest[m
[[1;34mINFO[m] Running EOorg.EOeolang.[1mEOramEOramSliceTest[m
[[1;34mINFO[m] [1;32mTests run: [0;1;32m1[m, Failures: 0, Errors: 0, Skipped: 0, Time elapsed: 0.058 s - in EOorg.EOeolang.[1mEOdiv_with_multipleTest[m
[[1;34mINFO[m] Running EOorg.EOeolang.[1mEOzero_not_lte_neg_zeroTest[m
[[1;34mINFO[m] [1;32mTests run: [0;1;32m2[m, Failures: 0, Errors: 0, Skipped: 0, Time elapsed: 0.062 s - in EOorg.EOeolang.[1mEOgets_lengths_of_empty_tupleTest[m
[[1;34mINFO[m] [1mTests run: [0;1m0[m, Failures: 0, Errors: 0, Skipped: 0, Time elapsed: 0.048 s - in EOorg.EOeolang.[1mEOnegative_infinity_not_gte_floatTest[m
[[1;34mINFO[m] Running EOorg.EOeolang.[1mEOintEOminusTest[m
[[1;34mINFO[m] Running EOorg.EOeolang.[1mEOdiv_for_dividend_greater_than_zeroTest[m
[[1;34mINFO[m] [1;32mTests run: [0;1;32m2[m, Failures: 0, Errors: 0, Skipped: 0, Time elapsed: 0.052 s - in EOorg.EOeolang.[1mEOdiv_less_than_oneTest[m
[[1;34mINFO[m] Running EOorg.EOeolang.[1mEOnan_not_gte_nanTest[m
[[1;34mINFO[m] [1;32mTests run: [0;1;32m3[m, Failures: 0, Errors: 0, Skipped: 0, Time elapsed: 0.119 s - in EOorg.EOeolang.[1mEOswitch_with_several_true_casesTest[m
[[1;34mINFO[m] Running EOorg.EOeolang.[1mEOfloat_div_nan_is_nanTest[m
[[1;34mINFO[m] [1;32mTests run: [0;1;32m1[m, Failures: 0, Errors: 0, Skipped: 0, Time elapsed: 0.035 s - in EOorg.EOeolang.[1mEOdiv_for_dividend_greater_than_zeroTest[m
[[1;34mINFO[m] Running EOorg.EOeolang.[1mEOtry_memory_update_catchTest[m
[[1;34mINFO[m] [1;32mTests run: [0;1;32m1[m, Failures: 0, Errors: 0, Skipped: 0, Time elapsed: 0.06 s - in EOorg.EOeolang.[1mEOzero_not_lte_neg_zeroTest[m
[[1;34mINFO[m] Running EOorg.EOeolang.[1mEOswitch_complex_caseTest[m
[[1;34mINFO[m] [1;32mTests run: [0;1;32m2[m, Failures: 0, Errors: 0, Skipped: 0, Time elapsed: 0.123 s - in EOorg.EOeolang.[1mEOtuple_empty_fluent_with_indented_keywordTest[m
[[1;34mINFO[m] Running EOorg.EOeolang.[1mEOintEOltTest[m
[[1;34mINFO[m] [1mTests run: [0;1m0[m, Failures: 0, Errors: 0, Skipped: 0, Time elapsed: 0.087 s - in EOorg.EOeolang.[1mEOramEOramSliceTest[m
[[1;34mINFO[m] Running EOorg.EOeolang.[1mEOtuple_fluent_with_indentedTest[m
[[1;34mINFO[m] [1mTests run: [0;1m0[m, Failures: 0, Errors: 0, Skipped: 0, Time elapsed: 0.02 s - in EOorg.EOeolang.[1mEOfloat_div_nan_is_nanTest[m
[[1;34mINFO[m] [1;32mTests run: [0;1;32m1[m, Failures: 0, Errors: 0, Skipped: 0, Time elapsed: 0.033 s - in EOorg.EOeolang.[1mEOnan_not_gte_nanTest[m
[[1;34mINFO[m] Running EOorg.EOeolang.[1mEOfloat_not_equal_to_positive_infinityTest[m
[[1;34mINFO[m] Running EOorg.EOeolang.[1mEOcalling_caged_functionTest[m
[[1;34mINFO[m] [1;32mTests run: [0;1;32m2[m, Failures: 0, Errors: 0, Skipped: 0, Time elapsed: 0.035 s - in EOorg.EOeolang.[1mEOtry_memory_update_catchTest[m
[[1;34mINFO[m] Running EOorg.EOeolang.[1mEOpositive_infinity_lte_positive_infinityTest[m
[[1;34mINFO[m] [1;32mTests run: [0;1;32m1[m, Failures: 0, Errors: 0, Skipped: 0, Time elapsed: 0.021 s - in EOorg.EOeolang.[1mEOintEOltTest[m
[[1;34mINFO[m] [1mTests run: [0;1m0[m, Failures: 0, Errors: 0, Skipped: 0, Time elapsed: 0.026 s - in EOorg.EOeolang.[1mEOcalling_caged_functionTest[m
[[1;34mINFO[m] Running EOorg.EOeolang.[1mEOcounts_size_of_bytesTest[m
[[1;34mINFO[m] Running EOorg.EOeolang.[1mEObytesEOconcatTest[m
[[1;34mINFO[m] [1;32mTests run: [0;1;32m1[m, Failures: 0, Errors: 0, Skipped: 0, Time elapsed: 0.011 s - in EOorg.EOeolang.[1mEObytesEOconcatTest[m
[[1;34mINFO[m] Running EOorg.EOeolang.[1mEOmoves_copy_to_new_parentTest[m
[[1;34mINFO[m] [1;32mTests run: [0;1;32m1[m, Failures: 0, Errors: 0, Skipped: 0, Time elapsed: 0.112 s - in EOorg.EOeolang.[1mEOintEOminusTest[m
[[1;34mINFO[m] Running EOorg.EOeolang.[1mEOboolEOandTest[m
[[1;34mINFO[m] [1;32mTests run: [0;1;32m3[m, Failures: 0, Errors: 0, Skipped: 0, Time elapsed: 0.008 s - in EOorg.EOeolang.[1mEOboolEOandTest[m
[[1;34mINFO[m] Running EOorg.EOeolang.[1mEOtext_block_with_marginTest[m
[[1;34mINFO[m] [1;32mTests run: [0;1;32m2[m, Failures: 0, Errors: 0, Skipped: 0, Time elapsed: 0.825 s - in EOorg.EOeolang.[1mEOcomplex_bool_expression_in_whileTest[m
[[1;34mINFO[m] [1mTests run: [0;1m0[m, Failures: 0, Errors: 0, Skipped: 0, Time elapsed: 0.053 s - in EOorg.EOeolang.[1mEOpositive_infinity_lte_positive_infinityTest[m
[[1;34mINFO[m] Running EOorg.EOeolang.[1mEOthrows_when_applies_to_closed_objectTest[m
[[1;34mINFO[m] Running EOorg.EOeolang.[1mEOdataizes_encaged_object_lazily_secondTest[m
[[1;34mINFO[m] [1mTests run: [0;1m0[m, Failures: 0, Errors: 0, Skipped: 0, Time elapsed: 0.057 s - in EOorg.EOeolang.[1mEOfloat_not_equal_to_positive_infinityTest[m
[[1;34mINFO[m] [1mTests run: [0;1m0[m, Failures: 0, Errors: 0, Skipped: 0, Time elapsed: 0.036 s - in EOorg.EOeolang.[1mEOcounts_size_of_bytesTest[m
[[1;34mINFO[m] Running EOorg.EOeolang.[1mEOtakes_parent_objectTest[m
[[1;34mINFO[m] Running EOorg.EOeolang.[1mEOnegative_infinity_lt_positive_infinityTest[m
[[1;34mINFO[m] [1;32mTests run: [0;1;32m3[m, Failures: 0, Errors: 0, Skipped: 0, Time elapsed: 0.007 s - in EOorg.EOeolang.[1mEOthrows_when_applies_to_closed_objectTest[m
[[1;34mINFO[m] [1mTests run: [0;1m0[m, Failures: 0, Errors: 0, Skipped: 0, Time elapsed: 0.033 s - in EOorg.EOeolang.[1mEOmoves_copy_to_new_parentTest[m
[[1;34mINFO[m] Running EOorg.EOeolang.[1mEOtuple_with_in_seqTest[m
[[1;34mINFO[m] Running EOorg.EOeolang.[1mEOsum_up_wrong_argsTest[m
[[1;34mINFO[m] [1mTests run: [0;1m0[m, Failures: 0, Errors: 0, Skipped: 0, Time elapsed: 0.013 s - in EOorg.EOeolang.[1mEOtext_block_with_marginTest[m
[[1;34mINFO[m] Running EOorg.EOeolang.[1mEOas_bytes_equals_to_floatTest[m
[[1;34mINFO[m] [1;32mTests run: [0;1;32m1[m, Failures: 0, Errors: 0, Skipped: 0, Time elapsed: 0.007 s - in EOorg.EOeolang.[1mEOas_bytes_equals_to_floatTest[m
[[1;34mINFO[m] Running EOorg.EOeolang.[1mEOwrites_and_slice_ramTest[m
[[1;34mINFO[m] [1;32mTests run: [0;1;32m1[m, Failures: 0, Errors: 0, Skipped: 0, Time elapsed: 0.119 s - in EOorg.EOeolang.[1mEOtuple_fluent_with_indentedTest[m
[[1;34mINFO[m] Running EOorg.EOeolang.[1mEOneg_zero_not_gte_zeroTest[m
[[1;34mINFO[m] [1;32mTests run: [0;1;32m3[m, Failures: 0, Errors: 0, Skipped: 0, Time elapsed: 0.044 s - in EOorg.EOeolang.[1mEOdataizes_encaged_object_lazily_secondTest[m
[[1;34mINFO[m] [1mTests run: [0;1m0[m, Failures: 0, Errors: 0, Skipped: 0, Time elapsed: 0.041 s - in EOorg.EOeolang.[1mEOtakes_parent_objectTest[m
[[1;34mINFO[m] Running EOorg.EOeolang.[1mEOpositive_infinity_not_gte_nanTest[m
[[1;34mINFO[m] Running org.eolang.[1mAtCompositeTest[m
[[1;34mINFO[m] [1;32mTests run: [0;1;32m1[m, Failures: 0, Errors: 0, Skipped: 0, Time elapsed: 0.026 s - in EOorg.EOeolang.[1mEOtuple_with_in_seqTest[m
[[1;34mINFO[m] Running org.eolang.[1mPhConstTest[m
[[1;34mINFO[m] [1mTests run: [0;1m0[m, Failures: 0, Errors: 0, Skipped: 0, Time elapsed: 0.026 s - in EOorg.EOeolang.[1mEOsum_up_wrong_argsTest[m
[[1;34mINFO[m] Running EOorg.EOeolang.[1mEOslice_foreign_literalsTest[m
[[1;34mINFO[m] [1;32mTests run: [0;1;32m3[m, Failures: 0, Errors: 0, Skipped: 0, Time elapsed: 0.05 s - in EOorg.EOeolang.[1mEOnegative_infinity_lt_positive_infinityTest[m
[[1;34mINFO[m] Running EOorg.EOeolang.[1mEOint_equal_to_nan_and_infinites_is_falseTest[m
[[1;34mINFO[m] [1;32mTests run: [0;1;32m3[m, Failures: 0, Errors: 0, Skipped: 0, Time elapsed: 0.009 s - in EOorg.EOeolang.[1mEOslice_foreign_literalsTest[m
[[1;34mINFO[m] Running EOorg.EOeolang.[1mEOdirectly_accesses_objects_from_rootTest[m
[[1;34mINFO[m] [1;32mTests run: [0;1;32m2[m, Failures: 0, Errors: 0, Skipped: 0, Time elapsed: 0.025 s - in EOorg.EOeolang.[1mEOwrites_and_slice_ramTest[m
[[1;34mINFO[m] Running EOorg.EOeolang.[1mEOas_int_is_transparentTest[m
[[1;34mINFO[m] [1;32mTests run: [0;1;32m2[m, Failures: 0, Errors: 0, Skipped: 0, Time elapsed: 0.026 s - in EOorg.EOeolang.[1mEOpositive_infinity_not_gte_nanTest[m
Finished![[1;34mINFO[m] [1;32mTests run: [0;1;32m1[m, Failures: 0, Errors: 0, Skipped: 0, Time elapsed: 0.03 s - in EOorg.EOeolang.[1mEOneg_zero_not_gte_zeroTest[m
[[1;34mINFO[m] Running EOorg.EOeolang.[1mEOpositive_infinity_gt_intTest[m
[[1;34mINFO[m] [1mTests run: [0;1m0[m, Failures: 0, Errors: 0, Skipped: 0, Time elapsed: 0.028 s - in org.eolang.[1mAtCompositeTest[m
[[1;34mINFO[m] Running EOorg.EOeolang.[1mEOnan_not_lte_numberTest[m
[[1;34mINFO[m] Running EOorg.EOeolang.[1mEOpositive_infinity_not_lte_negative_infinityTest[m
[[1;34mINFO[m] [1;32mTests run: [0;1;32m2[m, Failures: 0, Errors: 0, Skipped: 0, Time elapsed: 0.009 s - in EOorg.EOeolang.[1mEOas_int_is_transparentTest[m
[[1;34mINFO[m] [1mTests run: [0;1m0[m, Failures: 0, Errors: 0, Skipped: 0, Time elapsed: 0.288 s - in EOorg.EOeolang.[1mEOgoto_jumps_backwards_without_last_datizationTest[m
Hello, world![[1;34mINFO[m] Running EOorg.EOeolang.[1mEOmakes_tuple_through_special_syntaxTest[m
[[1;34mINFO[m] Running EOorg.EOeolang.[1mEOparent_in_vertical_notationTest[m
[[1;34mINFO[m] [1;32mTests run: [0;1;32m2[m, Failures: 0, Errors: 0, Skipped: 0, Time elapsed: 0.182 s - in EOorg.EOeolang.[1mEOswitch_complex_caseTest[m
[[1;34mINFO[m] Running EOorg.EOeolang.[1mEOwrites_integer_to_ramTest[m
[[1;34mINFO[m] [1;32mTests run: [0;1;32m1[m, Failures: 0, Errors: 0, Skipped: 0, Time elapsed: 0.014 s - in EOorg.EOeolang.[1mEOnan_not_lte_numberTest[m
[[1;34mINFO[m] Running EOorg.EOeolang.[1mEOtimes_diff_signTest[m
[[1;34mINFO[m] [1;32mTests run: [0;1;32m2[m, Failures: 0, Errors: 0, Skipped: 0, Time elapsed: 0.02 s - in EOorg.EOeolang.[1mEOpositive_infinity_not_lte_negative_infinityTest[m
[[1;34mINFO[m] Running EOorg.EOeolang.[1mEOdivision_by_oneTest[m
[[1;34mINFO[m] [1;32mTests run: [0;1;32m3[m, Failures: 0, Errors: 0, Skipped: 0, Time elapsed: 0.02 s - in EOorg.EOeolang.[1mEOparent_in_vertical_notationTest[m
[[1;34mINFO[m] Running EOorg.EOeolang.[1mEOslice_end_greater_actualTest[m
[[1;34mINFO[m] [1mTests run: [0;1m0[m, Failures: 0, Errors: 0, Skipped: 0, Time elapsed: 0.03 s - in EOorg.EOeolang.[1mEOpositive_infinity_gt_intTest[m
[[1;34mINFO[m] Running EOorg.EOeolang.[1mEOnan_div_number_is_nanTest[m
[[1;34mINFO[m] [1;32mTests run: [0;1;32m2[m, Failures: 0, Errors: 0, Skipped: 0, Time elapsed: 0.023 s - in EOorg.EOeolang.[1mEOtimes_diff_signTest[m
[[1;34mINFO[m] Running EOorg.EOeolang.[1mEOneg_zero_not_less_that_zeroTest[m
[[1;34mINFO[m] [1;32mTests run: [0;1;32m3[m, Failures: 0, Errors: 0, Skipped: 0, Time elapsed: 0.04 s - in EOorg.EOeolang.[1mEOmakes_tuple_through_special_syntaxTest[m
[[1;34mINFO[m] [1mTests run: [0;1m0[m, Failures: 0, Errors: 0, Skipped: 0, Time elapsed: 0.022 s - in EOorg.EOeolang.[1mEOdivision_by_oneTest[m
[[1;34mINFO[m] Running EOorg.EOeolang.[1mEOcompares_two_stringsTest[m
[[1;34mINFO[m] Running EOorg.EOeolang.[1mEOnan_neg_is_nanTest[m
[[1;34mINFO[m] [1;32mTests run: [0;1;32m2[m, Failures: 0, Errors: 0, Skipped: 0, Time elapsed: 0.028 s - in EOorg.EOeolang.[1mEOslice_end_greater_actualTest[m
[[1;34mINFO[m] Running EOorg.EOeolang.[1mEOnan_not_eq_numberTest[m
[[1;34mINFO[m] [1;32mTests run: [0;1;32m2[m, Failures: 0, Errors: 0, Skipped: 0, Time elapsed: 0.076 s - in EOorg.EOeolang.[1mEOdirectly_accesses_objects_from_rootTest[m
[[1;34mINFO[m] Running EOorg.EOeolang.[1mEOand_with_two_plusTest[m
[[1;34mINFO[m] [1;32mTests run: [0;1;32m2[m, Failures: 0, Errors: 0, Skipped: 0, Time elapsed: 0.037 s - in EOorg.EOeolang.[1mEOnan_div_number_is_nanTest[m
[[1;34mINFO[m] Running EOorg.EOeolang.[1mEOright_with_minus_oneTest[m
[[1;34mINFO[m] [1;32mTests run: [0;1;32m1[m, Failures: 0, Errors: 0, Skipped: 0, Time elapsed: 0.023 s - in EOorg.EOeolang.[1mEOnan_neg_is_nanTest[m
[[1;34mINFO[m] Running EOorg.EOeolang.[1mEOwritten_in_several_linesTest[m
[[1;34mINFO[m] [1;32mTests run: [0;1;32m2[m, Failures: 0, Errors: 0, Skipped: 0, Time elapsed: 0.026 s - in EOorg.EOeolang.[1mEOnan_not_eq_numberTest[m
[[1;34mINFO[m] Running EOorg.EOeolang.[1mEOnan_not_gt_numberTest[m
[[1;34mINFO[m] [1;32mTests run: [0;1;32m2[m, Failures: 0, Errors: 0, Skipped: 0, Time elapsed: 0.034 s - in EOorg.EOeolang.[1mEOcompares_two_stringsTest[m
[[1;34mINFO[m] [1;32mTests run: [0;1;32m1[m, Failures: 0, Errors: 0, Skipped: 0, Time elapsed: 0.026 s - in EOorg.EOeolang.[1mEOand_with_two_plusTest[m
[[1;34mINFO[m] Running EOorg.EOeolang.[1mEOpositive_infinity_lt_positive_infinityTest[m
[[1;34mINFO[m] Running EOorg.EOeolang.[1mEOtext_block_tree_linesTest[m
[[1;34mINFO[m] [1;32mTests run: [0;1;32m1[m, Failures: 0, Errors: 0, Skipped: 0, Time elapsed: 0.128 s - in org.eolang.[1mPhConstTest[m
[[1;34mINFO[m] [1;32mTests run: [0;1;32m1[m, Failures: 0, Errors: 0, Skipped: 0, Time elapsed: 0.055 s - in EOorg.EOeolang.[1mEOneg_zero_not_less_that_zeroTest[m
[[1;34mINFO[m] Running EOorg.EOeolang.[1mEOless_falseTest[m
[[1;34mINFO[m] [1;32mTests run: [0;1;32m1[m, Failures: 0, Errors: 0, Skipped: 0, Time elapsed: 0.009 s - in EOorg.EOeolang.[1mEOtext_block_tree_linesTest[m
[[1;34mINFO[m] Running EOorg.EOeolang.[1mEOas_bytes_equals_to_float_backwardsTest[m
[[1;34mINFO[m] Running EOorg.EOeolang.[1mEOrust_returns_negative_doableTest[m
[[1;34mINFO[m] [1;32mTests run: [0;1;32m3[m, Failures: 0, Errors: 0, Skipped: 0, Time elapsed: 0.019 s - in EOorg.EOeolang.[1mEOnan_not_gt_numberTest[m
[[1;34mINFO[m] [1mTests run: [0;1m0[m, Failures: 0, Errors: 0, Skipped: 0, Time elapsed: 0.032 s - in EOorg.EOeolang.[1mEOright_with_minus_oneTest[m
[[1;34mINFO[m] [1mTests run: [0;1m0[m, Failures: 0, Errors: 0, Skipped: 0, Time elapsed: 0.023 s - in EOorg.EOeolang.[1mEOwritten_in_several_linesTest[m
[[1;34mINFO[m] Running EOorg.EOeolang.[1mEOconcat_emptyTest[m
[[1;34mINFO[m] Running EOorg.EOeolang.[1mEOpositive_infinity_gte_intTest[m
[[1;34mINFO[m] Running EOorg.EOeolang.[1mEOtext_block_one_lineTest[m
[[1;34mINFO[m] [1;32mTests run: [0;1;32m1[m, Failures: 0, Errors: 0, Skipped: 0, Time elapsed: 0.1 s - in EOorg.EOeolang.[1mEOwrites_integer_to_ramTest[m
[[1;34mINFO[m] Running EOorg.EOeolang.[1mEOrust_find_returns_intTest[m
[[1;34mINFO[m] [1;32mTests run: [0;1;32m2[m, Failures: 0, Errors: 0, Skipped: 0, Time elapsed: 0.021 s - in EOorg.EOeolang.[1mEOpositive_infinity_lt_positive_infinityTest[m
[[1;34mINFO[m] [1;32mTests run: [0;1;32m1[m, Failures: 0, Errors: 0, Skipped: 0, Time elapsed: 0.012 s - in EOorg.EOeolang.[1mEOconcat_emptyTest[m
[[1;34mINFO[m] Running EOorg.EOeolang.[1mEOdiv_with_remainderTest[m
[[1;34mINFO[m] Running EOorg.EOeolang.[1mEOrust_invalid_putTest[m
[[1;34mINFO[m] [1;32mTests run: [0;1;32m1[m, Failures: 0, Errors: 0, Skipped: 0, Time elapsed: 0.01 s - in EOorg.EOeolang.[1mEOas_bytes_equals_to_float_backwardsTest[m
[[1;34mINFO[m] [1mTests run: [0;1m0[m, Failures: 0, Errors: 0, Skipped: 0, Time elapsed: 0.016 s - in EOorg.EOeolang.[1mEOtext_block_one_lineTest[m
[[1;34mINFO[m] Running EOorg.EOeolang.[1mEOcompares_two_local_objectsTest[m
[[1;34mINFO[m] Running EOorg.EOeolang.[1mEOneg_zero_not_greater_that_zeroTest[m
[[1;34mINFO[m] [1;32mTests run: [0;1;32m1[m, Failures: 0, Errors: 0, Skipped: 0, Time elapsed: 0.028 s - in EOorg.EOeolang.[1mEOless_falseTest[m
[[1;34mINFO[m] Running EOorg.EOeolang.[1mEOsupports_escape_sequencesTest[m
[[1;34mINFO[m] [1;32mTests run: [0;1;32m1[m, Failures: 0, Errors: 0, Skipped: 0, Time elapsed: 0.032 s - in EOorg.EOeolang.[1mEOrust_returns_negative_doableTest[m
[[1;34mINFO[m] Running EOorg.EOeolang.[1mEOcheck_triple_quotesTest[m
[[1;34mINFO[m] [1;32mTests run: [0;1;32m1[m, Failures: 0, Errors: 0, Skipped: 0, Time elapsed: 0.012 s - in EOorg.EOeolang.[1mEOsupports_escape_sequencesTest[m
[[1;34mINFO[m] [1;32mTests run: [0;1;32m1[m, Failures: 0, Errors: 0, Skipped: 0, Time elapsed: 0.018 s - in EOorg.EOeolang.[1mEOneg_zero_not_greater_that_zeroTest[m
[[1;34mINFO[m] Running EOorg.EOeolang.[1mEOpositive_infinity_gte_positive_infinityTest[m
[[1;34mINFO[m] Running EOorg.EOeolang.[1mEOturns_bytes_into_a_stringTest[m
[[1;34mINFO[m] [1;32mTests run: [0;1;32m2[m, Failures: 0, Errors: 0, Skipped: 0, Time elapsed: 0.038 s - in EOorg.EOeolang.[1mEOrust_find_returns_intTest[m
[[1;34mINFO[m] [1mTests run: [0;1m0[m, Failures: 0, Errors: 0, Skipped: 0, Time elapsed: 0.027 s - in EOorg.EOeolang.[1mEOdiv_with_remainderTest[m
[[1;34mINFO[m] Running EOorg.EOeolang.[1mEOtimes_multipleTest[m
[[1;34mINFO[m] [1;32mTests run: [0;1;32m1[m, Failures: 0, Errors: 0, Skipped: 0, Time elapsed: 0.044 s - in EOorg.EOeolang.[1mEOpositive_infinity_gte_intTest[m
[[1;34mINFO[m] Running EOorg.EOeolang.[1mEOxor_neg_bytes_as_int_with_leading_zeroesTest[m
[[1;34mINFO[m] Running EOorg.EOeolang.[1mEOrust_is_byte_arrayTest[m
[[1;34mINFO[m] [1;32mTests run: [0;1;32m1[m, Failures: 0, Errors: 0, Skipped: 0, Time elapsed: 0.03 s - in EOorg.EOeolang.[1mEOcompares_two_local_objectsTest[m
[[1;34mINFO[m] Running EOorg.EOeolang.[1mEOpositive_object_verticesTest[m
[[1;34mINFO[m] [1;32mTests run: [0;1;32m1[m, Failures: 0, Errors: 0, Skipped: 0, Time elapsed: 0.023 s - in EOorg.EOeolang.[1mEOcheck_triple_quotesTest[m
[[1;34mINFO[m] Running EOorg.EOeolang.[1mEOleq_trueTest[m
[[1;34mINFO[m] [1;32mTests run: [0;1;32m2[m, Failures: 0, Errors: 0, Skipped: 0, Time elapsed: 0.047 s - in EOorg.EOeolang.[1mEOrust_invalid_putTest[m
[[1;34mINFO[m] [1mTests run: [0;1m0[m, Failures: 0, Errors: 0, Skipped: 0, Time elapsed: 0.017 s - in EOorg.EOeolang.[1mEOtimes_multipleTest[m
[[1;34mINFO[m] Running EOorg.EOeolang.[1mEOcorrectly_handles_same_name_attrs_simplifiedTest[m
[[1;34mINFO[m] Running EOorg.EOeolang.[1mEOtimes_by_zeroTest[m
[[1;34mINFO[m] [1;32mTests run: [0;1;32m3[m, Failures: 0, Errors: 0, Skipped: 0, Time elapsed: 0.026 s - in EOorg.EOeolang.[1mEOturns_bytes_into_a_stringTest[m
[[1;34mINFO[m] [1mTests run: [0;1m0[m, Failures: 0, Errors: 0, Skipped: 0, Time elapsed: 0.029 s - in EOorg.EOeolang.[1mEOpositive_infinity_gte_positive_infinityTest[m
[[1;34mINFO[m] [1mTests run: [0;1m0[m, Failures: 0, Errors: 0, Skipped: 0, Time elapsed: 0.018 s - in EOorg.EOeolang.[1mEOrust_is_byte_arrayTest[m
[[1;34mINFO[m] Running EOorg.EOeolang.[1mEOpositive_infinity_not_lt_nanTest[m
[[1;34mINFO[m] Running EOorg.EOeolang.[1mEOmulti_layer_volatilityTest[m
[[1;34mINFO[m] Running EOorg.EOeolang.[1mEOno_slice_stringTest[m
[[1;34mINFO[m] [1;32mTests run: [0;1;32m2[m, Failures: 0, Errors: 0, Skipped: 0, Time elapsed: 0.013 s - in EOorg.EOeolang.[1mEOpositive_infinity_not_lt_nanTest[m
[[1;34mINFO[m] Running EOorg.EOeolang.[1mEOsupports_escape_sequences_line_breakTest[m
[[1;34mINFO[m] [1mTests run: [0;1m0[m, Failures: 0, Errors: 0, Skipped: 0, Time elapsed: 0.018 s - in EOorg.EOeolang.[1mEOno_slice_stringTest[m
[[1;34mINFO[m] [1;32mTests run: [0;1;32m2[m, Failures: 0, Errors: 0, Skipped: 0, Time elapsed: 0.028 s - in EOorg.EOeolang.[1mEOtimes_by_zeroTest[m
[[1;34mINFO[m] Running EOorg.EOeolang.EOio.[1mEOstdoutTest[m
[[1;34mINFO[m] [1mTests run: [0;1m0[m, Failures: 0, Errors: 0, Skipped: 0, Time elapsed: 0.048 s - in EOorg.EOeolang.[1mEOxor_neg_bytes_as_int_with_leading_zeroesTest[m
[[1;34mINFO[m] Running EOorg.EOeolang.[1mEOand_with_zeroTest[m
[[1;34mINFO[m] Running EOorg.EOeolang.[1mEOiterates_over_sigmaTest[m
[[1;34mINFO[m] [1;32mTests run: [0;1;32m1[m, Failures: 0, Errors: 0, Skipped: 0, Time elapsed: 0.044 s - in EOorg.EOeolang.[1mEOpositive_object_verticesTest[m
[[1;34mINFO[m] Running EOorg.EOeolang.[1mEOphi_in_horizontal_notationTest[m
[[1;34mINFO[m] [1;32mTests run: [0;1;32m2[m, Failures: 0, Errors: 0, Skipped: 0, Time elapsed: 0.012 s - in EOorg.EOeolang.[1mEOsupports_escape_sequences_line_breakTest[m
[[1;34mINFO[m] Running EOorg.EOeolang.[1mEOsupports_escape_sequences_unicodeTest[m
[[1;34mINFO[m] [1;32mTests run: [0;1;32m1[m, Failures: 0, Errors: 0, Skipped: 0, Time elapsed: 0.044 s - in EOorg.EOeolang.[1mEOleq_trueTest[m
[[1;34mINFO[m] Running EOorg.EOeolang.[1mEOnegative_infinity_not_lte_nanTest[m
[[1;34mINFO[m] [1;32mTests run: [0;1;32m2[m, Failures: 0, Errors: 0, Skipped: 0, Time elapsed: 0.01 s - in EOorg.EOeolang.[1mEOsupports_escape_sequences_unicodeTest[m
[[1;34mINFO[m] [1mTests run: [0;1m0[m, Failures: 0, Errors: 0, Skipped: 0, Time elapsed: 0.231 s - in EOorg.EOeolang.[1mEOint_equal_to_nan_and_infinites_is_falseTest[m
[[1;34mINFO[m] [1mTests run: [0;1m0[m, Failures: 0, Errors: 0, Skipped: 0, Time elapsed: 0.015 s - in EOorg.EOeolang.[1mEOand_with_zeroTest[m
[[1;34mINFO[m] Running EOorg.EOeolang.[1mEOstringTest[m
[[1;34mINFO[m] Running EOorg.EOeolang.[1mEOnegative_object_verticesTest[m
[[1;34mINFO[m] [1;32mTests run: [0;1;32m1[m, Failures: 0, Errors: 0, Skipped: 0, Time elapsed: 0.052 s - in EOorg.EOeolang.[1mEOcorrectly_handles_same_name_attrs_simplifiedTest[m
[[1;34mINFO[m] Running EOorg.EOeolang.[1mEOmemory_is_strictly_typed_string_error_overflowTest[m
[[1;34mINFO[m] Running EOorg.EOeolang.[1mEOnan_as_bytes_is_bytes_of_zero_div_zeroTest[m
[[1;34mINFO[m] [1;32mTests run: [0;1;32m1[m, Failures: 0, Errors: 0, Skipped: 0, Time elapsed: 0.022 s - in EOorg.EOeolang.[1mEOphi_in_horizontal_notationTest[m
[[1;34mINFO[m] Running EOorg.EOeolang.[1mEOrefers_to_inner_vars_correctlyTest[m
[[1;34mINFO[m] [1;32mTests run: [0;1;32m3[m, Failures: 0, Errors: 0, Skipped: 0, Time elapsed: 0.027 s - in EOorg.EOeolang.[1mEOnegative_infinity_not_lte_nanTest[m
[[1;34mINFO[m] Running EOorg.EOeolang.[1mEOxor_with_two_plusTest[m
[[1;34mINFO[m] [1mTests run: [0;1m0[m, Failures: 0, Errors: 0, Skipped: 0, Time elapsed: 0.008 s - in EOorg.EOeolang.[1mEOmemory_is_strictly_typed_string_error_overflowTest[m
[[1;34mINFO[m] Running EOorg.EOeolang.[1mEOpositive_infinity_eq_positive_infinityTest[m
[[1;34mINFO[m] [1;32mTests run: [0;1;32m3[m, Failures: 0, Errors: 0, Skipped: 0, Time elapsed: 0.018 s - in EOorg.EOeolang.[1mEOnan_as_bytes_is_bytes_of_zero_div_zeroTest[m
[[1;34mINFO[m] [1mTests run: [0;1m0[m, Failures: 0, Errors: 0, Skipped: 0, Time elapsed: 0.023 s - in EOorg.EOeolang.[1mEOstringTest[m
[[1;34mINFO[m] Running EOorg.EOeolang.[1mEOnegative_float_div_positive_infinityTest[m
[[1;34mINFO[m] [1;32mTests run: [0;1;32m1[m, Failures: 0, Errors: 0, Skipped: 0, Time elapsed: 0.054 s - in EOorg.EOeolang.[1mEOiterates_over_sigmaTest[m
[[1;34mINFO[m] Running EOorg.EOeolang.[1mEOgte_equalTest[m
[[1;34mINFO[m] Running EOorg.EOeolang.[1mEOcompares_bool_to_bytesTest[m
[[1;34mINFO[m] [1;32mTests run: [0;1;32m1[m, Failures: 0, Errors: 0, Skipped: 0, Time elapsed: 0.022 s - in EOorg.EOeolang.[1mEOpositive_infinity_eq_positive_infinityTest[m
[[1;34mINFO[m] Running EOorg.EOeolang.[1mEOfloat_equal_to_nan_and_infinites_is_false_highloadTest[m
[[1;34mINFO[m] [1;32mTests run: [0;1;32m2[m, Failures: 0, Errors: 0, Skipped: 0, Time elapsed: 0.013 s - in EOorg.EOeolang.[1mEOcompares_bool_to_bytesTest[m
[[1;34mINFO[m] [1mTests run: [0;1m0[m, Failures: 0, Errors: 0, Skipped: 0, Time elapsed: 0.031 s - in EOorg.EOeolang.[1mEOxor_with_two_plusTest[m
[[1;34mINFO[m] Running EOorg.EOeolang.[1mEOless_trueTest[m
[[1;34mINFO[m] Running EOorg.EOeolang.[1mEOzero_not_less_that_neg_zeroTest[m
[[1;34mINFO[m] [1;32mTests run: [0;1;32m1[m, Failures: 0, Errors: 0, Skipped: 0, Time elapsed: 0.028 s - in EOorg.EOeolang.[1mEOnegative_float_div_positive_infinityTest[m
[[1;34mINFO[m] Running EOorg.EOeolang.[1mHeapsTest[m
[[1;34mINFO[m] [1;32mTests run: [0;1;32m1[m, Failures: 0, Errors: 0, Skipped: 0, Time elapsed: 0.005 s - in EOorg.EOeolang.[1mHeapsTest[m
[[1;34mINFO[m] Running EOorg.EOeolang.[1mEOpositive_float_div_negative_infinityTest[m
[[1;34mINFO[m] [1;32mTests run: [0;1;32m3[m, Failures: 0, Errors: 0, Skipped: 0, Time elapsed: 0.017 s - in EOorg.EOeolang.[1mEOzero_not_less_that_neg_zeroTest[m
[[1;34mINFO[m] [1mTests run: [0;1m0[m, Failures: 0, Errors: 0, Skipped: 0, Time elapsed: 0.017 s - in EOorg.EOeolang.[1mEOless_trueTest[m
[[1;34mINFO[m] Running EOorg.EOeolang.[1mEOright_way_to_use_hierarchyTest[m
[[1;34mINFO[m] Running EOorg.EOeolang.[1mEOnegative_infinity_lt_negative_infinityTest[m
[[1;34mINFO[m] [1mTests run: [0;1m0[m, Failures: 0, Errors: 0, Skipped: 0, Time elapsed: 0.062 s - in EOorg.EOeolang.[1mEOrefers_to_inner_vars_correctlyTest[m
[[1;34mINFO[m] Running EOorg.EOeolang.[1mEOas_bool_is_transparentTest[m
[[1;34mINFO[m] [1;32mTests run: [0;1;32m3[m, Failures: 0, Errors: 0, Skipped: 0, Time elapsed: 0.093 s - in EOorg.EOeolang.[1mEOnegative_object_verticesTest[m
[[1;34mINFO[m] [1mTests run: [0;1m0[m, Failures: 0, Errors: 0, Skipped: 0, Time elapsed: 0.028 s - in EOorg.EOeolang.[1mEOpositive_float_div_negative_infinityTest[m
[[1;34mINFO[m] Running EOorg.EOeolang.[1mEOseq_single_dataization_float_greater_than_testTest[m
[[1;34mINFO[m] Running EOorg.EOeolang.[1mEOtimes_by_oneTest[m
[[1;34mINFO[m] [1;32mTests run: [0;1;32m1[m, Failures: 0, Errors: 0, Skipped: 0, Time elapsed: 0.02 s - in EOorg.EOeolang.[1mEOas_bool_is_transparentTest[m
[[1;34mINFO[m] [1;32mTests run: [0;1;32m1[m, Failures: 0, Errors: 0, Skipped: 0, Time elapsed: 0.061 s - in EOorg.EOeolang.[1mEOgte_equalTest[m
[[1;34mINFO[m] Running EOorg.EOeolang.[1mEOcreates_vararg_from_variable_arrayTest[m
[[1;34mINFO[m] Running EOorg.EOeolang.[1mEOpositive_infinity_not_lt_intTest[m
Hello, world!
[[1;34mINFO[m] [1;32mTests run: [0;1;32m4[m, Failures: 0, Errors: 0, Skipped: 0, Time elapsed: 0.016 s - in EOorg.EOeolang.[1mEOtimes_by_oneTest[m
[[1;34mINFO[m] Running EOorg.EOeolang.[1mEOcompares_two_foreign_objectsTest[m
[[1;34mINFO[m] [1;32mTests run: [0;1;32m1[m, Failures: 0, Errors: 0, Skipped: 0, Time elapsed: 0.022 s - in EOorg.EOeolang.[1mEOseq_single_dataization_float_greater_than_testTest[m
[[1;34mINFO[m] Running EOorg.EOeolang.[1mEOreads_the_lengthTest[m
[[1;34mINFO[m] [1;32mTests run: [0;1;32m2[m, Failures: 0, Errors: 0, Skipped: 0, Time elapsed: 0.006 s - in EOorg.EOeolang.[1mEOcompares_two_foreign_objectsTest[m
[[1;34mINFO[m] Running EOorg.EOeolang.[1mEOtakes_parent_through_attributeTest[m
[[1;34mINFO[m] [1;32mTests run: [0;1;32m2[m, Failures: 0, Errors: 0, Skipped: 0, Time elapsed: 0.024 s - in EOorg.EOeolang.[1mEOpositive_infinity_not_lt_intTest[m
[[1;34mINFO[m] [1;32mTests run: [0;1;32m1[m, Failures: 0, Errors: 0, Skipped: 0, Time elapsed: 0.014 s - in EOorg.EOeolang.[1mEOreads_the_lengthTest[m
[[1;34mINFO[m] Running EOorg.EOeolang.[1mEOmakes_deep_object_recursivelyTest[m
[[1;34mINFO[m] [1;32mTests run: [0;1;32m1[m, Failures: 0, Errors: 0, Skipped: 0, Time elapsed: 0.061 s - in EOorg.EOeolang.[1mEOnegative_infinity_lt_negative_infinityTest[m
[[1;34mINFO[m] Running EOorg.EOeolang.[1mEOnan_minus_number_is_nanTest[m
[[1;34mINFO[m] Running EOorg.EOeolang.[1mEOboolEOnotTest[m
[[1;34mINFO[m] [1mTests run: [0;1m0[m, Failures: 0, Errors: 0, Skipped: 0, Time elapsed: 0.054 s - in EOorg.EOeolang.[1mEOright_way_to_use_hierarchyTest[m
[[1;34mINFO[m] Running EOorg.EOeolang.[1mEOswitch_with_all_false_casesTest[m
[[1;34mINFO[m] [1;32mTests run: [0;1;32m1[m, Failures: 0, Errors: 0, Skipped: 0, Time elapsed: 0.011 s - in EOorg.EOeolang.[1mEOboolEOnotTest[m
[[1;34mINFO[m] Running EOorg.EOeolang.[1mEOnon_empty_tuple_length_testTest[m
[[1;34mINFO[m] [1;32mTests run: [0;1;32m1[m, Failures: 0, Errors: 0, Skipped: 0, Time elapsed: 0.017 s - in EOorg.EOeolang.[1mEOnan_minus_number_is_nanTest[m
[[1;34mINFO[m] Running EOorg.EOeolang.[1mEOcatches_writing_objects_of_different_typesTest[m
[[1;34mINFO[m] [1;32mTests run: [0;1;32m2[m, Failures: 0, Errors: 0, Skipped: 0, Time elapsed: 0.029 s - in EOorg.EOeolang.[1mEOtakes_parent_through_attributeTest[m
[[1;34mINFO[m] [1mTests run: [0;1m0[m, Failures: 0, Errors: 0, Skipped: 0, Time elapsed: 0.057 s - in EOorg.EOeolang.[1mEOcreates_vararg_from_variable_arrayTest[m
[[1;34mINFO[m] Running EOorg.EOeolang.[1mEOextract_attribute_from_decorateeTest[m
[[1;34mINFO[m] Running org.eolang.[1mPhMethodTest[m
[[1;34mINFO[m] [1;32mTests run: [0;1;32m3[m, Failures: 0, Errors: 0, Skipped: 0, Time elapsed: 0.215 s - in EOorg.EOeolang.[1mEOmulti_layer_volatilityTest[m
[[1;34mINFO[m] Running EOorg.EOeolang.[1mEOiterates_over_simple_counterTest[m
[[1;34mINFO[m] [1;32mTests run: [0;1;32m4[m, Failures: 0, Errors: 0, Skipped: 0, Time elapsed: 0.02 s - in EOorg.EOeolang.[1mEOextract_attribute_from_decorateeTest[m
[[1;34mINFO[m] [1mTests run: [0;1m0[m, Failures: 0, Errors: 0, Skipped: 0, Time elapsed: 0.03 s - in EOorg.EOeolang.[1mEOnon_empty_tuple_length_testTest[m
[[1;34mINFO[m] Running EOorg.EOeolang.[1mEOzero_divisionTest[m
[[1;34mINFO[m] Running EOorg.EOeolang.[1mEOadd_multiple_testTest[m
[[1;34mINFO[m] [1;32mTests run: [0;1;32m4[m, Failures: 0, Errors: 0, Skipped: 0, Time elapsed: 0.026 s - in EOorg.EOeolang.[1mEOadd_multiple_testTest[m
[[1;34mINFO[m] [1;32mTests run: [0;1;32m1[m, Failures: 0, Errors: 0, Skipped: 0, Time elapsed: 0.031 s - in EOorg.EOeolang.[1mEOzero_divisionTest[m
[[1;34mINFO[m] Running EOorg.EOeolang.[1mEOjoins_many_andsTest[m
[[1;34mINFO[m] Running EOorg.EOeolang.[1mEOgte_trueTest[m
[[1;34mINFO[m] [1;32mTests run: [0;1;32m2[m, Failures: 0, Errors: 0, Skipped: 0, Time elapsed: 0.062 s - in EOorg.EOeolang.[1mEOcatches_writing_objects_of_different_typesTest[m
[[1;34mINFO[m] [1mTests run: [0;1m0[m, Failures: 0, Errors: 0, Skipped: 0, Time elapsed: 0.237 s - in EOorg.EOeolang.EOio.[1mEOstdoutTest[m
[[1;34mINFO[m] Running EOorg.EOeolang.[1mEOintTest[m
[[1;34mINFO[m] [1;32mTests run: [0;1;32m3[m, Failures: 0, Errors: 0, Skipped: 0, Time elapsed: 0.008 s - in EOorg.EOeolang.[1mEOintTest[m
[[1;34mINFO[m] Running EOorg.EOeolang.[1mEOseveral_slices_ramTest[m
[[1;34mINFO[m] [1;32mTests run: [0;1;32m2[m, Failures: 0, Errors: 0, Skipped: 0, Time elapsed: 0.076 s - in org.eolang.[1mPhMethodTest[m
[[1;34mINFO[m] Running EOorg.EOeolang.[1mEOfloat_zero_not_eq_to_int_zeroTest[m
[[1;34mINFO[m] Running EOorg.EOeolang.[1mEOconstant_defends_against_side_effectsTest[m
[[1;34mINFO[m] [1;32mTests run: [0;1;32m1[m, Failures: 0, Errors: 0, Skipped: 0, Time elapsed: 0.029 s - in EOorg.EOeolang.[1mEOgte_trueTest[m
[[1;34mINFO[m] Running EOorg.EOeolang.[1mEOxor_with_zeroTest[m
[[1;34mINFO[m] [1;32mTests run: [0;1;32m1[m, Failures: 0, Errors: 0, Skipped: 0, Time elapsed: 0.035 s - in EOorg.EOeolang.[1mEOjoins_many_andsTest[m
[[1;34mINFO[m] Running EOorg.EOeolang.[1mEOtuple_fluent_withTest[m
[[1;34mINFO[m] [1;32mTests run: [0;1;32m2[m, Failures: 0, Errors: 0, Skipped: 0, Time elapsed: 0.029 s - in EOorg.EOeolang.[1mEOfloat_zero_not_eq_to_int_zeroTest[m
[[1;34mINFO[m] Running EOorg.EOeolang.[1mEOtuple_as_a_bound_attribute_size_0Test[m
[[1;34mINFO[m] [1;32mTests run: [0;1;32m2[m, Failures: 0, Errors: 0, Skipped: 0, Time elapsed: 0.035 s - in EOorg.EOeolang.[1mEOconstant_defends_against_side_effectsTest[m
[[1;34mINFO[m] [1mTests run: [0;1m0[m, Failures: 0, Errors: 0, Skipped: 0, Time elapsed: 0.101 s - in EOorg.EOeolang.[1mEOiterates_over_simple_counterTest[m
[[1;34mINFO[m] Running EOorg.EOeolang.[1mEOstores_abstract_object_into_cageTest[m
[[1;34mINFO[m] Running EOorg.EOeolang.[1mEOprints_itself_to_consoleTest[m
[[1;34mINFO[m] [1mTests run: [0;1m0[m, Failures: 0, Errors: 0, Skipped: 0, Time elapsed: 0.05 s - in EOorg.EOeolang.[1mEOseveral_slices_ramTest[m
[[1;34mINFO[m] Running EOorg.EOeolang.[1mEOgets_lengths_of_empty_tuple_through_special_syntaxTest[m
[[1;34mINFO[m] [1;32mTests run: [0;1;32m1[m, Failures: 0, Errors: 0, Skipped: 0, Time elapsed: 0.141 s - in EOorg.EOeolang.[1mEOswitch_with_all_false_casesTest[m
[[1;34mINFO[m] Running EOorg.EOeolang.[1mEOand_with_two_negTest[m
[[1;34mINFO[m] [1;32mTests run: [0;1;32m1[m, Failures: 0, Errors: 0, Skipped: 0, Time elapsed: 0.037 s - in EOorg.EOeolang.[1mEOxor_with_zeroTest[m
[[1;34mINFO[m] Running org.eolang.[1mAtNamedTest[m
as-phi.x ≡ ν41876·prints-itself-to-console⟦
	ρ ↦ Φ,
	σ ↦ Φ
⟧[[1;34mINFO[m] [1;32mTests run: [0;1;32m2[m, Failures: 0, Errors: 0, Skipped: 0, Time elapsed: 0.025 s - in EOorg.EOeolang.[1mEOstores_abstract_object_into_cageTest[m
[[1;34mINFO[m] Running EOorg.EOeolang.[1mEOnegative_infinity_not_eq_intTest[m
[[1;34mINFO[m] [1;32mTests run: [0;1;32m1[m, Failures: 0, Errors: 0, Skipped: 0, Time elapsed: 0.027 s - in EOorg.EOeolang.[1mEOprints_itself_to_consoleTest[m
[[1;34mINFO[m] Running EOorg.EOeolang.[1mEOapp_that_calls_varargs_funcTest[m
[[1;34mINFO[m] [1;32mTests run: [0;1;32m3[m, Failures: 0, Errors: 0, Skipped: 0, Time elapsed: 0.027 s - in EOorg.EOeolang.[1mEOgets_lengths_of_empty_tuple_through_special_syntaxTest[m
[[1;34mINFO[m] [1mTests run: [0;1m0[m, Failures: 0, Errors: 0, Skipped: 0, Time elapsed: 0.024 s - in org.eolang.[1mAtNamedTest[m
[[1;34mINFO[m] Running EOorg.EOeolang.[1mEOleft_with_even_negTest[m
[[1;34mINFO[m] Running EOorg.EOeolang.[1mEOright_with_odd_negTest[m
[[1;34mINFO[m] [1mTests run: [0;1m0[m, Failures: 0, Errors: 0, Skipped: 0, Time elapsed: 0.042 s - in EOorg.EOeolang.[1mEOtuple_as_a_bound_attribute_size_0Test[m
[[1;34mINFO[m] Running EOorg.EOeolang.[1mEOrust_returns_positive_doableTest[m
[[1;34mINFO[m] [1;32mTests run: [0;1;32m2[m, Failures: 0, Errors: 0, Skipped: 0, Time elapsed: 0.056 s - in EOorg.EOeolang.[1mEOand_with_two_negTest[m
[[1;34mINFO[m] Running EOorg.EOeolang.[1mEOgoto_jumps_forwardTest[m
[[1;34mINFO[m] [1mTests run: [0;1m0[m, Failures: 0, Errors: 0, Skipped: 0, Time elapsed: 0.035 s - in EOorg.EOeolang.[1mEOnegative_infinity_not_eq_intTest[m
[[1;34mINFO[m] Running EOorg.EOeolang.[1mEOcalculates_fibonacci_number_with_tailTest[m
[[1;34mINFO[m] [1;32mTests run: [0;1;32m2[m, Failures: 0, Errors: 0, Skipped: 0, Time elapsed: 0.091 s - in EOorg.EOeolang.[1mEOtuple_fluent_withTest[m
[[1;34mINFO[m] [1mTests run: [0;1m0[m, Failures: 0, Errors: 0, Skipped: 0, Time elapsed: 0.038 s - in EOorg.EOeolang.[1mEOapp_that_calls_varargs_funcTest[m
[[1;34mINFO[m] Running EOorg.EOeolang.[1mEOstandard_root_and_rootTest[m
[[1;34mINFO[m] Running EOorg.EOeolang.[1mEOslice_empty_stringTest[m
[[1;34mINFO[m] [1;32mTests run: [0;1;32m3[m, Failures: 0, Errors: 0, Skipped: 0, Time elapsed: 0.036 s - in EOorg.EOeolang.[1mEOright_with_odd_negTest[m
[[1;34mINFO[m] [1mTests run: [0;1m0[m, Failures: 0, Errors: 0, Skipped: 0, Time elapsed: 0.039 s - in EOorg.EOeolang.[1mEOleft_with_even_negTest[m
[[1;34mINFO[m] Running EOorg.EOeolang.[1mEOxor_neg_bytes_as_int_without_leading__zeroesTest[m
[[1;34mINFO[m] [1mTests run: [0;1m0[m, Failures: 0, Errors: 0, Skipped: 0, Time elapsed: 0.023 s - in EOorg.EOeolang.[1mEOrust_returns_positive_doableTest[m
[[1;34mINFO[m] Running org.eolang.[1mAtVarargTest[m
one[[1;34mINFO[m] Running EOorg.EOeolang.[1mEOone_xor_one_as_intTest[m
one[[1;34mINFO[m] [1;32mTests run: [0;1;32m1[m, Failures: 0, Errors: 0, Skipped: 0, Time elapsed: 0.018 s - in EOorg.EOeolang.[1mEOstandard_root_and_rootTest[m
[[1;34mINFO[m] Running EOorg.EOeolang.[1mEOpositive_infinity_is_equal_to_one_div_zeroTest[m
[[1;34mINFO[m] [1;32mTests run: [0;1;32m2[m, Failures: 0, Errors: 0, Skipped: 0, Time elapsed: 0.02 s - in EOorg.EOeolang.[1mEOslice_empty_stringTest[m
[[1;34mINFO[m] Running EOorg.EOeolang.[1mEOrho_of_add_should_not_changeTest[m
[[1;34mINFO[m] [1;32mTests run: [0;1;32m1[m, Failures: 0, Errors: 0, Skipped: 0, Time elapsed: 0.026 s - in EOorg.EOeolang.[1mEOxor_neg_bytes_as_int_without_leading__zeroesTest[m
[[1;34mINFO[m] Running EOorg.EOeolang.EOio.[1mEOprints_string_to_consoleTest[m
[[1;34mINFO[m] [1;32mTests run: [0;1;32m2[m, Failures: 0, Errors: 0, Skipped: 0, Time elapsed: 0.01 s - in EOorg.EOeolang.[1mEOrho_of_add_should_not_changeTest[m
Hello world
[[1;34mINFO[m] [1;32mTests run: [0;1;32m2[m, Failures: 0, Errors: 0, Skipped: 0, Time elapsed: 0.019 s - in EOorg.EOeolang.[1mEOpositive_infinity_is_equal_to_one_div_zeroTest[m
[[1;34mINFO[m] Running EOorg.EOeolang.[1mEOsub_testTest[m
[[1;34mINFO[m] [1;32mTests run: [0;1;32m1[m, Failures: 0, Errors: 0, Skipped: 0, Time elapsed: 0.005 s - in EOorg.EOeolang.EOio.[1mEOprints_string_to_consoleTest[m
[[1;34mINFO[m] Running EOorg.EOeolang.[1mEOnegative_float_times_negative_infinityTest[m
[[1;34mINFO[m] Running EOorg.EOeolang.[1mEOinfinite_loop_checkTest[m
[[1;34mINFO[m] [1;32mTests run: [0;1;32m1[m, Failures: 0, Errors: 0, Skipped: 0, Time elapsed: 0.342 s - in EOorg.EOeolang.[1mEOfloat_equal_to_nan_and_infinites_is_false_highloadTest[m
[[1;34mINFO[m] Running EOorg.EOeolang.[1mEOcreates_empty_tuple_with_numberTest[m
[[1;34mINFO[m] [1;32mTests run: [0;1;32m1[m, Failures: 0, Errors: 0, Skipped: 0, Time elapsed: 0.039 s - in org.eolang.[1mAtVarargTest[m
[[1;34mINFO[m] Running EOorg.EOeolang.[1mEOcompiles_correctly_with_long_duplicate_namesTest[m
[[1;34mINFO[m] [1;32mTests run: [0;1;32m1[m, Failures: 0, Errors: 0, Skipped: 0, Time elapsed: 0.004 s - in EOorg.EOeolang.[1mEOcompiles_correctly_with_long_duplicate_namesTest[m
[[1;34mINFO[m] [1mTests run: [0;1m0[m, Failures: 0, Errors: 0, Skipped: 0, Time elapsed: 0.03 s - in EOorg.EOeolang.[1mEOone_xor_one_as_intTest[m
[[1;34mINFO[m] Running EOorg.EOeolang.[1mEOand_neg_bytes_as_int_without_leading__zeroesTest[m
[[1;34mINFO[m] Running EOorg.EOeolang.[1mEOor_with_varargTest[m
[[1;34mINFO[m] [1;32mTests run: [0;1;32m1[m, Failures: 0, Errors: 0, Skipped: 0, Time elapsed: 0.019 s - in EOorg.EOeolang.[1mEOnegative_float_times_negative_infinityTest[m
[[1;34mINFO[m] Running EOorg.EOeolang.[1mEOxTest[m
[[1;34mINFO[m] [1;32mTests run: [0;1;32m1[m, Failures: 0, Errors: 0, Skipped: 0, Time elapsed: 0.02 s - in EOorg.EOeolang.[1mEOcreates_empty_tuple_with_numberTest[m
[[1;34mINFO[m] Running EOorg.EOeolang.[1mEOnan_div_nan_is_nanTest[m
[[1;34mINFO[m] [1;32mTests run: [0;1;32m1[m, Failures: 0, Errors: 0, Skipped: 0, Time elapsed: 0.004 s - in EOorg.EOeolang.[1mEOxTest[m
[[1;34mINFO[m] Running EOorg.EOeolang.[1mEOas_float_is_transparentTest[m
[[1;34mINFO[m] [1;32mTests run: [0;1;32m1[m, Failures: 0, Errors: 0, Skipped: 0, Time elapsed: 0.033 s - in EOorg.EOeolang.[1mEOinfinite_loop_checkTest[m
[[1;34mINFO[m] Running EOorg.EOeolang.[1mEOsize_of_part_is_correctTest[m
[[1;34mINFO[m] [1;32mTests run: [0;1;32m2[m, Failures: 0, Errors: 0, Skipped: 0, Time elapsed: 0.007 s - in EOorg.EOeolang.[1mEOas_float_is_transparentTest[m
[[1;34mINFO[m] [1mTests run: [0;1m0[m, Failures: 0, Errors: 0, Skipped: 0, Time elapsed: 0.011 s - in EOorg.EOeolang.[1mEOnan_div_nan_is_nanTest[m
[[1;34mINFO[m] Running EOorg.EOeolang.[1mEOreturns_same_objectTest[m
[[1;34mINFO[m] Running EOorg.EOeolang.[1mEOcompares_string_with_negative_infinityTest[m
[[1;34mINFO[m] [1;32mTests run: [0;1;32m2[m, Failures: 0, Errors: 0, Skipped: 0, Time elapsed: 0.018 s - in EOorg.EOeolang.[1mEOsize_of_part_is_correctTest[m
[[1;34mINFO[m] [1mTests run: [0;1m0[m, Failures: 0, Errors: 0, Skipped: 0, Time elapsed: 0.017 s - in EOorg.EOeolang.[1mEOcompares_string_with_negative_infinityTest[m
[[1;34mINFO[m] Running EOorg.EOeolang.[1mEOnegative_infinity_not_gt_intTest[m
[[1;34mINFO[m] Running EOorg.EOeolang.[1mEOmemory_is_strictly_typed_boolTest[m
[[1;34mINFO[m] [1;32mTests run: [0;1;32m1[m, Failures: 0, Errors: 0, Skipped: 0, Time elapsed: 0.044 s - in EOorg.EOeolang.[1mEOand_neg_bytes_as_int_without_leading__zeroesTest[m
[[1;34mINFO[m] Running EOorg.EOeolang.[1mEOtwo_nested_try_blocksTest[m
[[1;34mINFO[m] [1;32mTests run: [0;1;32m1[m, Failures: 0, Errors: 0, Skipped: 0, Time elapsed: 0.018 s - in EOorg.EOeolang.[1mEOmemory_is_strictly_typed_boolTest[m
[[1;34mINFO[m] Running EOorg.EOeolang.[1mEOtake_vertex_as_vertical_attributeTest[m
[[1;34mINFO[m] [1;32mTests run: [0;1;32m1[m, Failures: 0, Errors: 0, Skipped: 0, Time elapsed: 0.062 s - in EOorg.EOeolang.[1mEOor_with_varargTest[m
[[1;34mINFO[m] [1;32mTests run: [0;1;32m1[m, Failures: 0, Errors: 0, Skipped: 0, Time elapsed: 0.042 s - in EOorg.EOeolang.[1mEOreturns_same_objectTest[m
[[1;34mINFO[m] Running EOorg.EOeolang.[1mEOslice_escape_sequences_unicodeTest[m
[[1;34mINFO[m] Running EOorg.EOeolang.[1mEOnegative_float_plus_positive_infinityTest[m
[[1;34mINFO[m] [1;32mTests run: [0;1;32m1[m, Failures: 0, Errors: 0, Skipped: 0, Time elapsed: 0.028 s - in EOorg.EOeolang.[1mEOnegative_infinity_not_gt_intTest[m
[[1;34mINFO[m] [1;32mTests run: [0;1;32m1[m, Failures: 0, Errors: 0, Skipped: 0, Time elapsed: 0.13 s - in EOorg.EOeolang.[1mEOcalculates_fibonacci_number_with_tailTest[m
[[1;34mINFO[m] Running EOorg.EOeolang.[1mEOnegative_infinity_eq_negative_infinityTest[m
[[1;34mINFO[m] Running EOorg.EOeolang.[1mEOeight_byte_numbers_xor_as_intTest[m
[[1;34mINFO[m] [1;32mTests run: [0;1;32m1[m, Failures: 0, Errors: 0, Skipped: 0, Time elapsed: 0.139 s - in EOorg.EOeolang.[1mEOgoto_jumps_forwardTest[m
[[1;34mINFO[m] Running EOorg.EOeolang.[1mEOpositive_infinity_gte_floatTest[m
[[1;34mINFO[m] [1;32mTests run: [0;1;32m1[m, Failures: 0, Errors: 0, Skipped: 0, Time elapsed: 0.016 s - in EOorg.EOeolang.[1mEOslice_escape_sequences_unicodeTest[m
[[1;34mINFO[m] Running EOorg.EOeolang.[1mEOtakes_part_of_bytesTest[m
[[1;34mINFO[m] [1;32mTests run: [0;1;32m1[m, Failures: 0, Errors: 0, Skipped: 0, Time elapsed: 0.014 s - in EOorg.EOeolang.[1mEOnegative_infinity_eq_negative_infinityTest[m
[[1;34mINFO[m] Running EOorg.EOeolang.[1mEOnegative_infinity_not_gt_positive_infinityTest[m
[[1;34mINFO[m] [1;32mTests run: [0;1;32m1[m, Failures: 0, Errors: 0, Skipped: 0, Time elapsed: 0.106 s - in EOorg.EOeolang.[1mEOsub_testTest[m
[[1;34mINFO[m] Running org.eolang.[1mAtConstTest[m
[[1;34mINFO[m] [1;32mTests run: [0;1;32m1[m, Failures: 0, Errors: 0, Skipped: 0, Time elapsed: 0.026 s - in EOorg.EOeolang.[1mEOnegative_float_plus_positive_infinityTest[m
[[1;34mINFO[m] Running EOorg.EOeolang.[1mEOas_bytes_equals_to_intTest[m
[[1;34mINFO[m] [1;32mTests run: [0;1;32m5[m, Failures: 0, Errors: 0, Skipped: 0, Time elapsed: 0.011 s - in EOorg.EOeolang.[1mEOtakes_part_of_bytesTest[m
[[1;34mINFO[m] [1mTests run: [0;1m0[m, Failures: 0, Errors: 0, Skipped: 0, Time elapsed: 0.035 s - in EOorg.EOeolang.[1mEOtake_vertex_as_vertical_attributeTest[m
[[1;34mINFO[m] [1mTests run: [0;1m0[m, Failures: 0, Errors: 0, Skipped: 0, Time elapsed: 0.026 s - in EOorg.EOeolang.[1mEOeight_byte_numbers_xor_as_intTest[m
[[1;34mINFO[m] Running EOorg.EOeolang.[1mEOcompares_two_different_typesTest[m
[[1;34mINFO[m] Running EOorg.EOeolang.[1mEOgreater_falseTest[m
[[1;34mINFO[m] [1;32mTests run: [0;1;32m2[m, Failures: 0, Errors: 0, Skipped: 0, Time elapsed: 0.011 s - in org.eolang.[1mAtConstTest[m
[[1;34mINFO[m] Running EOorg.EOeolang.[1mEOfloat_not_gte_nanTest[m
[[1;34mINFO[m] Running EOorg.EOeolang.[1mEOnegative_infinity_lt_floatTest[m
[[1;34mINFO[m] [1;32mTests run: [0;1;32m2[m, Failures: 0, Errors: 0, Skipped: 0, Time elapsed: 0.061 s - in EOorg.EOeolang.[1mEOtwo_nested_try_blocksTest[m
[[1;34mINFO[m] Running EOorg.EOeolang.[1mEOtuple_at_with_errorTest[m
[[1;34mINFO[m] [1mTests run: [0;1m0[m, Failures: 0, Errors: 0, Skipped: 0, Time elapsed: 0.018 s - in EOorg.EOeolang.[1mEOnegative_infinity_not_gt_positive_infinityTest[m
[[1;34mINFO[m] Running EOorg.EOeolang.[1mEOneg_zero_not_lte_zeroTest[m
[[1;34mINFO[m] [1;32mTests run: [0;1;32m1[m, Failures: 0, Errors: 0, Skipped: 0, Time elapsed: 0.041 s - in EOorg.EOeolang.[1mEOas_bytes_equals_to_intTest[m
[[1;34mINFO[m] [1;32mTests run: [0;1;32m1[m, Failures: 0, Errors: 0, Skipped: 0, Time elapsed: 0.037 s - in EOorg.EOeolang.[1mEOgreater_falseTest[m
[[1;34mINFO[m] Running EOorg.EOeolang.[1mEOcompares_string_with_nanTest[m
[[1;34mINFO[m] Running EOorg.EOeolang.[1mEOpositive_float_div_positive_infinityTest[m
[[1;34mINFO[m] [1;32mTests run: [0;1;32m1[m, Failures: 0, Errors: 0, Skipped: 0, Time elapsed: 0.035 s - in EOorg.EOeolang.[1mEOtuple_at_with_errorTest[m
[[1;34mINFO[m] Running EOorg.EOeolang.[1mEOheapEOpointerEOblockTest[m
[[1;34mINFO[m] [1;32mTests run: [0;1;32m1[m, Failures: 0, Errors: 0, Skipped: 0, Time elapsed: 0.065 s - in EOorg.EOeolang.[1mEOpositive_infinity_gte_floatTest[m
[[1;34mINFO[m] Running EOorg.EOeolang.[1mEOas_bytes_equals_to_int_backwardsTest[m
[[1;34mINFO[m] [1;32mTests run: [0;1;32m2[m, Failures: 0, Errors: 0, Skipped: 0, Time elapsed: 0.051 s - in EOorg.EOeolang.[1mEOcompares_two_different_typesTest[m
[[1;34mINFO[m] [1;32mTests run: [0;1;32m1[m, Failures: 0, Errors: 0, Skipped: 0, Time elapsed: 0.012 s - in EOorg.EOeolang.[1mEOcompares_string_with_nanTest[m
[[1;34mINFO[m] Running org.eolang.[1mPhiTest[m
[[1;34mINFO[m] [1;32mTests run: [0;1;32m1[m, Failures: 0, Errors: 0, Skipped: 0, Time elapsed: 0.048 s - in EOorg.EOeolang.[1mEOnegative_infinity_lt_floatTest[m
[[1;34mINFO[m] [1;32mTests run: [0;1;32m2[m, Failures: 0, Errors: 0, Skipped: 0, Time elapsed: 0.046 s - in EOorg.EOeolang.[1mEOfloat_not_gte_nanTest[m
[[1;34mINFO[m] Running EOorg.EOeolang.[1mEOslice_escape_sequences_line_breakTest[m
[[1;34mINFO[m] Running EOorg.EOeolang.[1mEOpositive_float_plus_negative_infinityTest[m
[[1;34mINFO[m] [1mTests run: [0;1m0[m, Failures: 0, Errors: 0, Skipped: 0, Time elapsed: 0.006 s - in EOorg.EOeolang.[1mEOas_bytes_equals_to_int_backwardsTest[m
[[1;34mINFO[m] [1;32mTests run: [0;1;32m1[m, Failures: 0, Errors: 0, Skipped: 0, Time elapsed: 0.01 s - in EOorg.EOeolang.[1mEOheapEOpointerEOblockTest[m
[[1;34mINFO[m] Running EOorg.EOeolang.[1mEOcompares_bool_to_stringTest[m
[[1;34mINFO[m] Running EOorg.EOeolang.[1mEOnegative_float_minus_positive_infinityTest[m
[[1;34mINFO[m] Running EOorg.EOeolang.[1mEOnegative_infinity_not_eq_nanTest[m
[[1;34mINFO[m] [1;32mTests run: [0;1;32m4[m, Failures: 0, Errors: 0, Skipped: 0, Time elapsed: 0.011 s - in EOorg.EOeolang.[1mEOslice_escape_sequences_line_breakTest[m
[[1;34mINFO[m] Running EOorg.EOeolang.[1mEOsum_up_several_argumentsTest[m
[[1;34mINFO[m] [1;32mTests run: [0;1;32m2[m, Failures: 0, Errors: 0, Skipped: 0, Time elapsed: 0.055 s - in EOorg.EOeolang.[1mEOneg_zero_not_lte_zeroTest[m
[[1;34mINFO[m] Running EOorg.EOeolang.[1mEOpositive_infinity_not_eq_negative_infinityTest[m
[[1;34mINFO[m] [1mTests run: [0;1m0[m, Failures: 0, Errors: 0, Skipped: 0, Time elapsed: 0.016 s - in org.eolang.[1mPhiTest[m
[[1;34mINFO[m] Running EOorg.EOeolang.[1mEOstringEOsliceTest[m
[[1;34mINFO[m] [1;32mTests run: [0;1;32m1[m, Failures: 0, Errors: 0, Skipped: 0, Time elapsed: 0.028 s - in EOorg.EOeolang.[1mEOpositive_float_div_positive_infinityTest[m
[[1;34mINFO[m] [1mTests run: [0;1m0[m, Failures: 0, Errors: 0, Skipped: 0, Time elapsed: 0.021 s - in EOorg.EOeolang.[1mEOpositive_float_plus_negative_infinityTest[m
[[1;34mINFO[m] Running EOorg.EOeolang.[1mEOnan_not_lt_numberTest[m
[[1;34mINFO[m] Running EOorg.EOeolang.[1mEOpositive_infinity_gt_positive_infinityTest[m
[[1;34mINFO[m] [1;32mTests run: [0;1;32m1[m, Failures: 0, Errors: 0, Skipped: 0, Time elapsed: 0.005 s - in EOorg.EOeolang.[1mEOstringEOsliceTest[m
[[1;34mINFO[m] [1;32mTests run: [0;1;32m1[m, Failures: 0, Errors: 0, Skipped: 0, Time elapsed: 0.025 s - in EOorg.EOeolang.[1mEOnegative_infinity_not_eq_nanTest[m
[[1;34mINFO[m] Running EOorg.EOeolang.[1mEOtimes_two_negativesTest[m
[[1;34mINFO[m] [1;32mTests run: [0;1;32m1[m, Failures: 0, Errors: 0, Skipped: 0, Time elapsed: 0.026 s - in EOorg.EOeolang.[1mEOcompares_bool_to_stringTest[m
[[1;34mINFO[m] Running EOorg.EOeolang.[1mEOparent_in_horizontal_notationTest[m
[[1;34mINFO[m] [1;32mTests run: [0;1;32m1[m, Failures: 0, Errors: 0, Skipped: 0, Time elapsed: 0.008 s - in EOorg.EOeolang.[1mEOnan_not_lt_numberTest[m
[[1;34mINFO[m] Running EOorg.EOeolang.[1mEOseqTest[m
[[1;34mINFO[m] [1;32mTests run: [0;1;32m1[m, Failures: 0, Errors: 0, Skipped: 0, Time elapsed: 0.016 s - in EOorg.EOeolang.[1mEOpositive_infinity_not_eq_negative_infinityTest[m
[[1;34mINFO[m] Running EOorg.EOeolang.[1mEOor_with_one_neg_one_plusTest[m
[[1;34mINFO[m] Running EOorg.EOeolang.[1mEOright_with_zeroTest[m
[[1;34mINFO[m] [1;32mTests run: [0;1;32m6[m, Failures: 0, Errors: 0, Skipped: 0, Time elapsed: 0.032 s - in EOorg.EOeolang.[1mEOsum_up_several_argumentsTest[m
[[1;34mINFO[m] [1mTests run: [0;1m0[m, Failures: 0, Errors: 0, Skipped: 0, Time elapsed: 0.014 s - in EOorg.EOeolang.[1mEOparent_in_horizontal_notationTest[m
[[1;34mINFO[m] Running EOorg.EOeolang.[1mEOrust_bind_not_failsTest[m
[[1;34mINFO[m] [1mTests run: [0;1m0[m, Failures: 0, Errors: 0, Skipped: 0, Time elapsed: 0.014 s - in EOorg.EOeolang.[1mEOtimes_two_negativesTest[m
[[1;34mINFO[m] Running EOorg.EOeolang.[1mEOmalloc_return_errorTest[m
[[1;34mINFO[m] Running EOorg.EOeolang.[1mEOcatches_simple_exceptionTest[m
[[1;34mINFO[m] [1mTests run: [0;1m0[m, Failures: 0, Errors: 0, Skipped: 0, Time elapsed: 0.016 s - in EOorg.EOeolang.[1mEOseqTest[m
[[1;34mINFO[m] Running EOorg.EOeolang.[1mEOsub_multiple_testTest[m
[[1;34mINFO[m] [1;32mTests run: [0;1;32m1[m, Failures: 0, Errors: 0, Skipped: 0, Time elapsed: 0.015 s - in EOorg.EOeolang.[1mEOright_with_zeroTest[m
[[1;34mINFO[m] Running EOorg.EOeolang.[1mEOnan_not_gte_numberTest[m
[[1;34mINFO[m] [1;32mTests run: [0;1;32m2[m, Failures: 0, Errors: 0, Skipped: 0, Time elapsed: 0.021 s - in EOorg.EOeolang.[1mEOor_with_one_neg_one_plusTest[m
[[1;34mINFO[m] Running EOorg.EOeolang.[1mEOcalculates_length_of_spaces_onlyTest[m
[[1;34mINFO[m] [1;32mTests run: [0;1;32m1[m, Failures: 0, Errors: 0, Skipped: 0, Time elapsed: 0.032 s - in EOorg.EOeolang.[1mEOpositive_infinity_gt_positive_infinityTest[m
[[1;34mINFO[m] Running EOorg.EOeolang.[1mEOminus_one_div_zero_is_negative_infinityTest[m
[[1;34mINFO[m] [1mTests run: [0;1m0[m, Failures: 0, Errors: 0, Skipped: 0, Time elapsed: 0.012 s - in EOorg.EOeolang.[1mEOrust_bind_not_failsTest[m
[[1;34mINFO[m] Running EOorg.EOeolang.[1mEOnested_gotoTest[m
[[1;34mINFO[m] [1;32mTests run: [0;1;32m3[m, Failures: 0, Errors: 0, Skipped: 0, Time elapsed: 0.015 s - in EOorg.EOeolang.[1mEOminus_one_div_zero_is_negative_infinityTest[m
[[1;34mINFO[m] [1mTests run: [0;1m0[m, Failures: 0, Errors: 0, Skipped: 0, Time elapsed: 0.022 s - in EOorg.EOeolang.[1mEOcalculates_length_of_spaces_onlyTest[m
[[1;34mINFO[m] Running EOorg.EOeolang.[1mEOgoto_jumps_backwardsTest[m
[[1;34mINFO[m] Running EOorg.EOeolang.[1mEOnegative_infinity_lte_positive_infinityTest[m
[[1;34mINFO[m] [1mTests run: [0;1m0[m, Failures: 0, Errors: 0, Skipped: 0, Time elapsed: 0.029 s - in EOorg.EOeolang.[1mEOnan_not_gte_numberTest[m
[[1;34mINFO[m] Running EOorg.EOeolang.[1mEOjust_prints_warningTest[m
[[1;34mINFO[m] [1;32mTests run: [0;1;32m1[m, Failures: 0, Errors: 0, Skipped: 0, Time elapsed: 0.039 s - in EOorg.EOeolang.[1mEOmalloc_return_errorTest[m
[[1;34mINFO[m] Running EOorg.EOeolang.[1mEOcreates_vararg_from_arrayTest[m
[[1;34mINFO[m] [1;32mTests run: [0;1;32m1[m, Failures: 0, Errors: 0, Skipped: 0, Time elapsed: 0.027 s - in EOorg.EOeolang.[1mEOnested_gotoTest[m
[[1;34mINFO[m] Running EOorg.EOeolang.[1mEOintEOplusTest[m
[[1;34mINFO[m] [1;32mTests run: [0;1;32m1[m, Failures: 0, Errors: 0, Skipped: 0, Time elapsed: 0.004 s - in EOorg.EOeolang.[1mEOintEOplusTest[m
[[1;34mINFO[m] Running EOorg.EOeolang.[1mEOnan_minus_nan_is_nanTest[m
[[1;34mINFO[m] [1;32mTests run: [0;1;32m1[m, Failures: 0, Errors: 0, Skipped: 0, Time elapsed: 0.067 s - in EOorg.EOeolang.[1mEOcatches_simple_exceptionTest[m
[[1;34mINFO[m] Running EOorg.EOeolang.[1mEOor_neg_bytes_as_int_without_leading__zeroesTest[m
[[1;34mINFO[m] [1;32mTests run: [0;1;32m2[m, Failures: 0, Errors: 0, Skipped: 0, Time elapsed: 0.037 s - in EOorg.EOeolang.[1mEOjust_prints_warningTest[m
[[1;34mINFO[m] Running EOorg.EOeolang.[1mEOdouble_writesTest[m
[[1;34mINFO[m] [1;32mTests run: [0;1;32m1[m, Failures: 0, Errors: 0, Skipped: 0, Time elapsed: 0.041 s - in EOorg.EOeolang.[1mEOnegative_infinity_lte_positive_infinityTest[m
[[1;34mINFO[m] [1;32mTests run: [0;1;32m2[m, Failures: 0, Errors: 0, Skipped: 0, Time elapsed: 0.034 s - in EOorg.EOeolang.[1mEOnan_minus_nan_is_nanTest[m
[[1;34mINFO[m] Running EOorg.EOeolang.[1mEOor_neg_bytes_as_int_with_zeroTest[m
[[1;34mINFO[m] Running EOorg.EOeolang.[1mEOas_phiTest[m
[[1;34mINFO[m] [1mTests run: [0;1m0[m, Failures: 0, Errors: 0, Skipped: 0, Time elapsed: 0.019 s - in EOorg.EOeolang.[1mEOor_neg_bytes_as_int_without_leading__zeroesTest[m
[[1;34mINFO[m] [1mTests run: [0;1m0[m, Failures: 0, Errors: 0, Skipped: 0, Time elapsed: 0.047 s - in EOorg.EOeolang.[1mEOcreates_vararg_from_arrayTest[m
[[1;34mINFO[m] Running org.eolang.[1mDataTest[m
[[1;34mINFO[m] Running EOorg.EOeolang.[1mEOcageTest[m
[[1;34mINFO[m] [1;32mTests run: [0;1;32m1[m, Failures: 0, Errors: 0, Skipped: 0, Time elapsed: 0.006 s - in EOorg.EOeolang.[1mEOas_phiTest[m
[[1;34mINFO[m] Running EOorg.EOeolang.[1mEOnegative_infinity_gte_negative_infinityTest[m
[[1;34mINFO[m] [1;32mTests run: [0;1;32m1[m, Failures: 0, Errors: 0, Skipped: 0, Time elapsed: 0.018 s - in EOorg.EOeolang.[1mEOdouble_writesTest[m
[[1;34mINFO[m] Running EOorg.EOeolang.[1mEOnegative_float_minus_negative_infinityTest[m
[[1;34mINFO[m] [1;32mTests run: [0;1;32m1[m, Failures: 0, Errors: 0, Skipped: 0, Time elapsed: 0.02 s - in EOorg.EOeolang.[1mEOor_neg_bytes_as_int_with_zeroTest[m
[[1;34mINFO[m] Running EOorg.EOeolang.[1mEOxor_with_one_neg_one_plusTest[m
[[1;34mINFO[m] [1;32mTests run: [0;1;32m4[m, Failures: 0, Errors: 0, Skipped: 0, Time elapsed: 0.031 s - in EOorg.EOeolang.[1mEOnegative_infinity_gte_negative_infinityTest[m
[[1;34mINFO[m] Running org.eolang.[1mPhLoggedTest[m
[[1;34mINFO[m] [1;32mTests run: [0;1;32m7[m, Failures: 0, Errors: 0, Skipped: 0, Time elapsed: 0.135 s - in EOorg.EOeolang.[1mEOsub_multiple_testTest[m
[[1;34mINFO[m] Running EOorg.EOeolang.[1mEOnegative_float_plus_negative_infinityTest[m
[[1;34mINFO[m] [1;32mTests run: [0;1;32m5[m, Failures: 0, Errors: 0, Skipped: 0, Time elapsed: 0.026 s - in EOorg.EOeolang.[1mEOxor_with_one_neg_one_plusTest[m
55690.attr(#[[1;34mINFO[m] Running EOorg.EOeolang.[1mEOcompares_bool_to_bytes_reverseTest[m
0)...
[[1;34mINFO[m] [1;32mTests run: [0;1;32m4[m, Failures: 0, Errors: 0, Skipped: 0, Time elapsed: 0.072 s - in org.eolang.[1mDataTest[m
[[1;34mINFO[m] Running EOorg.EOeolang.[1mEOfloat_not_lt_nanTest[m
55690.attr(#0)!
0.attr("org")...
0.attr("org")!
0.copy()...
0.copy()! -> 0
[[1;34mINFO[m] [1;32mTests run: [0;1;32m7[m, Failures: 0, Errors: 0, Skipped: 0, Time elapsed: 0.031 s - in EOorg.EOeolang.[1mEOcompares_bool_to_bytes_reverseTest[m
[[1;34mINFO[m] Running EOorg.EOeolang.[1mEOphi_in_vertical_notationTest[m
[[1;34mINFO[m] [1;32mTests run: [0;1;32m3[m, Failures: 0, Errors: 0, Skipped: 0, Time elapsed: 0.044 s - in EOorg.EOeolang.[1mEOnegative_float_plus_negative_infinityTest[m
[[1;34mINFO[m] Running EOorg.EOeolang.[1mEOfloat_not_equal_to_negative_infinityTest[m
[[1;34mINFO[m] [1mTests run: [0;1m0[m, Failures: 0, Errors: 0, Skipped: 0, Time elapsed: 0.046 s - in org.eolang.[1mPhLoggedTest[m
[[1;34mINFO[m] Running EOorg.EOeolang.[1mEOpositive_infinity_not_eq_intTest[m
[[1;34mINFO[m] [1;32mTests run: [0;1;32m1[m, Failures: 0, Errors: 0, Skipped: 0, Time elapsed: 0.033 s - in EOorg.EOeolang.[1mEOfloat_not_lt_nanTest[m
[[1;34mINFO[m] Running EOorg.EOeolang.[1mEOsupports_escape_sequences_in_textTest[m
[[1;34mINFO[m] [1;32mTests run: [0;1;32m2[m, Failures: 0, Errors: 0, Skipped: 0, Time elapsed: 0.07 s - in EOorg.EOeolang.[1mEOsupports_escape_sequences_in_textTest[m
[[1;34mINFO[m] Running EOorg.EOeolang.[1mEOnan_times_number_is_nanTest[m
[[1;34mINFO[m] [1;32mTests run: [0;1;32m3[m, Failures: 0, Errors: 0, Skipped: 0, Time elapsed: 0.09 s - in EOorg.EOeolang.[1mEOphi_in_vertical_notationTest[m
[[1;34mINFO[m] [1;32mTests run: [0;1;32m1[m, Failures: 0, Errors: 0, Skipped: 0, Time elapsed: 0.077 s - in EOorg.EOeolang.[1mEOpositive_infinity_not_eq_intTest[m
Finished![[1;34mINFO[m] Running EOorg.EOeolang.[1mEOconcatenation_of_bytesTest[m
[[1;34mINFO[m] Running EOorg.EOeolang.[1mEOswitch_case_with_errorTest[m
[[1;34mINFO[m] [1;32mTests run: [0;1;32m1[m, Failures: 0, Errors: 0, Skipped: 0, Time elapsed: 0.317 s - in EOorg.EOeolang.[1mEOnegative_float_minus_positive_infinityTest[m
[[1;34mINFO[m] [1mTests run: [0;1m0[m, Failures: 0, Errors: 0, Skipped: 0, Time elapsed: 0.244 s - in EOorg.EOeolang.[1mEOgoto_jumps_backwardsTest[m
[[1;34mINFO[m] Running EOorg.EOeolang.[1mEOleft_with_odd_negTest[m
[[1;34mINFO[m] Running EOorg.EOeolang.[1mEOgte_falseTest[m
[[1;34mINFO[m] [1;32mTests run: [0;1;32m3[m, Failures: 0, Errors: 0, Skipped: 0, Time elapsed: 0.202 s - in EOorg.EOeolang.[1mEOcageTest[m
[[1;34mINFO[m] Running EOorg.EOeolang.[1mEOneg_testTest[m
[[1;34mINFO[m] [1;32mTests run: [0;1;32m3[m, Failures: 0, Errors: 0, Skipped: 0, Time elapsed: 0.031 s - in EOorg.EOeolang.[1mEOnan_times_number_is_nanTest[m
[[1;34mINFO[m] Running EOorg.EOeolang.[1mEOgreater_trueTest[m
[[1;34mINFO[m] [1mTests run: [0;1m0[m, Failures: 0, Errors: 0, Skipped: 0, Time elapsed: 0.029 s - in EOorg.EOeolang.[1mEOconcatenation_of_bytesTest[m
[[1;34mINFO[m] [1mTests run: [0;1m0[m, Failures: 0, Errors: 0, Skipped: 0, Time elapsed: 0.111 s - in EOorg.EOeolang.[1mEOfloat_not_equal_to_negative_infinityTest[m
[[1;34mINFO[m] Running EOorg.EOeolang.[1mEOor_short_circuitingTest[m
[[1;34mINFO[m] Running EOorg.EOeolang.[1mEOdiv_multipleTest[m
[[1;34mINFO[m] [1;32mTests run: [0;1;32m2[m, Failures: 0, Errors: 0, Skipped: 0, Time elapsed: 0.031 s - in EOorg.EOeolang.[1mEOleft_with_odd_negTest[m
[[1;34mINFO[m] [1;32mTests run: [0;1;32m1[m, Failures: 0, Errors: 0, Skipped: 0, Time elapsed: 0.015 s - in EOorg.EOeolang.[1mEOneg_testTest[m
[[1;34mINFO[m] Running EOorg.EOeolang.[1mEOadd_testTest[m
[[1;34mINFO[m] Running EOorg.EOeolang.[1mEOnamed_inner_abstract_objectTest[m
[[1;34mINFO[m] [1mTests run: [0;1m0[m, Failures: 0, Errors: 0, Skipped: 0, Time elapsed: 0.033 s - in EOorg.EOeolang.[1mEOgte_falseTest[m
[[1;34mINFO[m] Running EOorg.EOeolang.[1mEObytes_equal_to_stringTest[m
[[1;34mINFO[m] [1;32mTests run: [0;1;32m1[m, Failures: 0, Errors: 0, Skipped: 0, Time elapsed: 0.015 s - in EOorg.EOeolang.[1mEOgreater_trueTest[m
[[1;34mINFO[m] Running EOorg.EOeolang.[1mEOstringEOasBytesTest[m
[[1;34mINFO[m] [1;32mTests run: [0;1;32m3[m, Failures: 0, Errors: 0, Skipped: 0, Time elapsed: 0.011 s - in EOorg.EOeolang.[1mEOnamed_inner_abstract_objectTest[m
[[1;34mINFO[m] Running EOorg.EOeolang.[1mEOpositive_infinity_gt_negative_infinityTest[m
[[1;34mINFO[m] [1;32mTests run: [0;1;32m2[m, Failures: 0, Errors: 0, Skipped: 0, Time elapsed: 0.009 s - in EOorg.EOeolang.[1mEObytes_equal_to_stringTest[m
[[1;34mINFO[m] Running EOorg.EOeolang.[1mEOnegative_infinity_lte_floatTest[m
[[1;34mINFO[m] [1mTests run: [0;1m0[m, Failures: 0, Errors: 0, Skipped: 0, Time elapsed: 0.048 s - in EOorg.EOeolang.[1mEOswitch_case_with_errorTest[m
[[1;34mINFO[m] [1;32mTests run: [0;1;32m1[m, Failures: 0, Errors: 0, Skipped: 0, Time elapsed: 0.003 s - in EOorg.EOeolang.[1mEOstringEOasBytesTest[m
[[1;34mINFO[m] [1mTests run: [0;1m0[m, Failures: 0, Errors: 0, Skipped: 0, Time elapsed: 0.019 s - in EOorg.EOeolang.[1mEOadd_testTest[m
[[1;34mINFO[m] Running EOorg.EOeolang.[1mEOerrorTest[m
[[1;34mINFO[m] [1mTests run: [0;1m0[m, Failures: 0, Errors: 0, Skipped: 0, Time elapsed: 0.017 s - in EOorg.EOeolang.[1mEOdiv_multipleTest[m
[[1;34mINFO[m] Running EOorg.EOeolang.[1mEOgets_lengths_of_empty_tuple_without_additional_objTest[m
[[1;34mINFO[m] Running EOorg.EOeolang.[1mEOtry_memory_updateTest[m
[[1;34mINFO[m] Running EOorg.EOeolang.[1mEOmemory_is_strictly_typed_intTest[m
[[1;34mINFO[m] [1;32mTests run: [0;1;32m1[m, Failures: 0, Errors: 0, Skipped: 0, Time elapsed: 0.004 s - in EOorg.EOeolang.[1mEOerrorTest[m
[[1;34mINFO[m] Running EOorg.EOeolang.[1mEOnegative_infinity_not_gt_floatTest[m
[[1;34mINFO[m] [1;32mTests run: [0;1;32m1[m, Failures: 0, Errors: 0, Skipped: 0, Time elapsed: 0.017 s - in EOorg.EOeolang.[1mEOpositive_infinity_gt_negative_infinityTest[m
[[1;34mINFO[m] Running EOorg.EOeolang.[1mEOeq_trueTest[m
[[1;34mINFO[m] [1;32mTests run: [0;1;32m1[m, Failures: 0, Errors: 0, Skipped: 0, Time elapsed: 0.014 s - in EOorg.EOeolang.[1mEOnegative_infinity_not_gt_floatTest[m
[[1;34mINFO[m] Running EOorg.EOeolang.[1mEOconvertable_to_boolTest[m
[[1;34mINFO[m] [1;32mTests run: [0;1;32m1[m, Failures: 0, Errors: 0, Skipped: 0, Time elapsed: 0.025 s - in EOorg.EOeolang.[1mEOmemory_is_strictly_typed_intTest[m
[[1;34mINFO[m] Running EOorg.EOeolang.[1mEOzero_not_greater_that_neg_zeroTest[m
[[1;34mINFO[m] [1;32mTests run: [0;1;32m3[m, Failures: 0, Errors: 0, Skipped: 0, Time elapsed: 0.265 s - in EOorg.EOeolang.[1mEOnegative_float_minus_negative_infinityTest[m
[[1;34mINFO[m] [1;32mTests run: [0;1;32m1[m, Failures: 0, Errors: 0, Skipped: 0, Time elapsed: 0.019 s - in EOorg.EOeolang.[1mEOeq_trueTest[m
[[1;34mINFO[m] Running EOorg.EOeolang.[1mEOcorrectly_handles_same_name_attrsTest[m
[[1;34mINFO[m] Running org.eolang.[1mDataizedTest[m
[[1;34mINFO[m] [1mTests run: [0;1m0[m, Failures: 0, Errors: 0, Skipped: 0, Time elapsed: 0.031 s - in EOorg.EOeolang.[1mEOgets_lengths_of_empty_tuple_without_additional_objTest[m
[[1;34mINFO[m] Running EOorg.EOeolang.[1mEOconcat_bools_as_bytesTest[m
[[1;34mINFO[m] [1;32mTests run: [0;1;32m1[m, Failures: 0, Errors: 0, Skipped: 0, Time elapsed: 0.042 s - in EOorg.EOeolang.[1mEOnegative_infinity_lte_floatTest[m
[[1;34mINFO[m] Running EOorg.EOeolang.[1mEOpositive_float_minus_positive_infinityTest[m
[[1;34mINFO[m] [1;32mTests run: [0;1;32m1[m, Failures: 0, Errors: 0, Skipped: 0, Time elapsed: 0.057 s - in EOorg.EOeolang.[1mEOor_short_circuitingTest[m
[[1;34mINFO[m] [1mTests run: [0;1m0[m, Failures: 0, Errors: 0, Skipped: 0, Time elapsed: 0.016 s - in EOorg.EOeolang.[1mEOzero_not_greater_that_neg_zeroTest[m
[[1;34mINFO[m] Running EOorg.EOeolang.[1mEOpreserves_indentation_in_textTest[m
[[1;34mINFO[m] Running EOorg.EOeolang.[1mEOrust_copy_not_failsTest[m
[[1;34mINFO[m] [1;32mTests run: [0;1;32m4[m, Failures: 0, Errors: 0, Skipped: 0, Time elapsed: 0.027 s - in EOorg.EOeolang.[1mEOconvertable_to_boolTest[m
[[1;34mINFO[m] [1mTests run: [0;1m0[m, Failures: 0, Errors: 0, Skipped: 0, Time elapsed: 0.049 s - in EOorg.EOeolang.[1mEOtry_memory_updateTest[m
[[1;34mINFO[m] [1mTests run: [0;1m0[m, Failures: 0, Errors: 0, Skipped: 0, Time elapsed: 0.014 s - in EOorg.EOeolang.[1mEOconcat_bools_as_bytesTest[m
[[1;34mINFO[m] Running EOorg.EOeolang.[1mEOgreater_equalTest[m
[[1;34mINFO[m] Running EOorg.EOeolang.[1mEOfloat_not_equal_to_nanTest[m
[[1;34mINFO[m] Running EOorg.EOeolang.[1mEOxor_as_intTest[m
[[1;34mINFO[m] [1mTests run: [0;1m0[m, Failures: 0, Errors: 0, Skipped: 0, Time elapsed: 0.013 s - in EOorg.EOeolang.[1mEOpreserves_indentation_in_textTest[m
[[1;34mINFO[m] Running EOorg.EOeolang.[1mEOone_symbol_string_comparesTest[m
[[1;34mINFO[m] [1;32mTests run: [0;1;32m1[m, Failures: 0, Errors: 0, Skipped: 0, Time elapsed: 0.014 s - in EOorg.EOeolang.[1mEOgreater_equalTest[m
[[1;34mINFO[m] [1;32mTests run: [0;1;32m1[m, Failures: 0, Errors: 0, Skipped: 0, Time elapsed: 0.056 s - in EOorg.EOeolang.[1mEOcorrectly_handles_same_name_attrsTest[m
[[1;34mINFO[m] Running EOorg.EOeolang.[1mEOzTest[m
[[1;34mINFO[m] [1;32mTests run: [0;1;32m1[m, Failures: 0, Errors: 0, Skipped: 0, Time elapsed: 0.045 s - in EOorg.EOeolang.[1mEOrust_copy_not_failsTest[m
[[1;34mINFO[m] Running EOorg.EOeolang.[1mEOmemory_is_strictly_typed_floatTest[m
[[1;34mINFO[m] Running EOorg.EOeolang.[1mEOtryTest[m
[[1;34mINFO[m] [1;32mTests run: [0;1;32m4[m, Failures: 0, Errors: 0, Skipped: 0, Time elapsed: 0.033 s - in EOorg.EOeolang.[1mEOxor_as_intTest[m
[[1;34mINFO[m] [1mTests run: [0;1m0[m, Failures: 0, Errors: 0, Skipped: 0, Time elapsed: 0.005 s - in EOorg.EOeolang.[1mEOzTest[m
[[1;34mINFO[m] Running org.eolang.[1mPhCopyTest[m
[[1;34mINFO[m] Running EOorg.EOeolang.[1mEOslice_from_the_endTest[m
[[1;34mINFO[m] [1mTests run: [0;1m0[m, Failures: 0, Errors: 0, Skipped: 0, Time elapsed: 0.028 s - in EOorg.EOeolang.[1mEOone_symbol_string_comparesTest[m
[[1;34mINFO[m] Running EOorg.EOeolang.[1mEOright_with_even_plusTest[m
[[1;34mINFO[m] [1;32mTests run: [0;1;32m1[m, Failures: 0, Errors: 0, Skipped: 0, Time elapsed: 0.036 s - in EOorg.EOeolang.[1mEOfloat_not_equal_to_nanTest[m
[[1;34mINFO[m] Running EOorg.EOeolang.[1mEOtry_without_error_blockTest[m
[[1;34mINFO[m] [1;32mTests run: [0;1;32m2[m, Failures: 0, Errors: 0, Skipped: 0, Time elapsed: 0.009 s - in EOorg.EOeolang.[1mEOslice_from_the_endTest[m
[[1;34mINFO[m] Running EOorg.EOeolang.[1mEOzero_not_gte_neg_zeroTest[m
[[1;34mINFO[m] [1;32mTests run: [0;1;32m1[m, Failures: 0, Errors: 0, Skipped: 0, Time elapsed: 0.012 s - in org.eolang.[1mPhCopyTest[m
[[1;34mINFO[m] [1mTests run: [0;1m0[m, Failures: 0, Errors: 0, Skipped: 0, Time elapsed: 0.008 s - in EOorg.EOeolang.[1mEOmemory_is_strictly_typed_floatTest[m
[[1;34mINFO[m] Running EOorg.EOeolang.[1mEOless_equalTest[m
[[1;34mINFO[m] Running EOorg.EOeolang.[1mEOor_with_two_plusTest[m
[[1;34mINFO[m] [1;32mTests run: [0;1;32m5[m, Failures: 0, Errors: 0, Skipped: 0, Time elapsed: 0.94 s - in EOorg.EOeolang.[1mEOmakes_deep_object_recursivelyTest[m
[[1;34mINFO[m] Running EOorg.EOeolang.[1mEOintEOeqTest[m
[[1;34mINFO[m] [1mTests run: [0;1m0[m, Failures: 0, Errors: 0, Skipped: 0, Time elapsed: 0.021 s - in EOorg.EOeolang.[1mEOright_with_even_plusTest[m
[[1;34mINFO[m] Running EOorg.EOeolang.[1mEOtuple_with_negative_index_gets_firstTest[m
[39mDEBUG[0;39m o.e.Dataized - ·𝔻( <?>int.as-bytes.ρ≡EOorg.EOeolang.EOintν62730=42SF ) ➜ 42
[39mDEBUG[0;39m o.e.Dataized - ·𝔻( <Φ.org.eolang.float$lt.φ.α0:55:6>float.gt.x≡<Φ.org.eolang.float$lt.φ.α0:55:6>EOorg.EOeolang.EOfloatν62444=0.0SF ) ➜ 0.0
[39mDEBUG[0;39m o.e.Dataized - ··𝔻( <Φ.org.eolang.positive-infinity$times$is-nan-or-zero.t:72:10>float.as-bytes.ρ≡![eq, Δ, as-bytes]<Φ.org.eolang.positive-infinity$times$is-nan-or-zero.t:72:10>is-nan-or-zero.term≡times.first≡![eq, Δ, as-bytes]<?:112:13>times.x≡tuple.at≡<?:33:2>EOorg.EOeolang.EOtuple$EOatν62623 ) ➜ -1.0
[39mDEBUG[0;39m o.e.Dataized - ··𝔻( <Φ.org.eolang.float$eq.x-as-bytes:39:15>bytes.eq.ρ≡![eq, Δ]<Φ.org.eolang.float$eq.x-as-bytes:39:15>eq.value≡eq.x≡gte.value≡gte.x≡float.as-bytes≡<Φ.org.eolang.float.as-bytes:107:2>EOorg.EOeolang.EOfloat$EOas_bytesν62629 ) ➜ 80-00-00-00-00-00-00-00
[39mDEBUG[0;39m o.e.Dataized - ··𝔻( <?>int.as-bytes.ρ≡EOorg.EOeolang.EOintν62198=32SF ) ➜ 32
[39mDEBUG[0;39m o.e.Dataized - ··𝔻( <Φ.org.eolang.bytes.as-bytes:75:2>bytes.eq.b≡eq.zero-as-bytes≡bytes.as-bytes≡<Φ.org.eolang.bytes.as-bytes:75:2>EOorg.EOeolang.EObytes$EOas_bytesν62866 ) ➜ 00-00-00-00-00-00-00-00
[39mDEBUG[0;39m o.e.Dataized - ·𝔻( <?>bool.if.ρ≡EOorg.EOeolang.EOfloat$EOltν62440 ) ➜ false
[39mDEBUG[0;39m o.e.Dataized - ·𝔻( <Φ.org.eolang.bytes.as-bytes:75:2>bytes.eq.b≡eq.zero-as-bytes≡bytes.as-bytes≡<Φ.org.eolang.bytes.as-bytes:75:2>EOorg.EOeolang.EObytes$EOas_bytesν62870 ) ➜ 00-00-00-00-00-00-00-00
[39mDEBUG[0;39m o.e.Dataized - ·𝔻( <Φ.org.eolang.bytes.as-bytes:75:2>bytes.eq.b≡eq.x-as-bytes≡eq.x≡int.as-bytes≡int.as-bytes.as-bytes≡bytes.as-bytes≡<Φ.org.eolang.bytes.as-bytes:75:2>EOorg.EOeolang.EObytes$EOas_bytesν62890 ) ➜ 00-00-00-00-00-00-00-20
[39mDEBUG[0;39m o.e.Dataized - ··𝔻( <Φ.org.eolang.float$eq.self-as-bytes:36:11>bytes.eq.ρ≡![eq, Δ]<Φ.org.eolang.float$eq.self-as-bytes:36:11>eq.ρ≡is-nan-or-zero.term≡times.first≡times.x≡tuple.at≡tuple.at.as-bytes≡float.as-bytes≡<Φ.org.eolang.float.as-bytes:107:2>EOorg.EOeolang.EOfloat$EOas_bytesν62708 ) ➜ BF-F0-00-00-00-00-00-00
[39mDEBUG[0;39m o.e.Dataized - 𝔻( <?>EOorg.EOeolang.EOtryν62639 ) ➜ "it is broken"
[39mDEBUG[0;39m o.e.Dataized - ··𝔻( <?>bool.if.ρ≡EOorg.EOeolang.EOboolν62432=falseSF ) ➜ false
[39mDEBUG[0;39m o.e.Dataized - ·𝔻( <Φ.org.eolang.int$eq.self-as-bytes:35:11>bytes.eq.ρ≡![eq, Δ]<Φ.org.eolang.int$eq.self-as-bytes:35:11>eq.ρ≡int.as-bytes≡<Φ.org.eolang.int.as-bytes:102:2>EOorg.EOeolang.EOint$EOas_bytesν62754 ) ➜ 00-00-00-00-00-00-00-2A
[39mDEBUG[0;39m o.e.Dataized - ·𝔻( <?>int.plus.ρ≡EOorg.EOeolang.EOintν62772=2SF ) ➜ 2
[39mDEBUG[0;39m o.e.Dataized - ·𝔻( <Φ.org.eolang.bytes.as-bytes:75:2>bytes.eq.b≡eq.x≡bool.as-bytes≡as-bytes.as-bytes≡as-bytes.ρ≡bool.if≡bool.if.as-bytes≡bool.if.f≡bytes.as-bytes≡<Φ.org.eolang.bytes.as-bytes:75:2>EOorg.EOeolang.EObytes$EOas_bytesν62926 ) ➜ 00
[39mDEBUG[0;39m o.e.Dataized - ·𝔻( <?>int.plus.x≡EOorg.EOeolang.EOtupleν62944=array[1]S ) ➜ array[1]
[39mDEBUG[0;39m o.e.Dataized - ·𝔻( <?>bytes.eq.ρ≡EOorg.EOeolang.EObool$EOas_bytesν62862 ) ➜ 00
[39mDEBUG[0;39m o.e.Dataized - ·𝔻( <?>bool.if.ρ≡EOorg.EOeolang.EObytes$EOeqν62651 ) ➜ false
[39mDEBUG[0;39m o.e.Dataized - 𝔻( <?>EOorg.EOeolang.EOless_equalTestν62415 ) ➜ true
[39mDEBUG[0;39m o.e.Dataized - ·𝔻( <?:38:8><?:38:8>eq.x-as-bytes≡eq.value≡eq.x≡gte.value≡gte.x≡float.as-bytes≡float.as-bytes.eq≡bytes.eq≡<?:30:2>EOorg.EOeolang.EObytes$EOeqν62706 ) ➜ false
[39mDEBUG[0;39m o.e.Dataized - ··𝔻( <?>EOorg.EOeolang.EOintν63012=42SF ) ➜ 42
[39mDEBUG[0;39m o.e.Dataized - ·𝔻( <?>try.main≡EOorg.EOeolang.EOtryTest.Mainν63008 ) ➜ 42
[39mDEBUG[0;39m o.e.Dataized - ·𝔻( <?>bool.and.ρ≡EOorg.EOeolang.EObytes$EOeqν62844 ) ➜ false
[39mDEBUG[0;39m o.e.Dataized - ·𝔻( <Φ.org.eolang.int$eq.self-as-bytes:35:11>bytes.eq.ρ≡![eq, Δ]<Φ.org.eolang.int$eq.self-as-bytes:35:11>eq.ρ≡try.as-bytes≡try.main≡ω1t0$t0$a0.as-bytes≡int.plus≡int.plus.as-bytes≡int.as-bytes≡<Φ.org.eolang.int.as-bytes:102:2>EOorg.EOeolang.EOint$EOas_bytesν62434 ) ➜ 00-00-00-00-00-00-00-20
[39mDEBUG[0;39m o.e.Dataized - ·𝔻( <?>try.finally≡EOorg.EOeolang.EOnopν63026 ) ➜ true
[[1;34mINFO[m] [1;32mTests run: [0;1;32m2[m, Failures: 0, Errors: 0, Skipped: 0, Time elapsed: 0.043 s - in EOorg.EOeolang.[1mEOless_equalTest[m
[39mDEBUG[0;39m o.e.Dataized - ·𝔻( <?>tuple.at.ρ≡EOorg.EOeolang.EOtupleν62820=array[5]S ) ➜ array[5]
[39mDEBUG[0;39m o.e.Dataized - ·𝔻( <?>EOorg.EOeolang.EOintν62776=2SF ) ➜ 2
[39mDEBUG[0;39m o.e.Dataized - ·𝔻( <?>EOorg.EOeolang.EOintν63050=42SF ) ➜ 42
[39mDEBUG[0;39m o.e.Dataized - 𝔻( <?>org.eolang.DataizedTest.PhiDecν62768 ) ➜ 4
[39mDEBUG[0;39m o.e.Dataized - ··𝔻( <?>bool.and.ρ≡EOorg.EOeolang.EObytes$EOeqν62854 ) ➜ false
[[1;34mINFO[m] Running EOorg.EOeolang.[1mEOnan_not_eq_nanTest[m
[39mDEBUG[0;39m o.e.Dataized - 𝔻( <?>EOorg.EOeolang.EOtryν62960 ) ➜ 42
[39mDEBUG[0;39m o.e.Dataized - ··𝔻( <?>bool.if.ρ≡EOorg.EOeolang.EOboolν62718=falseSF ) ➜ false
[39mDEBUG[0;39m o.e.Dataized - ·𝔻( <?>bool.if.ρ≡EOorg.EOeolang.EObool$EOandν62595 ) ➜ false
[[1;34mINFO[m] [1;32mTests run: [0;1;32m4[m, Failures: 0, Errors: 0, Skipped: 0, Time elapsed: 0.053 s - in EOorg.EOeolang.[1mEOor_with_two_plusTest[m
[39mDEBUG[0;39m o.e.Dataized - ·𝔻( <?>bool.and.x≡EOorg.EOeolang.EOtupleν63042=array[1]S ) ➜ array[1]
[39mDEBUG[0;39m o.e.Dataized - 𝔻( <?>EOorg.EOeolang.EOtry_without_error_blockTestν62088 ) ➜ true
[[1;34mINFO[m] Running EOorg.EOeolang.[1mEOmallocs_do_not_overlapTest[m
[39mDEBUG[0;39m o.e.Dataized - ·𝔻( <Φ.org.eolang.tuple-with-negative-index-gets-first.φ.ρ.α0:189:11>tuple.at.i≡<Φ.org.eolang.tuple-with-negative-index-gets-first.φ.ρ.α0:189:11>EOorg.EOeolang.EOintν62788=-5SF ) ➜ -5
[[1;34mINFO[m] [1;32mTests run: [0;1;32m2[m, Failures: 0, Errors: 0, Skipped: 0, Time elapsed: 0.066 s - in EOorg.EOeolang.[1mEOtry_without_error_blockTest[m
[[1;34mINFO[m] Running EOorg.EOeolang.[1mEOand_with_varargTest[m
[39mDEBUG[0;39m o.e.Dataized - ··𝔻( <?>bool.and.x≡EOorg.EOeolang.EOtupleν63074=array[1]S ) ➜ array[1]
[[1;34mINFO[m] [1;32mTests run: [0;1;32m1[m, Failures: 0, Errors: 0, Skipped: 0, Time elapsed: 0.042 s - in EOorg.EOeolang.[1mEOintEOeqTest[m
[[1;34mINFO[m] Running EOorg.EOeolang.[1mEOpositive_infinity_not_eq_floatTest[m
[[1;34mINFO[m] [1mTests run: [0;1m0[m, Failures: 0, Errors: 0, Skipped: 0, Time elapsed: 0.079 s - in EOorg.EOeolang.[1mEOtryTest[m
[[1;34mINFO[m] Running EOorg.EOeolang.[1mEOdiv_wrong_argsTest[m
[[1;34mINFO[m] [1;32mTests run: [0;1;32m1[m, Failures: 0, Errors: 0, Skipped: 0, Time elapsed: 0.128 s - in org.eolang.[1mDataizedTest[m
[[1;34mINFO[m] [1mTests run: [0;1m0[m, Failures: 0, Errors: 0, Skipped: 0, Time elapsed: 0.02 s - in EOorg.EOeolang.[1mEOnan_not_eq_nanTest[m
[[1;34mINFO[m] Running EOorg.EOeolang.[1mEOcompares_two_different_stringsTest[m
[[1;34mINFO[m] Running EOorg.EOeolang.[1mEOconcat_empty_withTest[m
[[1;34mINFO[m] [1;32mTests run: [0;1;32m1[m, Failures: 0, Errors: 0, Skipped: 0, Time elapsed: 0.008 s - in EOorg.EOeolang.[1mEOconcat_empty_withTest[m
[[1;34mINFO[m] Running EOorg.EOeolang.[1mEOrust_is_stringTest[m
[[1;34mINFO[m] [1;32mTests run: [0;1;32m2[m, Failures: 0, Errors: 0, Skipped: 0, Time elapsed: 0.02 s - in EOorg.EOeolang.[1mEOcompares_two_different_stringsTest[m
[[1;34mINFO[m] Running EOorg.EOeolang.[1mEOminus_multiple_argsTest[m
[[1;34mINFO[m] [1mTests run: [0;1m0[m, Failures: 0, Errors: 0, Skipped: 0, Time elapsed: 0.09 s - in EOorg.EOeolang.[1mEOzero_not_gte_neg_zeroTest[m
[[1;34mINFO[m] Running EOorg.EOeolang.[1mEOxor_with_varargTest[m
[[1;34mINFO[m] [1;32mTests run: [0;1;32m3[m, Failures: 0, Errors: 0, Skipped: 0, Time elapsed: 0.039 s - in EOorg.EOeolang.[1mEOand_with_varargTest[m
[[1;34mINFO[m] [1mTests run: [0;1m0[m, Failures: 0, Errors: 0, Skipped: 0, Time elapsed: 0.072 s - in EOorg.EOeolang.[1mEOtuple_with_negative_index_gets_firstTest[m
[[1;34mINFO[m] Running EOorg.EOeolang.[1mEOcompares_string_with_positive_infinityTest[m
[[1;34mINFO[m] [1mTests run: [0;1m0[m, Failures: 0, Errors: 0, Skipped: 0, Time elapsed: 0.034 s - in EOorg.EOeolang.[1mEOpositive_infinity_not_eq_floatTest[m
[[1;34mINFO[m] Running EOorg.EOeolang.[1mEOsimple_division_by_zeroTest[m
[[1;34mINFO[m] Running org.eolang.[1mCachedPhiTest[m
[[1;34mINFO[m] [1;32mTests run: [0;1;32m2[m, Failures: 0, Errors: 0, Skipped: 0, Time elapsed: 0.04 s - in EOorg.EOeolang.[1mEOdiv_wrong_argsTest[m
[[1;34mINFO[m] [1mTests run: [0;1m0[m, Failures: 0, Errors: 0, Skipped: 0, Time elapsed: 0.027 s - in EOorg.EOeolang.[1mEOrust_is_stringTest[m
[[1;34mINFO[m] Running EOorg.EOeolang.[1mEOdirectly_accesses_objects_from_standard_rootTest[m
[[1;34mINFO[m] Running EOorg.EOeolang.[1mEOrust_dataize_not_failsTest[m

finallyThe 1th argument of 'int.div' is invalid: division by zero is infinity[[1;34mINFO[m] [1;32mTests run: [0;1;32m2[m, Failures: 0, Errors: 0, Skipped: 0, Time elapsed: 0.022 s - in EOorg.EOeolang.[1mEOcompares_string_with_positive_infinityTest[m
Works fine![[1;34mINFO[m] [1;32mTests run: [0;1;32m1[m, Failures: 0, Errors: 0, Skipped: 0, Time elapsed: 0.024 s - in EOorg.EOeolang.[1mEOsimple_division_by_zeroTest[m
[[1;34mINFO[m] Running EOorg.EOeolang.[1mEOnegative_float_times_positive_infinityTest[m
[[1;34mINFO[m] [1;32mTests run: [0;1;32m1[m, Failures: 0, Errors: 0, Skipped: 0, Time elapsed: 0.026 s - in org.eolang.[1mCachedPhiTest[m
[[1;34mINFO[m] Running EOorg.EOeolang.[1mEOslice_from_startTest[m
[[1;34mINFO[m] Running EOorg.EOeolang.EOio.[1mEOstdinTest[m
[[1;34mINFO[m] [1;32mTests run: [0;1;32m1[m, Failures: 0, Errors: 0, Skipped: 0, Time elapsed: 0.012 s - in EOorg.EOeolang.[1mEOslice_from_startTest[m
[[1;34mINFO[m] Running EOorg.EOeolang.[1mEOturns_string_into_bytesTest[m
[[1;34mINFO[m] [1;32mTests run: [0;1;32m1[m, Failures: 0, Errors: 0, Skipped: 0, Time elapsed: 0.057 s - in EOorg.EOeolang.[1mEOxor_with_varargTest[m
[[1;34mINFO[m] [1;32mTests run: [0;1;32m1[m, Failures: 0, Errors: 0, Skipped: 0, Time elapsed: 0.043 s - in EOorg.EOeolang.[1mEOrust_dataize_not_failsTest[m
[[1;34mINFO[m] Running EOorg.EOeolang.[1mEOincrements_pointerTest[m
[[1;34mINFO[m] Running EOorg.EOeolang.[1mEOlast_while_dataization_object_with_false_conditionTest[m
[[1;34mINFO[m] [1;32mTests run: [0;1;32m1[m, Failures: 0, Errors: 0, Skipped: 0, Time elapsed: 0.231 s - in EOorg.EOeolang.[1mEOpositive_float_minus_positive_infinityTest[m
[[1;34mINFO[m] Running EOorg.EOeolang.[1mEOdataizes_encaged_object_lazily_thirdTest[m
[[1;34mINFO[m] [1;32mTests run: [0;1;32m1[m, Failures: 0, Errors: 0, Skipped: 0, Time elapsed: 0.039 s - in EOorg.EOeolang.[1mEOnegative_float_times_positive_infinityTest[m
[[1;34mINFO[m] Running org.eolang.[1mPhPackageTest[m
[[1;34mINFO[m] [1;32mTests run: [0;1;32m1[m, Failures: 0, Errors: 0, Skipped: 0, Time elapsed: 0.029 s - in EOorg.EOeolang.[1mEOturns_string_into_bytesTest[m
[[1;34mINFO[m] Running EOorg.EOeolang.[1mEOadd_wrong_argsTest[m
[[1;34mINFO[m] [1;32mTests run: [0;1;32m1[m, Failures: 0, Errors: 0, Skipped: 0, Time elapsed: 0.069 s - in EOorg.EOeolang.[1mEOdirectly_accesses_objects_from_standard_rootTest[m
[[1;34mINFO[m] Running EOorg.EOeolang.[1mEOunderstands_this_correctlyTest[m
[[1;34mINFO[m] [1;32mTests run: [0;1;32m5[m, Failures: 0, Errors: 0, Skipped: 0, Time elapsed: 0.054 s - in EOorg.EOeolang.[1mEOadd_wrong_argsTest[m
[[1;34mINFO[m] Running EOorg.EOeolang.[1mEOnegative_infinity_not_gte_positive_infinityTest[m
[[1;34mINFO[m] [1;32mTests run: [0;1;32m4[m, Failures: 0, Errors: 0, Skipped: 0, Time elapsed: 0.068 s - in EOorg.EOeolang.[1mEOunderstands_this_correctlyTest[m
[[1;34mINFO[m] Running EOorg.EOeolang.[1mEOrecursion_without_argumentsTest[m
[[1;34mINFO[m] [1;32mTests run: [0;1;32m2[m, Failures: 0, Errors: 0, Skipped: 0, Time elapsed: 0.095 s - in EOorg.EOeolang.[1mEOlast_while_dataization_object_with_false_conditionTest[m
[[1;34mINFO[m] Running EOorg.EOeolang.[1mEOas_string_is_transparentTest[m
[[1;34mINFO[m] [1;32mTests run: [0;1;32m2[m, Failures: 0, Errors: 0, Skipped: 0, Time elapsed: 0.017 s - in EOorg.EOeolang.[1mEOas_string_is_transparentTest[m
[[1;34mINFO[m] [1;32mTests run: [0;1;32m4[m, Failures: 0, Errors: 0, Skipped: 0, Time elapsed: 0.24 s - in EOorg.EOeolang.[1mEOmallocs_do_not_overlapTest[m
[[1;34mINFO[m] Running EOorg.EOeolang.[1mEOlast_while_dataization_objectTest[m
[[1;34mINFO[m] Running EOorg.EOeolang.[1mEOzero_div_zero_as_bytes_is_equal_to_nan_as_bytesTest[m
[[1;34mINFO[m] [1;32mTests run: [0;1;32m1[m, Failures: 0, Errors: 0, Skipped: 0, Time elapsed: 0.07 s - in EOorg.EOeolang.[1mEOnegative_infinity_not_gte_positive_infinityTest[m
[[1;34mINFO[m] Running EOorg.EOeolang.[1mEOzero_eq_to_zeroTest[m
[[1;34mINFO[m] [1;32mTests run: [0;1;32m1[m, Failures: 0, Errors: 0, Skipped: 0, Time elapsed: 2.585 s - in org.eolang.[1mPhWithTest[m
[[1;34mINFO[m] [1;32mTests run: [0;1;32m1[m, Failures: 0, Errors: 0, Skipped: 0, Time elapsed: 0.169 s - in EOorg.EOeolang.[1mEOdataizes_encaged_object_lazily_thirdTest[m
[[1;34mINFO[m] [1;32mTests run: [0;1;32m1[m, Failures: 0, Errors: 0, Skipped: 0, Time elapsed: 0.029 s - in EOorg.EOeolang.[1mEOzero_div_zero_as_bytes_is_equal_to_nan_as_bytesTest[m
[[1;34mINFO[m] Running EOorg.EOeolang.[1mEOtimes_two_positivesTest[m
[[1;34mINFO[m] Running EOorg.EOeolang.[1mEOand_with_one_neg_one_plusTest[m
[[1;34mINFO[m] [1;32mTests run: [0;1;32m1[m, Failures: 0, Errors: 0, Skipped: 0, Time elapsed: 0.184 s - in EOorg.EOeolang.[1mEOincrements_pointerTest[m
[[1;34mINFO[m] Running org.eolang.[1mAtLoggedTest[m
[[1;34mINFO[m] Running EOorg.EOeolang.[1mEOto_bytes_and_backwardsTest[m
[[1;34mINFO[m] [1;32mTests run: [0;1;32m2[m, Failures: 0, Errors: 0, Skipped: 0, Time elapsed: 0.029 s - in EOorg.EOeolang.[1mEOtimes_two_positivesTest[m
[[1;34mINFO[m] Running EOorg.EOeolang.[1mEOand_neg_bytes_as_int_with_leading_zeroesTest[m
[[1;34mINFO[m] [1;32mTests run: [0;1;32m2[m, Failures: 0, Errors: 0, Skipped: 0, Time elapsed: 0.034 s - in EOorg.EOeolang.[1mEOand_with_one_neg_one_plusTest[m
[[1;34mINFO[m] Running EOorg.EOeolang.[1mEOpositive_float_times_positive_infinityTest[m
[[1;34mINFO[m] [1;32mTests run: [0;1;32m3[m, Failures: 0, Errors: 0, Skipped: 0, Time elapsed: 0.058 s - in EOorg.EOeolang.[1mEOto_bytes_and_backwardsTest[m
[[1;34mINFO[m] Running org.eolang.[1mUniverseDefaultTest[m
[[1;34mINFO[m] [1;32mTests run: [0;1;32m5[m, Failures: 0, Errors: 0, Skipped: 0, Time elapsed: 0.104 s - in EOorg.EOeolang.[1mEOzero_eq_to_zeroTest[m
[[1;34mINFO[m] Running org.eolang.[1mExprReduceTest[m
[34mINFO [0;39m mock -   test.get()...

[[1;34mINFO[m] [1;32mTests run: [0;1;32m3[m, Failures: 0, Errors: 0, Skipped: 0, Time elapsed: 0.084 s - in EOorg.EOeolang.[1mEOand_neg_bytes_as_int_with_leading_zeroesTest[m
[34mINFO [0;39m mock -   test.get()! -> 0

[[1;34mINFO[m] [1;32mTests run: [0;1;32m4[m, Failures: 0, Errors: 0, Skipped: 0, Time elapsed: 0.361 s - in EOorg.EOeolang.[1mEOminus_multiple_argsTest[m
[[1;34mINFO[m] Running EOorg.EOeolang.[1mEOor_with_two_negTest[m
[34mINFO [0;39m mock -   test.copy()...

[34mINFO [0;39m mock -   test.copy()!

[[1;34mINFO[m] Running EOorg.EOeolang.[1mEOxor_with_two_negTest[m
[34mINFO [0;39m mock -   test.put()...

[34mINFO [0;39m mock -   test.put()!

[[1;34mINFO[m] [1;32mTests run: [0;1;32m6[m, Failures: 0, Errors: 0, Skipped: 0, Time elapsed: 0.093 s - in EOorg.EOeolang.[1mEOpositive_float_times_positive_infinityTest[m
[[1;34mINFO[m] [1;32mTests run: [0;1;32m5[m, Failures: 0, Errors: 0, Skipped: 0, Time elapsed: 0.14 s - in org.eolang.[1mAtLoggedTest[m
[[1;34mINFO[m] [1mTests run: [0;1m0[m, Failures: 0, Errors: 0, Skipped: 0, Time elapsed: 0.348 s - in EOorg.EOeolang.EOio.[1mEOstdinTest[m
[[1;34mINFO[m] [1mTests run: [0;1m0[m, Failures: 0, Errors: 0, Skipped: 0, Time elapsed: 0.053 s - in org.eolang.[1mExprReduceTest[m
[[1;34mINFO[m] [1;32mTests run: [0;1;32m2[m, Failures: 0, Errors: 0, Skipped: 0, Time elapsed: 0.19 s - in EOorg.EOeolang.[1mEOlast_while_dataization_objectTest[m
[[1;34mINFO[m] [1;32mTests run: [0;1;32m5[m, Failures: 0, Errors: 0, Skipped: 0, Time elapsed: 0.041 s - in EOorg.EOeolang.[1mEOor_with_two_negTest[m
[[1;34mINFO[m] [1;32mTests run: [0;1;32m1[m, Failures: 0, Errors: 0, Skipped: 0, Time elapsed: 0.096 s - in org.eolang.[1mUniverseDefaultTest[m
[[1;34mINFO[m] [1;32mTests run: [0;1;32m3[m, Failures: 0, Errors: 0, Skipped: 0, Time elapsed: 0.042 s - in EOorg.EOeolang.[1mEOxor_with_two_negTest[m
[[1;34mINFO[m] [1;32mTests run: [0;1;32m4[m, Failures: 0, Errors: 0, Skipped: 0, Time elapsed: 0.31 s - in EOorg.EOeolang.[1mEOrecursion_without_argumentsTest[m
[[1;34mINFO[m] [1;32mTests run: [0;1;32m2[m, Failures: 0, Errors: 0, Skipped: 0, Time elapsed: 0.398 s - in org.eolang.[1mPhPackageTest[m
[[1;34mINFO[m] [1;32mTests run: [0;1;32m6[m, Failures: 0, Errors: 0, Skipped: 0, Time elapsed: 2.648 s - in org.eolang.[1mVerticesTest[m
[[1;34mINFO[m] [1;32mTests run: [0;1;32m1[m, Failures: 0, Errors: 0, Skipped: 0, Time elapsed: 3.102 s - in org.eolang.[1mMainTest[m
[[1;34mINFO[m] 
[[1;34mINFO[m] Results:
[[1;34mINFO[m] 
[[1;31mERROR[m] [1;31mErrors: [m
[[1;31mERROR[m] [1;31m  EOapplication_to_abstract_inside_tupleTest.works:66->PhDefault.attr:264 » ExFailure The object is at the line #466, position #14 within `?`[m
[[1;34mINFO[m] 
[[1;31mERROR[m] [1;31mTests run: 669, Failures: 0, Errors: 1, Skipped: 2[m
[[1;34mINFO[m] 
[[1;34mINFO[m] [1m------------------------------------------------------------------------[m
[[1;34mINFO[m] [1;31mBUILD FAILURE[m
[[1;34mINFO[m] [1m------------------------------------------------------------------------[m
[[1;34mINFO[m] Total time:  01:27 min
[[1;34mINFO[m] Finished at: 2023-10-02T12:46:22+03:00
[[1;34mINFO[m] [1m------------------------------------------------------------------------[m
[[1;31mERROR[m] Failed to execute goal [32morg.apache.maven.plugins:maven-surefire-plugin:3.1.0:test[m [1m(default-test)[m on project [36meo-runtime[m: [1;31m[m
[[1;31mERROR[m] [1;31m[m
[[1;31mERROR[m] [1;31mPlease refer to /home/tardis3/eo/eo-runtime/target/surefire-reports for the individual test results.[m
[[1;31mERROR[m] [1;31mPlease refer to dump files (if any exist) [date].dump, [date]-jvmRun[N].dump and [date].dumpstream.[m
[[1;31mERROR[m] -> [1m[Help 1][m
[[1;31mERROR[m] 
[[1;31mERROR[m] To see the full stack trace of the errors, re-run Maven with the [1m-e[m switch.
[[1;31mERROR[m] Re-run Maven using the [1m-X[m switch to enable full debug logging.
[[1;31mERROR[m] 
[[1;31mERROR[m] For more information about the errors and possible solutions, please read the following articles:
[[1;31mERROR[m] [1m[Help 1][m http://cwiki.apache.org/confluence/display/MAVEN/MojoFailureException
